<?xml version="1.0" encoding="UTF-8"?>
<!-- Generated by org.testng.reporters.JUnitReportReporter -->
<testsuite hostname="LPTIN-24Z3GG3" failures="8" tests="16" name="runner.StudentTestRunner7" time="2374.395" errors="2" timestamp="2023-07-25T13:21:09 IST" skipped="0">
  <testcase classname="runner.StudentTestRunner7" name="runScenario" time="137.376"/>
  <system-out/>
  <testcase classname="runner.StudentTestRunner7" name="runScenario" time="141.722"/>
  <system-out/>
  <testcase classname="runner.StudentTestRunner7" name="runScenario" time="118.541">
    <failure message="com.microsoft.playwright.PlaywrightException: Error {
  message=&#039;Target page, context or browser has been closed
  name=&#039;Error
  stack=&#039;Error: Target page, context or browser has been closed
    at DispatcherConnection.dispatch (C:\Users\SnehaV\AppData\Local\Temp\playwright-java-5360064984943992057\package\lib\server\dispatchers\dispatcher.js:232:49)
    at PipeTransport.transport.onmessage (C:\Users\SnehaV\AppData\Local\Temp\playwright-java-5360064984943992057\package\lib\cli\driver.js:50:57)
    at Immediate._onImmediate (C:\Users\SnehaV\AppData\Local\Temp\playwright-java-5360064984943992057\package\lib\protocol\transport.js:77:34)
    at processImmediate (node:internal/timers:466:21)
}
	at com.microsoft.playwright.impl.WaitableResult.get(WaitableResult.java:54)
	at com.microsoft.playwright.impl.ChannelOwner.runUntil(ChannelOwner.java:111)
	at com.microsoft.playwright.impl.Connection.sendMessage(Connection.java:119)
	at com.microsoft.playwright.impl.ChannelOwner.sendMessage(ChannelOwner.java:102)
	at com.microsoft.playwright.impl.PageImpl.screenshotImpl(PageImpl.java:1106)
	at com.microsoft.playwright.impl.PageImpl.lambda$screenshot$64(PageImpl.java:1050)
	at com.microsoft.playwright.impl.LoggingSupport.withLogging(LoggingSupport.java:47)
	at com.microsoft.playwright.impl.ChannelOwner.withLogging(ChannelOwner.java:87)
	at com.microsoft.playwright.impl.PageImpl.screenshot(PageImpl.java:1050)
	at genericFunctions.PlaywrightFactory.TakeScreenshot(PlaywrightFactory.java:144)
	at genericFunctions.BaseElement.click(BaseElement.java:71)
	at genericFunctions.Link.click(Link.java:14)
	at pages.StudentMainPage.SearchStudent(StudentMainPage.java:95)
	at Stepdefinitions.CommonSteps.user_search_for_student_under_student_tile(CommonSteps.java:93)
	at jdk.internal.reflect.GeneratedMethodAccessor75.invoke(Unknown Source)
	at java.base/jdk.internal.reflect.DelegatingMethodAccessorImpl.invoke(DelegatingMethodAccessorImpl.java:43)
	at java.base/java.lang.reflect.Method.invoke(Method.java:568)
	at io.cucumber.java.Invoker.doInvoke(Invoker.java:66)
	at io.cucumber.java.Invoker.invoke(Invoker.java:24)
	at io.cucumber.java.AbstractGlueDefinition.invokeMethod(AbstractGlueDefinition.java:47)
	at io.cucumber.java.JavaStepDefinition.execute(JavaStepDefinition.java:29)
	at io.cucumber.core.runner.CoreStepDefinition.execute(CoreStepDefinition.java:66)
	at io.cucumber.core.runner.PickleStepDefinitionMatch.runStep(PickleStepDefinitionMatch.java:63)
	at io.cucumber.core.runner.ExecutionMode$1.execute(ExecutionMode.java:10)
	at io.cucumber.core.runner.TestStep.executeStep(TestStep.java:92)
	at io.cucumber.core.runner.TestStep.run(TestStep.java:64)
	at io.cucumber.core.runner.PickleStepTestStep.run(PickleStepTestStep.java:51)
	at io.cucumber.core.runner.TestCase.run(TestCase.java:104)
	at io.cucumber.core.runner.Runner.runPickle(Runner.java:71)
	at io.cucumber.testng.TestNGCucumberRunner.lambda$runScenario$0(TestNGCucumberRunner.java:116)
	at io.cucumber.core.runtime.CucumberExecutionContext.runTestCase(CucumberExecutionContext.java:117)
	at io.cucumber.testng.TestNGCucumberRunner.runScenario(TestNGCucumberRunner.java:113)
	at io.cucumber.testng.AbstractTestNGCucumberTests.runScenario(AbstractTestNGCucumberTests.java:31)
	at jdk.internal.reflect.GeneratedMethodAccessor8.invoke(Unknown Source)
	at java.base/jdk.internal.reflect.DelegatingMethodAccessorImpl.invoke(DelegatingMethodAccessorImpl.java:43)
	at java.base/java.lang.reflect.Method.invoke(Method.java:568)
	at org.testng.internal.MethodInvocationHelper.invokeMethod(MethodInvocationHelper.java:133)
	at org.testng.internal.TestInvoker.invokeMethod(TestInvoker.java:598)
	at org.testng.internal.TestInvoker.invokeTestMethod(TestInvoker.java:173)
	at org.testng.internal.MethodRunner.runInSequence(MethodRunner.java:46)
	at org.testng.internal.TestInvoker$MethodInvocationAgent.invoke(TestInvoker.java:824)
	at org.testng.internal.TestInvoker.invokeTestMethods(TestInvoker.java:146)
	at org.testng.internal.TestMethodWorker.invokeTestMethods(TestMethodWorker.java:146)
	at org.testng.internal.TestMethodWorker.run(TestMethodWorker.java:128)
	at java.base/java.util.concurrent.ThreadPoolExecutor.runWorker(ThreadPoolExecutor.java:1136)
	at java.base/java.util.concurrent.ThreadPoolExecutor$Worker.run(ThreadPoolExecutor.java:635)
	at java.base/java.lang.Thread.run(Thread.java:833)
Caused by: com.microsoft.playwright.impl.DriverException: Error {
  message=&#039;Target page, context or browser has been closed
  name=&#039;Error
  stack=&#039;Error: Target page, context or browser has been closed
    at DispatcherConnection.dispatch (C:\Users\SnehaV\AppData\Local\Temp\playwright-java-5360064984943992057\package\lib\server\dispatchers\dispatcher.js:232:49)
    at PipeTransport.transport.onmessage (C:\Users\SnehaV\AppData\Local\Temp\playwright-java-5360064984943992057\package\lib\cli\driver.js:50:57)
    at Immediate._onImmediate (C:\Users\SnehaV\AppData\Local\Temp\playwright-java-5360064984943992057\package\lib\protocol\transport.js:77:34)
    at processImmediate (node:internal/timers:466:21)
}
	at com.microsoft.playwright.impl.Connection.dispatch(Connection.java:201)
	at com.microsoft.playwright.impl.Connection.processOneMessage(Connection.java:181)
	at com.microsoft.playwright.impl.ChannelOwner.runUntil(ChannelOwner.java:109)
	... 45 more
 expected [true] but found [false]" type="java.lang.AssertionError">
      <![CDATA[java.lang.AssertionError: com.microsoft.playwright.PlaywrightException: Error {
  message='Target page, context or browser has been closed
  name='Error
  stack='Error: Target page, context or browser has been closed
    at DispatcherConnection.dispatch (C:\Users\SnehaV\AppData\Local\Temp\playwright-java-5360064984943992057\package\lib\server\dispatchers\dispatcher.js:232:49)
    at PipeTransport.transport.onmessage (C:\Users\SnehaV\AppData\Local\Temp\playwright-java-5360064984943992057\package\lib\cli\driver.js:50:57)
    at Immediate._onImmediate (C:\Users\SnehaV\AppData\Local\Temp\playwright-java-5360064984943992057\package\lib\protocol\transport.js:77:34)
    at processImmediate (node:internal/timers:466:21)
}
at com.microsoft.playwright.impl.WaitableResult.get(WaitableResult.java:54)
at com.microsoft.playwright.impl.ChannelOwner.runUntil(ChannelOwner.java:111)
at com.microsoft.playwright.impl.Connection.sendMessage(Connection.java:119)
at com.microsoft.playwright.impl.ChannelOwner.sendMessage(ChannelOwner.java:102)
at com.microsoft.playwright.impl.PageImpl.screenshotImpl(PageImpl.java:1106)
at com.microsoft.playwright.impl.PageImpl.lambda$screenshot$64(PageImpl.java:1050)
at com.microsoft.playwright.impl.LoggingSupport.withLogging(LoggingSupport.java:47)
at com.microsoft.playwright.impl.ChannelOwner.withLogging(ChannelOwner.java:87)
at com.microsoft.playwright.impl.PageImpl.screenshot(PageImpl.java:1050)
at genericFunctions.PlaywrightFactory.TakeScreenshot(PlaywrightFactory.java:144)
at genericFunctions.BaseElement.click(BaseElement.java:71)
at genericFunctions.Link.click(Link.java:14)
at pages.StudentMainPage.SearchStudent(StudentMainPage.java:95)
at Stepdefinitions.CommonSteps.user_search_for_student_under_student_tile(CommonSteps.java:93)
at jdk.internal.reflect.GeneratedMethodAccessor75.invoke(Unknown Source)
at java.base/jdk.internal.reflect.DelegatingMethodAccessorImpl.invoke(DelegatingMethodAccessorImpl.java:43)
at java.base/java.lang.reflect.Method.invoke(Method.java:568)
at io.cucumber.java.Invoker.doInvoke(Invoker.java:66)
at io.cucumber.java.Invoker.invoke(Invoker.java:24)
at io.cucumber.java.AbstractGlueDefinition.invokeMethod(AbstractGlueDefinition.java:47)
at io.cucumber.java.JavaStepDefinition.execute(JavaStepDefinition.java:29)
at io.cucumber.core.runner.CoreStepDefinition.execute(CoreStepDefinition.java:66)
at io.cucumber.core.runner.PickleStepDefinitionMatch.runStep(PickleStepDefinitionMatch.java:63)
at io.cucumber.core.runner.ExecutionMode$1.execute(ExecutionMode.java:10)
at io.cucumber.core.runner.TestStep.executeStep(TestStep.java:92)
at io.cucumber.core.runner.TestStep.run(TestStep.java:64)
at io.cucumber.core.runner.PickleStepTestStep.run(PickleStepTestStep.java:51)
at io.cucumber.core.runner.TestCase.run(TestCase.java:104)
at io.cucumber.core.runner.Runner.runPickle(Runner.java:71)
at io.cucumber.testng.TestNGCucumberRunner.lambda$runScenario$0(TestNGCucumberRunner.java:116)
at io.cucumber.core.runtime.CucumberExecutionContext.runTestCase(CucumberExecutionContext.java:117)
at io.cucumber.testng.TestNGCucumberRunner.runScenario(TestNGCucumberRunner.java:113)
at io.cucumber.testng.AbstractTestNGCucumberTests.runScenario(AbstractTestNGCucumberTests.java:31)
at jdk.internal.reflect.GeneratedMethodAccessor8.invoke(Unknown Source)
at java.base/jdk.internal.reflect.DelegatingMethodAccessorImpl.invoke(DelegatingMethodAccessorImpl.java:43)
at java.base/java.lang.reflect.Method.invoke(Method.java:568)
at org.testng.internal.MethodInvocationHelper.invokeMethod(MethodInvocationHelper.java:133)
at org.testng.internal.TestInvoker.invokeMethod(TestInvoker.java:598)
at org.testng.internal.TestInvoker.invokeTestMethod(TestInvoker.java:173)
at org.testng.internal.MethodRunner.runInSequence(MethodRunner.java:46)
at org.testng.internal.TestInvoker$MethodInvocationAgent.invoke(TestInvoker.java:824)
at org.testng.internal.TestInvoker.invokeTestMethods(TestInvoker.java:146)
at org.testng.internal.TestMethodWorker.invokeTestMethods(TestMethodWorker.java:146)
at org.testng.internal.TestMethodWorker.run(TestMethodWorker.java:128)
at java.base/java.util.concurrent.ThreadPoolExecutor.runWorker(ThreadPoolExecutor.java:1136)
at java.base/java.util.concurrent.ThreadPoolExecutor$Worker.run(ThreadPoolExecutor.java:635)
at java.base/java.lang.Thread.run(Thread.java:833)
Caused by: com.microsoft.playwright.impl.DriverException: Error {
  message='Target page, context or browser has been closed
  name='Error
  stack='Error: Target page, context or browser has been closed
    at DispatcherConnection.dispatch (C:\Users\SnehaV\AppData\Local\Temp\playwright-java-5360064984943992057\package\lib\server\dispatchers\dispatcher.js:232:49)
    at PipeTransport.transport.onmessage (C:\Users\SnehaV\AppData\Local\Temp\playwright-java-5360064984943992057\package\lib\cli\driver.js:50:57)
    at Immediate._onImmediate (C:\Users\SnehaV\AppData\Local\Temp\playwright-java-5360064984943992057\package\lib\protocol\transport.js:77:34)
    at processImmediate (node:internal/timers:466:21)
}
at com.microsoft.playwright.impl.Connection.dispatch(Connection.java:201)
at com.microsoft.playwright.impl.Connection.processOneMessage(Connection.java:181)
at com.microsoft.playwright.impl.ChannelOwner.runUntil(ChannelOwner.java:109)
... 45 more
 expected [true] but found [false]
at org.testng.Assert.fail(Assert.java:99)
at org.testng.Assert.failNotEquals(Assert.java:1037)
at org.testng.Assert.assertTrue(Assert.java:45)
at Stepdefinitions.CommonSteps.user_search_for_student_under_student_tile(CommonSteps.java:97)
at ✽.User Search for student under student tile"1"(file:///C:/Users/SnehaV/Playrepo/PlayWrightBDD/src/test/resources/features/StudentTestCases7.feature:119)
]]>
    </failure>
  </testcase> <!-- runScenario -->
  <system-out/>
  <testcase classname="runner.StudentTestRunner7" name="runScenario" time="187.389">
    <failure message="expected:&lt;false&gt; but was:&lt;com.microsoft.playwright.TimeoutError: Error {
  message=&#039;Timeout 40000ms exceeded.
=========================== logs ===========================
waiting for locator(&quot;xpath=//span[text()=&#039;The Student Course records were successfully registered.&#039;]&quot;)
============================================================
  name=&#039;TimeoutError
  stack=&#039;TimeoutError: Timeout 40000ms exceeded.
=========================== logs ===========================
waiting for locator(&quot;xpath=//span[text()=&#039;The Student Course records were successfully registered.&#039;]&quot;)
============================================================
    at ProgressController.run (C:\Users\SnehaV\AppData\Local\Temp\playwright-java-5360064984943992057\package\lib\server\progress.js:88:26)
    at Frame._callOnElementOnceMatches (C:\Users\SnehaV\AppData\Local\Temp\playwright-java-5360064984943992057\package\lib\server\frames.js:1413:23)
    at Frame.textContent (C:\Users\SnehaV\AppData\Local\Temp\playwright-java-5360064984943992057\package\lib\server\frames.js:1079:17)
    at FrameDispatcher.textContent (C:\Users\SnehaV\AppData\Local\Temp\playwright-java-5360064984943992057\package\lib\server\dispatchers\frameDispatcher.js:170:37)
    at DispatcherConnection.dispatch (C:\Users\SnehaV\AppData\Local\Temp\playwright-java-5360064984943992057\package\lib\server\dispatchers\dispatcher.js:319:46)
}
	at com.microsoft.playwright.impl.WaitableResult.get(WaitableResult.java:52)
	at com.microsoft.playwright.impl.ChannelOwner.runUntil(ChannelOwner.java:111)
	at com.microsoft.playwright.impl.Connection.sendMessage(Connection.java:119)
	at com.microsoft.playwright.impl.ChannelOwner.sendMessage(ChannelOwner.java:102)
	at com.microsoft.playwright.impl.FrameImpl.textContentImpl(FrameImpl.java:822)
	at com.microsoft.playwright.impl.FrameImpl.lambda$textContent$38(FrameImpl.java:813)
	at com.microsoft.playwright.impl.LoggingSupport.withLogging(LoggingSupport.java:47)
	at com.microsoft.playwright.impl.ChannelOwner.withLogging(ChannelOwner.java:87)
	at com.microsoft.playwright.impl.FrameImpl.textContent(FrameImpl.java:813)
	at com.microsoft.playwright.impl.LocatorImpl.textContent(LocatorImpl.java:527)
	at com.microsoft.playwright.Locator.textContent(Locator.java:4695)
	at genericFunctions.BaseElement.getText(BaseElement.java:121)
	at pages.StudentMainPage.AddCoursetoStudent(StudentMainPage.java:2798)
	at Stepdefinitions.StudentSteps7.user_adds_a_course_to_a_student_s_schedule(StudentSteps7.java:181)
	at java.base/jdk.internal.reflect.NativeMethodAccessorImpl.invoke0(Native Method)
	at java.base/jdk.internal.reflect.NativeMethodAccessorImpl.invoke(NativeMethodAccessorImpl.java:77)
	at java.base/jdk.internal.reflect.DelegatingMethodAccessorImpl.invoke(DelegatingMethodAccessorImpl.java:43)
	at java.base/java.lang.reflect.Method.invoke(Method.java:568)
	at io.cucumber.java.Invoker.doInvoke(Invoker.java:66)
	at io.cucumber.java.Invoker.invoke(Invoker.java:24)
	at io.cucumber.java.AbstractGlueDefinition.invokeMethod(AbstractGlueDefinition.java:47)
	at io.cucumber.java.JavaStepDefinition.execute(JavaStepDefinition.java:29)
	at io.cucumber.core.runner.CoreStepDefinition.execute(CoreStepDefinition.java:66)
	at io.cucumber.core.runner.PickleStepDefinitionMatch.runStep(PickleStepDefinitionMatch.java:63)
	at io.cucumber.core.runner.ExecutionMode$1.execute(ExecutionMode.java:10)
	at io.cucumber.core.runner.TestStep.executeStep(TestStep.java:92)
	at io.cucumber.core.runner.TestStep.run(TestStep.java:64)
	at io.cucumber.core.runner.PickleStepTestStep.run(PickleStepTestStep.java:51)
	at io.cucumber.core.runner.TestCase.run(TestCase.java:104)
	at io.cucumber.core.runner.Runner.runPickle(Runner.java:71)
	at io.cucumber.testng.TestNGCucumberRunner.lambda$runScenario$0(TestNGCucumberRunner.java:116)
	at io.cucumber.core.runtime.CucumberExecutionContext.runTestCase(CucumberExecutionContext.java:117)
	at io.cucumber.testng.TestNGCucumberRunner.runScenario(TestNGCucumberRunner.java:113)
	at io.cucumber.testng.AbstractTestNGCucumberTests.runScenario(AbstractTestNGCucumberTests.java:31)
	at jdk.internal.reflect.GeneratedMethodAccessor8.invoke(Unknown Source)
	at java.base/jdk.internal.reflect.DelegatingMethodAccessorImpl.invoke(DelegatingMethodAccessorImpl.java:43)
	at java.base/java.lang.reflect.Method.invoke(Method.java:568)
	at org.testng.internal.MethodInvocationHelper.invokeMethod(MethodInvocationHelper.java:133)
	at org.testng.internal.TestInvoker.invokeMethod(TestInvoker.java:598)
	at org.testng.internal.TestInvoker.invokeTestMethod(TestInvoker.java:173)
	at org.testng.internal.MethodRunner.runInSequence(MethodRunner.java:46)
	at org.testng.internal.TestInvoker$MethodInvocationAgent.invoke(TestInvoker.java:824)
	at org.testng.internal.TestInvoker.invokeTestMethods(TestInvoker.java:146)
	at org.testng.internal.TestMethodWorker.invokeTestMethods(TestMethodWorker.java:146)
	at org.testng.internal.TestMethodWorker.run(TestMethodWorker.java:128)
	at java.base/java.util.concurrent.ThreadPoolExecutor.runWorker(ThreadPoolExecutor.java:1136)
	at java.base/java.util.concurrent.ThreadPoolExecutor$Worker.run(ThreadPoolExecutor.java:635)
	at java.base/java.lang.Thread.run(Thread.java:833)
Caused by: com.microsoft.playwright.TimeoutError: Error {
  message=&#039;Timeout 40000ms exceeded.
=========================== logs ===========================
waiting for locator(&quot;xpath=//span[text()=&#039;The Student Course records were successfully registered.&#039;]&quot;)
============================================================
  name=&#039;TimeoutError
  stack=&#039;TimeoutError: Timeout 40000ms exceeded.
=========================== logs ===========================
waiting for locator(&quot;xpath=//span[text()=&#039;The Student Course records were successfully registered.&#039;]&quot;)
============================================================
    at ProgressController.run (C:\Users\SnehaV\AppData\Local\Temp\playwright-java-5360064984943992057\package\lib\server\progress.js:88:26)
    at Frame._callOnElementOnceMatches (C:\Users\SnehaV\AppData\Local\Temp\playwright-java-5360064984943992057\package\lib\server\frames.js:1413:23)
    at Frame.textContent (C:\Users\SnehaV\AppData\Local\Temp\playwright-java-5360064984943992057\package\lib\server\frames.js:1079:17)
    at FrameDispatcher.textContent (C:\Users\SnehaV\AppData\Local\Temp\playwright-java-5360064984943992057\package\lib\server\dispatchers\frameDispatcher.js:170:37)
    at DispatcherConnection.dispatch (C:\Users\SnehaV\AppData\Local\Temp\playwright-java-5360064984943992057\package\lib\server\dispatchers\dispatcher.js:319:46)
}
	at com.microsoft.playwright.impl.Connection.dispatch(Connection.java:199)
	at com.microsoft.playwright.impl.Connection.processOneMessage(Connection.java:181)
	at com.microsoft.playwright.impl.ChannelOwner.runUntil(ChannelOwner.java:109)
	... 46 more
&gt;" type="java.lang.AssertionError">
      <![CDATA[java.lang.AssertionError: expected:<false> but was:<com.microsoft.playwright.TimeoutError: Error {
  message='Timeout 40000ms exceeded.
=========================== logs ===========================
waiting for locator("xpath=//span[text()='The Student Course records were successfully registered.']")
============================================================
  name='TimeoutError
  stack='TimeoutError: Timeout 40000ms exceeded.
=========================== logs ===========================
waiting for locator("xpath=//span[text()='The Student Course records were successfully registered.']")
============================================================
    at ProgressController.run (C:\Users\SnehaV\AppData\Local\Temp\playwright-java-5360064984943992057\package\lib\server\progress.js:88:26)
    at Frame._callOnElementOnceMatches (C:\Users\SnehaV\AppData\Local\Temp\playwright-java-5360064984943992057\package\lib\server\frames.js:1413:23)
    at Frame.textContent (C:\Users\SnehaV\AppData\Local\Temp\playwright-java-5360064984943992057\package\lib\server\frames.js:1079:17)
    at FrameDispatcher.textContent (C:\Users\SnehaV\AppData\Local\Temp\playwright-java-5360064984943992057\package\lib\server\dispatchers\frameDispatcher.js:170:37)
    at DispatcherConnection.dispatch (C:\Users\SnehaV\AppData\Local\Temp\playwright-java-5360064984943992057\package\lib\server\dispatchers\dispatcher.js:319:46)
}
at com.microsoft.playwright.impl.WaitableResult.get(WaitableResult.java:52)
at com.microsoft.playwright.impl.ChannelOwner.runUntil(ChannelOwner.java:111)
at com.microsoft.playwright.impl.Connection.sendMessage(Connection.java:119)
at com.microsoft.playwright.impl.ChannelOwner.sendMessage(ChannelOwner.java:102)
at com.microsoft.playwright.impl.FrameImpl.textContentImpl(FrameImpl.java:822)
at com.microsoft.playwright.impl.FrameImpl.lambda$textContent$38(FrameImpl.java:813)
at com.microsoft.playwright.impl.LoggingSupport.withLogging(LoggingSupport.java:47)
at com.microsoft.playwright.impl.ChannelOwner.withLogging(ChannelOwner.java:87)
at com.microsoft.playwright.impl.FrameImpl.textContent(FrameImpl.java:813)
at com.microsoft.playwright.impl.LocatorImpl.textContent(LocatorImpl.java:527)
at com.microsoft.playwright.Locator.textContent(Locator.java:4695)
at genericFunctions.BaseElement.getText(BaseElement.java:121)
at pages.StudentMainPage.AddCoursetoStudent(StudentMainPage.java:2798)
at Stepdefinitions.StudentSteps7.user_adds_a_course_to_a_student_s_schedule(StudentSteps7.java:181)
at java.base/jdk.internal.reflect.NativeMethodAccessorImpl.invoke0(Native Method)
at java.base/jdk.internal.reflect.NativeMethodAccessorImpl.invoke(NativeMethodAccessorImpl.java:77)
at java.base/jdk.internal.reflect.DelegatingMethodAccessorImpl.invoke(DelegatingMethodAccessorImpl.java:43)
at java.base/java.lang.reflect.Method.invoke(Method.java:568)
at io.cucumber.java.Invoker.doInvoke(Invoker.java:66)
at io.cucumber.java.Invoker.invoke(Invoker.java:24)
at io.cucumber.java.AbstractGlueDefinition.invokeMethod(AbstractGlueDefinition.java:47)
at io.cucumber.java.JavaStepDefinition.execute(JavaStepDefinition.java:29)
at io.cucumber.core.runner.CoreStepDefinition.execute(CoreStepDefinition.java:66)
at io.cucumber.core.runner.PickleStepDefinitionMatch.runStep(PickleStepDefinitionMatch.java:63)
at io.cucumber.core.runner.ExecutionMode$1.execute(ExecutionMode.java:10)
at io.cucumber.core.runner.TestStep.executeStep(TestStep.java:92)
at io.cucumber.core.runner.TestStep.run(TestStep.java:64)
at io.cucumber.core.runner.PickleStepTestStep.run(PickleStepTestStep.java:51)
at io.cucumber.core.runner.TestCase.run(TestCase.java:104)
at io.cucumber.core.runner.Runner.runPickle(Runner.java:71)
at io.cucumber.testng.TestNGCucumberRunner.lambda$runScenario$0(TestNGCucumberRunner.java:116)
at io.cucumber.core.runtime.CucumberExecutionContext.runTestCase(CucumberExecutionContext.java:117)
at io.cucumber.testng.TestNGCucumberRunner.runScenario(TestNGCucumberRunner.java:113)
at io.cucumber.testng.AbstractTestNGCucumberTests.runScenario(AbstractTestNGCucumberTests.java:31)
at jdk.internal.reflect.GeneratedMethodAccessor8.invoke(Unknown Source)
at java.base/jdk.internal.reflect.DelegatingMethodAccessorImpl.invoke(DelegatingMethodAccessorImpl.java:43)
at java.base/java.lang.reflect.Method.invoke(Method.java:568)
at org.testng.internal.MethodInvocationHelper.invokeMethod(MethodInvocationHelper.java:133)
at org.testng.internal.TestInvoker.invokeMethod(TestInvoker.java:598)
at org.testng.internal.TestInvoker.invokeTestMethod(TestInvoker.java:173)
at org.testng.internal.MethodRunner.runInSequence(MethodRunner.java:46)
at org.testng.internal.TestInvoker$MethodInvocationAgent.invoke(TestInvoker.java:824)
at org.testng.internal.TestInvoker.invokeTestMethods(TestInvoker.java:146)
at org.testng.internal.TestMethodWorker.invokeTestMethods(TestMethodWorker.java:146)
at org.testng.internal.TestMethodWorker.run(TestMethodWorker.java:128)
at java.base/java.util.concurrent.ThreadPoolExecutor.runWorker(ThreadPoolExecutor.java:1136)
at java.base/java.util.concurrent.ThreadPoolExecutor$Worker.run(ThreadPoolExecutor.java:635)
at java.base/java.lang.Thread.run(Thread.java:833)
Caused by: com.microsoft.playwright.TimeoutError: Error {
  message='Timeout 40000ms exceeded.
=========================== logs ===========================
waiting for locator("xpath=//span[text()='The Student Course records were successfully registered.']")
============================================================
  name='TimeoutError
  stack='TimeoutError: Timeout 40000ms exceeded.
=========================== logs ===========================
waiting for locator("xpath=//span[text()='The Student Course records were successfully registered.']")
============================================================
    at ProgressController.run (C:\Users\SnehaV\AppData\Local\Temp\playwright-java-5360064984943992057\package\lib\server\progress.js:88:26)
    at Frame._callOnElementOnceMatches (C:\Users\SnehaV\AppData\Local\Temp\playwright-java-5360064984943992057\package\lib\server\frames.js:1413:23)
    at Frame.textContent (C:\Users\SnehaV\AppData\Local\Temp\playwright-java-5360064984943992057\package\lib\server\frames.js:1079:17)
    at FrameDispatcher.textContent (C:\Users\SnehaV\AppData\Local\Temp\playwright-java-5360064984943992057\package\lib\server\dispatchers\frameDispatcher.js:170:37)
    at DispatcherConnection.dispatch (C:\Users\SnehaV\AppData\Local\Temp\playwright-java-5360064984943992057\package\lib\server\dispatchers\dispatcher.js:319:46)
}
at com.microsoft.playwright.impl.Connection.dispatch(Connection.java:199)
at com.microsoft.playwright.impl.Connection.processOneMessage(Connection.java:181)
at com.microsoft.playwright.impl.ChannelOwner.runUntil(ChannelOwner.java:109)
... 46 more
>
at org.testng.AssertJUnit.fail(AssertJUnit.java:65)
at org.testng.AssertJUnit.failNotEquals(AssertJUnit.java:468)
at org.testng.AssertJUnit.assertEquals(AssertJUnit.java:88)
at org.testng.AssertJUnit.assertEquals(AssertJUnit.java:98)
at Stepdefinitions.StudentSteps7.user_adds_a_course_to_a_student_s_schedule(StudentSteps7.java:188)
at ✽.User adds a course to a student's schedule"1"(file:///C:/Users/SnehaV/Playrepo/PlayWrightBDD/src/test/resources/features/StudentTestCases7.feature:69)
]]>
    </failure>
  </testcase> <!-- runScenario -->
  <system-out/>
  <testcase classname="runner.StudentTestRunner7" name="runScenario" time="164.622">
    <failure message="expected:&lt;false&gt; but was:&lt;com.microsoft.playwright.PlaywrightException: Error {
  message=&#039;Target page, context or browser has been closed
  name=&#039;Error
  stack=&#039;Error: Target page, context or browser has been closed
    at DispatcherConnection.dispatch (C:\Users\SnehaV\AppData\Local\Temp\playwright-java-5360064984943992057\package\lib\server\dispatchers\dispatcher.js:232:49)
    at PipeTransport.transport.onmessage (C:\Users\SnehaV\AppData\Local\Temp\playwright-java-5360064984943992057\package\lib\cli\driver.js:50:57)
    at Immediate._onImmediate (C:\Users\SnehaV\AppData\Local\Temp\playwright-java-5360064984943992057\package\lib\protocol\transport.js:77:34)
    at processImmediate (node:internal/timers:466:21)
}
	at com.microsoft.playwright.impl.WaitableResult.get(WaitableResult.java:54)
	at com.microsoft.playwright.impl.ChannelOwner.runUntil(ChannelOwner.java:111)
	at com.microsoft.playwright.impl.Connection.sendMessage(Connection.java:119)
	at com.microsoft.playwright.impl.ChannelOwner.sendMessage(ChannelOwner.java:102)
	at com.microsoft.playwright.impl.PageImpl.screenshotImpl(PageImpl.java:1106)
	at com.microsoft.playwright.impl.PageImpl.lambda$screenshot$64(PageImpl.java:1050)
	at com.microsoft.playwright.impl.LoggingSupport.withLogging(LoggingSupport.java:47)
	at com.microsoft.playwright.impl.ChannelOwner.withLogging(ChannelOwner.java:87)
	at com.microsoft.playwright.impl.PageImpl.screenshot(PageImpl.java:1050)
	at genericFunctions.PlaywrightFactory.TakeScreenshot(PlaywrightFactory.java:144)
	at genericFunctions.BaseElement.click(BaseElement.java:71)
	at genericFunctions.Link.click(Link.java:14)
	at pages.StudentMainPage.UnregisterCourse(StudentMainPage.java:2903)
	at Stepdefinitions.StudentSteps7.unregister_a_course_from_a_student_s_schedule(StudentSteps7.java:221)
	at java.base/jdk.internal.reflect.NativeMethodAccessorImpl.invoke0(Native Method)
	at java.base/jdk.internal.reflect.NativeMethodAccessorImpl.invoke(NativeMethodAccessorImpl.java:77)
	at java.base/jdk.internal.reflect.DelegatingMethodAccessorImpl.invoke(DelegatingMethodAccessorImpl.java:43)
	at java.base/java.lang.reflect.Method.invoke(Method.java:568)
	at io.cucumber.java.Invoker.doInvoke(Invoker.java:66)
	at io.cucumber.java.Invoker.invoke(Invoker.java:24)
	at io.cucumber.java.AbstractGlueDefinition.invokeMethod(AbstractGlueDefinition.java:47)
	at io.cucumber.java.JavaStepDefinition.execute(JavaStepDefinition.java:29)
	at io.cucumber.core.runner.CoreStepDefinition.execute(CoreStepDefinition.java:66)
	at io.cucumber.core.runner.PickleStepDefinitionMatch.runStep(PickleStepDefinitionMatch.java:63)
	at io.cucumber.core.runner.ExecutionMode$1.execute(ExecutionMode.java:10)
	at io.cucumber.core.runner.TestStep.executeStep(TestStep.java:92)
	at io.cucumber.core.runner.TestStep.run(TestStep.java:64)
	at io.cucumber.core.runner.PickleStepTestStep.run(PickleStepTestStep.java:51)
	at io.cucumber.core.runner.TestCase.run(TestCase.java:104)
	at io.cucumber.core.runner.Runner.runPickle(Runner.java:71)
	at io.cucumber.testng.TestNGCucumberRunner.lambda$runScenario$0(TestNGCucumberRunner.java:116)
	at io.cucumber.core.runtime.CucumberExecutionContext.runTestCase(CucumberExecutionContext.java:117)
	at io.cucumber.testng.TestNGCucumberRunner.runScenario(TestNGCucumberRunner.java:113)
	at io.cucumber.testng.AbstractTestNGCucumberTests.runScenario(AbstractTestNGCucumberTests.java:31)
	at jdk.internal.reflect.GeneratedMethodAccessor8.invoke(Unknown Source)
	at java.base/jdk.internal.reflect.DelegatingMethodAccessorImpl.invoke(DelegatingMethodAccessorImpl.java:43)
	at java.base/java.lang.reflect.Method.invoke(Method.java:568)
	at org.testng.internal.MethodInvocationHelper.invokeMethod(MethodInvocationHelper.java:133)
	at org.testng.internal.TestInvoker.invokeMethod(TestInvoker.java:598)
	at org.testng.internal.TestInvoker.invokeTestMethod(TestInvoker.java:173)
	at org.testng.internal.MethodRunner.runInSequence(MethodRunner.java:46)
	at org.testng.internal.TestInvoker$MethodInvocationAgent.invoke(TestInvoker.java:824)
	at org.testng.internal.TestInvoker.invokeTestMethods(TestInvoker.java:146)
	at org.testng.internal.TestMethodWorker.invokeTestMethods(TestMethodWorker.java:146)
	at org.testng.internal.TestMethodWorker.run(TestMethodWorker.java:128)
	at java.base/java.util.concurrent.ThreadPoolExecutor.runWorker(ThreadPoolExecutor.java:1136)
	at java.base/java.util.concurrent.ThreadPoolExecutor$Worker.run(ThreadPoolExecutor.java:635)
	at java.base/java.lang.Thread.run(Thread.java:833)
Caused by: com.microsoft.playwright.impl.DriverException: Error {
  message=&#039;Target page, context or browser has been closed
  name=&#039;Error
  stack=&#039;Error: Target page, context or browser has been closed
    at DispatcherConnection.dispatch (C:\Users\SnehaV\AppData\Local\Temp\playwright-java-5360064984943992057\package\lib\server\dispatchers\dispatcher.js:232:49)
    at PipeTransport.transport.onmessage (C:\Users\SnehaV\AppData\Local\Temp\playwright-java-5360064984943992057\package\lib\cli\driver.js:50:57)
    at Immediate._onImmediate (C:\Users\SnehaV\AppData\Local\Temp\playwright-java-5360064984943992057\package\lib\protocol\transport.js:77:34)
    at processImmediate (node:internal/timers:466:21)
}
	at com.microsoft.playwright.impl.Connection.dispatch(Connection.java:201)
	at com.microsoft.playwright.impl.Connection.processOneMessage(Connection.java:181)
	at com.microsoft.playwright.impl.ChannelOwner.runUntil(ChannelOwner.java:109)
	... 46 more
&gt;" type="java.lang.AssertionError">
      <![CDATA[java.lang.AssertionError: expected:<false> but was:<com.microsoft.playwright.PlaywrightException: Error {
  message='Target page, context or browser has been closed
  name='Error
  stack='Error: Target page, context or browser has been closed
    at DispatcherConnection.dispatch (C:\Users\SnehaV\AppData\Local\Temp\playwright-java-5360064984943992057\package\lib\server\dispatchers\dispatcher.js:232:49)
    at PipeTransport.transport.onmessage (C:\Users\SnehaV\AppData\Local\Temp\playwright-java-5360064984943992057\package\lib\cli\driver.js:50:57)
    at Immediate._onImmediate (C:\Users\SnehaV\AppData\Local\Temp\playwright-java-5360064984943992057\package\lib\protocol\transport.js:77:34)
    at processImmediate (node:internal/timers:466:21)
}
at com.microsoft.playwright.impl.WaitableResult.get(WaitableResult.java:54)
at com.microsoft.playwright.impl.ChannelOwner.runUntil(ChannelOwner.java:111)
at com.microsoft.playwright.impl.Connection.sendMessage(Connection.java:119)
at com.microsoft.playwright.impl.ChannelOwner.sendMessage(ChannelOwner.java:102)
at com.microsoft.playwright.impl.PageImpl.screenshotImpl(PageImpl.java:1106)
at com.microsoft.playwright.impl.PageImpl.lambda$screenshot$64(PageImpl.java:1050)
at com.microsoft.playwright.impl.LoggingSupport.withLogging(LoggingSupport.java:47)
at com.microsoft.playwright.impl.ChannelOwner.withLogging(ChannelOwner.java:87)
at com.microsoft.playwright.impl.PageImpl.screenshot(PageImpl.java:1050)
at genericFunctions.PlaywrightFactory.TakeScreenshot(PlaywrightFactory.java:144)
at genericFunctions.BaseElement.click(BaseElement.java:71)
at genericFunctions.Link.click(Link.java:14)
at pages.StudentMainPage.UnregisterCourse(StudentMainPage.java:2903)
at Stepdefinitions.StudentSteps7.unregister_a_course_from_a_student_s_schedule(StudentSteps7.java:221)
at java.base/jdk.internal.reflect.NativeMethodAccessorImpl.invoke0(Native Method)
at java.base/jdk.internal.reflect.NativeMethodAccessorImpl.invoke(NativeMethodAccessorImpl.java:77)
at java.base/jdk.internal.reflect.DelegatingMethodAccessorImpl.invoke(DelegatingMethodAccessorImpl.java:43)
at java.base/java.lang.reflect.Method.invoke(Method.java:568)
at io.cucumber.java.Invoker.doInvoke(Invoker.java:66)
at io.cucumber.java.Invoker.invoke(Invoker.java:24)
at io.cucumber.java.AbstractGlueDefinition.invokeMethod(AbstractGlueDefinition.java:47)
at io.cucumber.java.JavaStepDefinition.execute(JavaStepDefinition.java:29)
at io.cucumber.core.runner.CoreStepDefinition.execute(CoreStepDefinition.java:66)
at io.cucumber.core.runner.PickleStepDefinitionMatch.runStep(PickleStepDefinitionMatch.java:63)
at io.cucumber.core.runner.ExecutionMode$1.execute(ExecutionMode.java:10)
at io.cucumber.core.runner.TestStep.executeStep(TestStep.java:92)
at io.cucumber.core.runner.TestStep.run(TestStep.java:64)
at io.cucumber.core.runner.PickleStepTestStep.run(PickleStepTestStep.java:51)
at io.cucumber.core.runner.TestCase.run(TestCase.java:104)
at io.cucumber.core.runner.Runner.runPickle(Runner.java:71)
at io.cucumber.testng.TestNGCucumberRunner.lambda$runScenario$0(TestNGCucumberRunner.java:116)
at io.cucumber.core.runtime.CucumberExecutionContext.runTestCase(CucumberExecutionContext.java:117)
at io.cucumber.testng.TestNGCucumberRunner.runScenario(TestNGCucumberRunner.java:113)
at io.cucumber.testng.AbstractTestNGCucumberTests.runScenario(AbstractTestNGCucumberTests.java:31)
at jdk.internal.reflect.GeneratedMethodAccessor8.invoke(Unknown Source)
at java.base/jdk.internal.reflect.DelegatingMethodAccessorImpl.invoke(DelegatingMethodAccessorImpl.java:43)
at java.base/java.lang.reflect.Method.invoke(Method.java:568)
at org.testng.internal.MethodInvocationHelper.invokeMethod(MethodInvocationHelper.java:133)
at org.testng.internal.TestInvoker.invokeMethod(TestInvoker.java:598)
at org.testng.internal.TestInvoker.invokeTestMethod(TestInvoker.java:173)
at org.testng.internal.MethodRunner.runInSequence(MethodRunner.java:46)
at org.testng.internal.TestInvoker$MethodInvocationAgent.invoke(TestInvoker.java:824)
at org.testng.internal.TestInvoker.invokeTestMethods(TestInvoker.java:146)
at org.testng.internal.TestMethodWorker.invokeTestMethods(TestMethodWorker.java:146)
at org.testng.internal.TestMethodWorker.run(TestMethodWorker.java:128)
at java.base/java.util.concurrent.ThreadPoolExecutor.runWorker(ThreadPoolExecutor.java:1136)
at java.base/java.util.concurrent.ThreadPoolExecutor$Worker.run(ThreadPoolExecutor.java:635)
at java.base/java.lang.Thread.run(Thread.java:833)
Caused by: com.microsoft.playwright.impl.DriverException: Error {
  message='Target page, context or browser has been closed
  name='Error
  stack='Error: Target page, context or browser has been closed
    at DispatcherConnection.dispatch (C:\Users\SnehaV\AppData\Local\Temp\playwright-java-5360064984943992057\package\lib\server\dispatchers\dispatcher.js:232:49)
    at PipeTransport.transport.onmessage (C:\Users\SnehaV\AppData\Local\Temp\playwright-java-5360064984943992057\package\lib\cli\driver.js:50:57)
    at Immediate._onImmediate (C:\Users\SnehaV\AppData\Local\Temp\playwright-java-5360064984943992057\package\lib\protocol\transport.js:77:34)
    at processImmediate (node:internal/timers:466:21)
}
at com.microsoft.playwright.impl.Connection.dispatch(Connection.java:201)
at com.microsoft.playwright.impl.Connection.processOneMessage(Connection.java:181)
at com.microsoft.playwright.impl.ChannelOwner.runUntil(ChannelOwner.java:109)
... 46 more
>
at org.testng.AssertJUnit.fail(AssertJUnit.java:65)
at org.testng.AssertJUnit.failNotEquals(AssertJUnit.java:468)
at org.testng.AssertJUnit.assertEquals(AssertJUnit.java:88)
at org.testng.AssertJUnit.assertEquals(AssertJUnit.java:98)
at Stepdefinitions.StudentSteps7.unregister_a_course_from_a_student_s_schedule(StudentSteps7.java:228)
at ✽.Unregister a course from a student's schedule"1"(file:///C:/Users/SnehaV/Playrepo/PlayWrightBDD/src/test/resources/features/StudentTestCases7.feature:95)
]]>
    </failure>
  </testcase> <!-- runScenario -->
  <system-out/>
  <testcase classname="runner.StudentTestRunner7" name="runScenario" time="163.841">
    <failure message="expected:&lt;Batch Unregister 07/25/2023 12:56 PM Succeeded 5 Succeeded&gt; but was:&lt;Makeup hours already exists for the specified date. Select another date.&gt;" type="java.lang.AssertionError">
      <![CDATA[java.lang.AssertionError: expected:<Batch Unregister 07/25/2023 12:56 PM Succeeded 5 Succeeded> but was:<Makeup hours already exists for the specified date. Select another date.>
at org.testng.AssertJUnit.fail(AssertJUnit.java:65)
at org.testng.AssertJUnit.failNotEquals(AssertJUnit.java:468)
at org.testng.AssertJUnit.assertEquals(AssertJUnit.java:88)
at org.testng.AssertJUnit.assertEquals(AssertJUnit.java:98)
at pages.StudentMainPage.RecordMakeupHourForStudent(StudentMainPage.java:2874)
at Stepdefinitions.StudentSteps7.user_records_make_up_hours_for_a_student(StudentSteps7.java:200)
at ✽.User Records make up hours for a student"1"(file:///C:/Users/SnehaV/Playrepo/PlayWrightBDD/src/test/resources/features/StudentTestCases7.feature:82)
]]>
    </failure>
  </testcase> <!-- runScenario -->
  <system-out/>
  <testcase classname="runner.StudentTestRunner7" name="runScenario" time="86.735"/>
  <system-out/>
  <testcase classname="runner.StudentTestRunner7" name="runScenario" time="224.141"/>
  <system-out/>
  <testcase classname="runner.StudentTestRunner7" name="runScenario" time="138.037">
    <failure message="expected:&lt;false&gt; but was:&lt;com.microsoft.playwright.PlaywrightException: Error {
  message=&#039;Target page, context or browser has been closed
  name=&#039;Error
  stack=&#039;Error: Target page, context or browser has been closed
    at DispatcherConnection.dispatch (C:\Users\SnehaV\AppData\Local\Temp\playwright-java-5360064984943992057\package\lib\server\dispatchers\dispatcher.js:232:49)
    at PipeTransport.transport.onmessage (C:\Users\SnehaV\AppData\Local\Temp\playwright-java-5360064984943992057\package\lib\cli\driver.js:50:57)
    at Immediate._onImmediate (C:\Users\SnehaV\AppData\Local\Temp\playwright-java-5360064984943992057\package\lib\protocol\transport.js:77:34)
    at processImmediate (node:internal/timers:466:21)
}
	at com.microsoft.playwright.impl.WaitableResult.get(WaitableResult.java:54)
	at com.microsoft.playwright.impl.ChannelOwner.runUntil(ChannelOwner.java:111)
	at com.microsoft.playwright.impl.Connection.sendMessage(Connection.java:119)
	at com.microsoft.playwright.impl.ChannelOwner.sendMessage(ChannelOwner.java:102)
	at com.microsoft.playwright.impl.PageImpl.screenshotImpl(PageImpl.java:1106)
	at com.microsoft.playwright.impl.PageImpl.lambda$screenshot$64(PageImpl.java:1050)
	at com.microsoft.playwright.impl.LoggingSupport.withLogging(LoggingSupport.java:47)
	at com.microsoft.playwright.impl.ChannelOwner.withLogging(ChannelOwner.java:87)
	at com.microsoft.playwright.impl.PageImpl.screenshot(PageImpl.java:1050)
	at genericFunctions.PlaywrightFactory.TakeScreenshot(PlaywrightFactory.java:144)
	at genericFunctions.BaseElement.click(BaseElement.java:71)
	at genericFunctions.Button.click(Button.java:14)
	at pages.StudentConfigurationPage.AddNewEmployer(StudentConfigurationPage.java:613)
	at Stepdefinitions.StudentSteps7.user_validate_the_ability_to_add_new_employers(StudentSteps7.java:415)
	at java.base/jdk.internal.reflect.NativeMethodAccessorImpl.invoke0(Native Method)
	at java.base/jdk.internal.reflect.NativeMethodAccessorImpl.invoke(NativeMethodAccessorImpl.java:77)
	at java.base/jdk.internal.reflect.DelegatingMethodAccessorImpl.invoke(DelegatingMethodAccessorImpl.java:43)
	at java.base/java.lang.reflect.Method.invoke(Method.java:568)
	at io.cucumber.java.Invoker.doInvoke(Invoker.java:66)
	at io.cucumber.java.Invoker.invoke(Invoker.java:24)
	at io.cucumber.java.AbstractGlueDefinition.invokeMethod(AbstractGlueDefinition.java:47)
	at io.cucumber.java.JavaStepDefinition.execute(JavaStepDefinition.java:29)
	at io.cucumber.core.runner.CoreStepDefinition.execute(CoreStepDefinition.java:66)
	at io.cucumber.core.runner.PickleStepDefinitionMatch.runStep(PickleStepDefinitionMatch.java:63)
	at io.cucumber.core.runner.ExecutionMode$1.execute(ExecutionMode.java:10)
	at io.cucumber.core.runner.TestStep.executeStep(TestStep.java:92)
	at io.cucumber.core.runner.TestStep.run(TestStep.java:64)
	at io.cucumber.core.runner.PickleStepTestStep.run(PickleStepTestStep.java:51)
	at io.cucumber.core.runner.TestCase.run(TestCase.java:104)
	at io.cucumber.core.runner.Runner.runPickle(Runner.java:71)
	at io.cucumber.testng.TestNGCucumberRunner.lambda$runScenario$0(TestNGCucumberRunner.java:116)
	at io.cucumber.core.runtime.CucumberExecutionContext.runTestCase(CucumberExecutionContext.java:117)
	at io.cucumber.testng.TestNGCucumberRunner.runScenario(TestNGCucumberRunner.java:113)
	at io.cucumber.testng.AbstractTestNGCucumberTests.runScenario(AbstractTestNGCucumberTests.java:31)
	at jdk.internal.reflect.GeneratedMethodAccessor8.invoke(Unknown Source)
	at java.base/jdk.internal.reflect.DelegatingMethodAccessorImpl.invoke(DelegatingMethodAccessorImpl.java:43)
	at java.base/java.lang.reflect.Method.invoke(Method.java:568)
	at org.testng.internal.MethodInvocationHelper.invokeMethod(MethodInvocationHelper.java:133)
	at org.testng.internal.TestInvoker.invokeMethod(TestInvoker.java:598)
	at org.testng.internal.TestInvoker.invokeTestMethod(TestInvoker.java:173)
	at org.testng.internal.MethodRunner.runInSequence(MethodRunner.java:46)
	at org.testng.internal.TestInvoker$MethodInvocationAgent.invoke(TestInvoker.java:824)
	at org.testng.internal.TestInvoker.invokeTestMethods(TestInvoker.java:146)
	at org.testng.internal.TestMethodWorker.invokeTestMethods(TestMethodWorker.java:146)
	at org.testng.internal.TestMethodWorker.run(TestMethodWorker.java:128)
	at java.base/java.util.concurrent.ThreadPoolExecutor.runWorker(ThreadPoolExecutor.java:1136)
	at java.base/java.util.concurrent.ThreadPoolExecutor$Worker.run(ThreadPoolExecutor.java:635)
	at java.base/java.lang.Thread.run(Thread.java:833)
Caused by: com.microsoft.playwright.impl.DriverException: Error {
  message=&#039;Target page, context or browser has been closed
  name=&#039;Error
  stack=&#039;Error: Target page, context or browser has been closed
    at DispatcherConnection.dispatch (C:\Users\SnehaV\AppData\Local\Temp\playwright-java-5360064984943992057\package\lib\server\dispatchers\dispatcher.js:232:49)
    at PipeTransport.transport.onmessage (C:\Users\SnehaV\AppData\Local\Temp\playwright-java-5360064984943992057\package\lib\cli\driver.js:50:57)
    at Immediate._onImmediate (C:\Users\SnehaV\AppData\Local\Temp\playwright-java-5360064984943992057\package\lib\protocol\transport.js:77:34)
    at processImmediate (node:internal/timers:466:21)
}
	at com.microsoft.playwright.impl.Connection.dispatch(Connection.java:201)
	at com.microsoft.playwright.impl.Connection.processOneMessage(Connection.java:181)
	at com.microsoft.playwright.impl.ChannelOwner.runUntil(ChannelOwner.java:109)
	... 46 more
&gt;" type="java.lang.AssertionError">
      <![CDATA[java.lang.AssertionError: expected:<false> but was:<com.microsoft.playwright.PlaywrightException: Error {
  message='Target page, context or browser has been closed
  name='Error
  stack='Error: Target page, context or browser has been closed
    at DispatcherConnection.dispatch (C:\Users\SnehaV\AppData\Local\Temp\playwright-java-5360064984943992057\package\lib\server\dispatchers\dispatcher.js:232:49)
    at PipeTransport.transport.onmessage (C:\Users\SnehaV\AppData\Local\Temp\playwright-java-5360064984943992057\package\lib\cli\driver.js:50:57)
    at Immediate._onImmediate (C:\Users\SnehaV\AppData\Local\Temp\playwright-java-5360064984943992057\package\lib\protocol\transport.js:77:34)
    at processImmediate (node:internal/timers:466:21)
}
at com.microsoft.playwright.impl.WaitableResult.get(WaitableResult.java:54)
at com.microsoft.playwright.impl.ChannelOwner.runUntil(ChannelOwner.java:111)
at com.microsoft.playwright.impl.Connection.sendMessage(Connection.java:119)
at com.microsoft.playwright.impl.ChannelOwner.sendMessage(ChannelOwner.java:102)
at com.microsoft.playwright.impl.PageImpl.screenshotImpl(PageImpl.java:1106)
at com.microsoft.playwright.impl.PageImpl.lambda$screenshot$64(PageImpl.java:1050)
at com.microsoft.playwright.impl.LoggingSupport.withLogging(LoggingSupport.java:47)
at com.microsoft.playwright.impl.ChannelOwner.withLogging(ChannelOwner.java:87)
at com.microsoft.playwright.impl.PageImpl.screenshot(PageImpl.java:1050)
at genericFunctions.PlaywrightFactory.TakeScreenshot(PlaywrightFactory.java:144)
at genericFunctions.BaseElement.click(BaseElement.java:71)
at genericFunctions.Button.click(Button.java:14)
at pages.StudentConfigurationPage.AddNewEmployer(StudentConfigurationPage.java:613)
at Stepdefinitions.StudentSteps7.user_validate_the_ability_to_add_new_employers(StudentSteps7.java:415)
at java.base/jdk.internal.reflect.NativeMethodAccessorImpl.invoke0(Native Method)
at java.base/jdk.internal.reflect.NativeMethodAccessorImpl.invoke(NativeMethodAccessorImpl.java:77)
at java.base/jdk.internal.reflect.DelegatingMethodAccessorImpl.invoke(DelegatingMethodAccessorImpl.java:43)
at java.base/java.lang.reflect.Method.invoke(Method.java:568)
at io.cucumber.java.Invoker.doInvoke(Invoker.java:66)
at io.cucumber.java.Invoker.invoke(Invoker.java:24)
at io.cucumber.java.AbstractGlueDefinition.invokeMethod(AbstractGlueDefinition.java:47)
at io.cucumber.java.JavaStepDefinition.execute(JavaStepDefinition.java:29)
at io.cucumber.core.runner.CoreStepDefinition.execute(CoreStepDefinition.java:66)
at io.cucumber.core.runner.PickleStepDefinitionMatch.runStep(PickleStepDefinitionMatch.java:63)
at io.cucumber.core.runner.ExecutionMode$1.execute(ExecutionMode.java:10)
at io.cucumber.core.runner.TestStep.executeStep(TestStep.java:92)
at io.cucumber.core.runner.TestStep.run(TestStep.java:64)
at io.cucumber.core.runner.PickleStepTestStep.run(PickleStepTestStep.java:51)
at io.cucumber.core.runner.TestCase.run(TestCase.java:104)
at io.cucumber.core.runner.Runner.runPickle(Runner.java:71)
at io.cucumber.testng.TestNGCucumberRunner.lambda$runScenario$0(TestNGCucumberRunner.java:116)
at io.cucumber.core.runtime.CucumberExecutionContext.runTestCase(CucumberExecutionContext.java:117)
at io.cucumber.testng.TestNGCucumberRunner.runScenario(TestNGCucumberRunner.java:113)
at io.cucumber.testng.AbstractTestNGCucumberTests.runScenario(AbstractTestNGCucumberTests.java:31)
at jdk.internal.reflect.GeneratedMethodAccessor8.invoke(Unknown Source)
at java.base/jdk.internal.reflect.DelegatingMethodAccessorImpl.invoke(DelegatingMethodAccessorImpl.java:43)
at java.base/java.lang.reflect.Method.invoke(Method.java:568)
at org.testng.internal.MethodInvocationHelper.invokeMethod(MethodInvocationHelper.java:133)
at org.testng.internal.TestInvoker.invokeMethod(TestInvoker.java:598)
at org.testng.internal.TestInvoker.invokeTestMethod(TestInvoker.java:173)
at org.testng.internal.MethodRunner.runInSequence(MethodRunner.java:46)
at org.testng.internal.TestInvoker$MethodInvocationAgent.invoke(TestInvoker.java:824)
at org.testng.internal.TestInvoker.invokeTestMethods(TestInvoker.java:146)
at org.testng.internal.TestMethodWorker.invokeTestMethods(TestMethodWorker.java:146)
at org.testng.internal.TestMethodWorker.run(TestMethodWorker.java:128)
at java.base/java.util.concurrent.ThreadPoolExecutor.runWorker(ThreadPoolExecutor.java:1136)
at java.base/java.util.concurrent.ThreadPoolExecutor$Worker.run(ThreadPoolExecutor.java:635)
at java.base/java.lang.Thread.run(Thread.java:833)
Caused by: com.microsoft.playwright.impl.DriverException: Error {
  message='Target page, context or browser has been closed
  name='Error
  stack='Error: Target page, context or browser has been closed
    at DispatcherConnection.dispatch (C:\Users\SnehaV\AppData\Local\Temp\playwright-java-5360064984943992057\package\lib\server\dispatchers\dispatcher.js:232:49)
    at PipeTransport.transport.onmessage (C:\Users\SnehaV\AppData\Local\Temp\playwright-java-5360064984943992057\package\lib\cli\driver.js:50:57)
    at Immediate._onImmediate (C:\Users\SnehaV\AppData\Local\Temp\playwright-java-5360064984943992057\package\lib\protocol\transport.js:77:34)
    at processImmediate (node:internal/timers:466:21)
}
at com.microsoft.playwright.impl.Connection.dispatch(Connection.java:201)
at com.microsoft.playwright.impl.Connection.processOneMessage(Connection.java:181)
at com.microsoft.playwright.impl.ChannelOwner.runUntil(ChannelOwner.java:109)
... 46 more
>
at org.testng.AssertJUnit.fail(AssertJUnit.java:65)
at org.testng.AssertJUnit.failNotEquals(AssertJUnit.java:468)
at org.testng.AssertJUnit.assertEquals(AssertJUnit.java:88)
at org.testng.AssertJUnit.assertEquals(AssertJUnit.java:98)
at Stepdefinitions.StudentSteps7.user_validate_the_ability_to_add_new_employers(StudentSteps7.java:421)
at ✽.User Validate the ability to add new employers"1"(file:///C:/Users/SnehaV/Playrepo/PlayWrightBDD/src/test/resources/features/StudentTestCases7.feature:193)
]]>
    </failure>
  </testcase> <!-- runScenario -->
  <system-out/>
  <testcase classname="runner.StudentTestRunner7" name="runScenario" time="129.883"/>
  <system-out/>
  <testcase classname="runner.StudentTestRunner7" name="runScenario" time="117.634">
    <failure message="expected:&lt;false&gt; but was:&lt;com.microsoft.playwright.PlaywrightException: Error {
  message=&#039;Target page, context or browser has been closed
  name=&#039;Error
  stack=&#039;Error: Target page, context or browser has been closed
    at DispatcherConnection.dispatch (C:\Users\SnehaV\AppData\Local\Temp\playwright-java-5360064984943992057\package\lib\server\dispatchers\dispatcher.js:232:49)
    at PipeTransport.transport.onmessage (C:\Users\SnehaV\AppData\Local\Temp\playwright-java-5360064984943992057\package\lib\cli\driver.js:50:57)
    at Immediate._onImmediate (C:\Users\SnehaV\AppData\Local\Temp\playwright-java-5360064984943992057\package\lib\protocol\transport.js:77:34)
    at processImmediate (node:internal/timers:466:21)
}
	at com.microsoft.playwright.impl.WaitableResult.get(WaitableResult.java:54)
	at com.microsoft.playwright.impl.ChannelOwner.runUntil(ChannelOwner.java:111)
	at com.microsoft.playwright.impl.Connection.sendMessage(Connection.java:119)
	at com.microsoft.playwright.impl.ChannelOwner.sendMessage(ChannelOwner.java:102)
	at com.microsoft.playwright.impl.PageImpl.screenshotImpl(PageImpl.java:1106)
	at com.microsoft.playwright.impl.PageImpl.lambda$screenshot$64(PageImpl.java:1050)
	at com.microsoft.playwright.impl.LoggingSupport.withLogging(LoggingSupport.java:47)
	at com.microsoft.playwright.impl.ChannelOwner.withLogging(ChannelOwner.java:87)
	at com.microsoft.playwright.impl.PageImpl.screenshot(PageImpl.java:1050)
	at genericFunctions.PlaywrightFactory.TakeScreenshot(PlaywrightFactory.java:144)
	at genericFunctions.BaseElement.click(BaseElement.java:71)
	at genericFunctions.Link.click(Link.java:14)
	at pages.StudentConfigurationPage.CreateSubsidiaries(StudentConfigurationPage.java:552)
	at Stepdefinitions.StudentSteps7.user_create_subsidiaries(StudentSteps7.java:347)
	at java.base/jdk.internal.reflect.NativeMethodAccessorImpl.invoke0(Native Method)
	at java.base/jdk.internal.reflect.NativeMethodAccessorImpl.invoke(NativeMethodAccessorImpl.java:77)
	at java.base/jdk.internal.reflect.DelegatingMethodAccessorImpl.invoke(DelegatingMethodAccessorImpl.java:43)
	at java.base/java.lang.reflect.Method.invoke(Method.java:568)
	at io.cucumber.java.Invoker.doInvoke(Invoker.java:66)
	at io.cucumber.java.Invoker.invoke(Invoker.java:24)
	at io.cucumber.java.AbstractGlueDefinition.invokeMethod(AbstractGlueDefinition.java:47)
	at io.cucumber.java.JavaStepDefinition.execute(JavaStepDefinition.java:29)
	at io.cucumber.core.runner.CoreStepDefinition.execute(CoreStepDefinition.java:66)
	at io.cucumber.core.runner.PickleStepDefinitionMatch.runStep(PickleStepDefinitionMatch.java:63)
	at io.cucumber.core.runner.ExecutionMode$1.execute(ExecutionMode.java:10)
	at io.cucumber.core.runner.TestStep.executeStep(TestStep.java:92)
	at io.cucumber.core.runner.TestStep.run(TestStep.java:64)
	at io.cucumber.core.runner.PickleStepTestStep.run(PickleStepTestStep.java:51)
	at io.cucumber.core.runner.TestCase.run(TestCase.java:104)
	at io.cucumber.core.runner.Runner.runPickle(Runner.java:71)
	at io.cucumber.testng.TestNGCucumberRunner.lambda$runScenario$0(TestNGCucumberRunner.java:116)
	at io.cucumber.core.runtime.CucumberExecutionContext.runTestCase(CucumberExecutionContext.java:117)
	at io.cucumber.testng.TestNGCucumberRunner.runScenario(TestNGCucumberRunner.java:113)
	at io.cucumber.testng.AbstractTestNGCucumberTests.runScenario(AbstractTestNGCucumberTests.java:31)
	at jdk.internal.reflect.GeneratedMethodAccessor8.invoke(Unknown Source)
	at java.base/jdk.internal.reflect.DelegatingMethodAccessorImpl.invoke(DelegatingMethodAccessorImpl.java:43)
	at java.base/java.lang.reflect.Method.invoke(Method.java:568)
	at org.testng.internal.MethodInvocationHelper.invokeMethod(MethodInvocationHelper.java:133)
	at org.testng.internal.TestInvoker.invokeMethod(TestInvoker.java:598)
	at org.testng.internal.TestInvoker.invokeTestMethod(TestInvoker.java:173)
	at org.testng.internal.MethodRunner.runInSequence(MethodRunner.java:46)
	at org.testng.internal.TestInvoker$MethodInvocationAgent.invoke(TestInvoker.java:824)
	at org.testng.internal.TestInvoker.invokeTestMethods(TestInvoker.java:146)
	at org.testng.internal.TestMethodWorker.invokeTestMethods(TestMethodWorker.java:146)
	at org.testng.internal.TestMethodWorker.run(TestMethodWorker.java:128)
	at java.base/java.util.concurrent.ThreadPoolExecutor.runWorker(ThreadPoolExecutor.java:1136)
	at java.base/java.util.concurrent.ThreadPoolExecutor$Worker.run(ThreadPoolExecutor.java:635)
	at java.base/java.lang.Thread.run(Thread.java:833)
Caused by: com.microsoft.playwright.impl.DriverException: Error {
  message=&#039;Target page, context or browser has been closed
  name=&#039;Error
  stack=&#039;Error: Target page, context or browser has been closed
    at DispatcherConnection.dispatch (C:\Users\SnehaV\AppData\Local\Temp\playwright-java-5360064984943992057\package\lib\server\dispatchers\dispatcher.js:232:49)
    at PipeTransport.transport.onmessage (C:\Users\SnehaV\AppData\Local\Temp\playwright-java-5360064984943992057\package\lib\cli\driver.js:50:57)
    at Immediate._onImmediate (C:\Users\SnehaV\AppData\Local\Temp\playwright-java-5360064984943992057\package\lib\protocol\transport.js:77:34)
    at processImmediate (node:internal/timers:466:21)
}
	at com.microsoft.playwright.impl.Connection.dispatch(Connection.java:201)
	at com.microsoft.playwright.impl.Connection.processOneMessage(Connection.java:181)
	at com.microsoft.playwright.impl.ChannelOwner.runUntil(ChannelOwner.java:109)
	... 46 more
&gt;" type="java.lang.AssertionError">
      <![CDATA[java.lang.AssertionError: expected:<false> but was:<com.microsoft.playwright.PlaywrightException: Error {
  message='Target page, context or browser has been closed
  name='Error
  stack='Error: Target page, context or browser has been closed
    at DispatcherConnection.dispatch (C:\Users\SnehaV\AppData\Local\Temp\playwright-java-5360064984943992057\package\lib\server\dispatchers\dispatcher.js:232:49)
    at PipeTransport.transport.onmessage (C:\Users\SnehaV\AppData\Local\Temp\playwright-java-5360064984943992057\package\lib\cli\driver.js:50:57)
    at Immediate._onImmediate (C:\Users\SnehaV\AppData\Local\Temp\playwright-java-5360064984943992057\package\lib\protocol\transport.js:77:34)
    at processImmediate (node:internal/timers:466:21)
}
at com.microsoft.playwright.impl.WaitableResult.get(WaitableResult.java:54)
at com.microsoft.playwright.impl.ChannelOwner.runUntil(ChannelOwner.java:111)
at com.microsoft.playwright.impl.Connection.sendMessage(Connection.java:119)
at com.microsoft.playwright.impl.ChannelOwner.sendMessage(ChannelOwner.java:102)
at com.microsoft.playwright.impl.PageImpl.screenshotImpl(PageImpl.java:1106)
at com.microsoft.playwright.impl.PageImpl.lambda$screenshot$64(PageImpl.java:1050)
at com.microsoft.playwright.impl.LoggingSupport.withLogging(LoggingSupport.java:47)
at com.microsoft.playwright.impl.ChannelOwner.withLogging(ChannelOwner.java:87)
at com.microsoft.playwright.impl.PageImpl.screenshot(PageImpl.java:1050)
at genericFunctions.PlaywrightFactory.TakeScreenshot(PlaywrightFactory.java:144)
at genericFunctions.BaseElement.click(BaseElement.java:71)
at genericFunctions.Link.click(Link.java:14)
at pages.StudentConfigurationPage.CreateSubsidiaries(StudentConfigurationPage.java:552)
at Stepdefinitions.StudentSteps7.user_create_subsidiaries(StudentSteps7.java:347)
at java.base/jdk.internal.reflect.NativeMethodAccessorImpl.invoke0(Native Method)
at java.base/jdk.internal.reflect.NativeMethodAccessorImpl.invoke(NativeMethodAccessorImpl.java:77)
at java.base/jdk.internal.reflect.DelegatingMethodAccessorImpl.invoke(DelegatingMethodAccessorImpl.java:43)
at java.base/java.lang.reflect.Method.invoke(Method.java:568)
at io.cucumber.java.Invoker.doInvoke(Invoker.java:66)
at io.cucumber.java.Invoker.invoke(Invoker.java:24)
at io.cucumber.java.AbstractGlueDefinition.invokeMethod(AbstractGlueDefinition.java:47)
at io.cucumber.java.JavaStepDefinition.execute(JavaStepDefinition.java:29)
at io.cucumber.core.runner.CoreStepDefinition.execute(CoreStepDefinition.java:66)
at io.cucumber.core.runner.PickleStepDefinitionMatch.runStep(PickleStepDefinitionMatch.java:63)
at io.cucumber.core.runner.ExecutionMode$1.execute(ExecutionMode.java:10)
at io.cucumber.core.runner.TestStep.executeStep(TestStep.java:92)
at io.cucumber.core.runner.TestStep.run(TestStep.java:64)
at io.cucumber.core.runner.PickleStepTestStep.run(PickleStepTestStep.java:51)
at io.cucumber.core.runner.TestCase.run(TestCase.java:104)
at io.cucumber.core.runner.Runner.runPickle(Runner.java:71)
at io.cucumber.testng.TestNGCucumberRunner.lambda$runScenario$0(TestNGCucumberRunner.java:116)
at io.cucumber.core.runtime.CucumberExecutionContext.runTestCase(CucumberExecutionContext.java:117)
at io.cucumber.testng.TestNGCucumberRunner.runScenario(TestNGCucumberRunner.java:113)
at io.cucumber.testng.AbstractTestNGCucumberTests.runScenario(AbstractTestNGCucumberTests.java:31)
at jdk.internal.reflect.GeneratedMethodAccessor8.invoke(Unknown Source)
at java.base/jdk.internal.reflect.DelegatingMethodAccessorImpl.invoke(DelegatingMethodAccessorImpl.java:43)
at java.base/java.lang.reflect.Method.invoke(Method.java:568)
at org.testng.internal.MethodInvocationHelper.invokeMethod(MethodInvocationHelper.java:133)
at org.testng.internal.TestInvoker.invokeMethod(TestInvoker.java:598)
at org.testng.internal.TestInvoker.invokeTestMethod(TestInvoker.java:173)
at org.testng.internal.MethodRunner.runInSequence(MethodRunner.java:46)
at org.testng.internal.TestInvoker$MethodInvocationAgent.invoke(TestInvoker.java:824)
at org.testng.internal.TestInvoker.invokeTestMethods(TestInvoker.java:146)
at org.testng.internal.TestMethodWorker.invokeTestMethods(TestMethodWorker.java:146)
at org.testng.internal.TestMethodWorker.run(TestMethodWorker.java:128)
at java.base/java.util.concurrent.ThreadPoolExecutor.runWorker(ThreadPoolExecutor.java:1136)
at java.base/java.util.concurrent.ThreadPoolExecutor$Worker.run(ThreadPoolExecutor.java:635)
at java.base/java.lang.Thread.run(Thread.java:833)
Caused by: com.microsoft.playwright.impl.DriverException: Error {
  message='Target page, context or browser has been closed
  name='Error
  stack='Error: Target page, context or browser has been closed
    at DispatcherConnection.dispatch (C:\Users\SnehaV\AppData\Local\Temp\playwright-java-5360064984943992057\package\lib\server\dispatchers\dispatcher.js:232:49)
    at PipeTransport.transport.onmessage (C:\Users\SnehaV\AppData\Local\Temp\playwright-java-5360064984943992057\package\lib\cli\driver.js:50:57)
    at Immediate._onImmediate (C:\Users\SnehaV\AppData\Local\Temp\playwright-java-5360064984943992057\package\lib\protocol\transport.js:77:34)
    at processImmediate (node:internal/timers:466:21)
}
at com.microsoft.playwright.impl.Connection.dispatch(Connection.java:201)
at com.microsoft.playwright.impl.Connection.processOneMessage(Connection.java:181)
at com.microsoft.playwright.impl.ChannelOwner.runUntil(ChannelOwner.java:109)
... 46 more
>
at org.testng.AssertJUnit.fail(AssertJUnit.java:65)
at org.testng.AssertJUnit.failNotEquals(AssertJUnit.java:468)
at org.testng.AssertJUnit.assertEquals(AssertJUnit.java:88)
at org.testng.AssertJUnit.assertEquals(AssertJUnit.java:98)
at Stepdefinitions.StudentSteps7.user_create_subsidiaries(StudentSteps7.java:353)
at ✽.User Create subsidiaries"1"(file:///C:/Users/SnehaV/Playrepo/PlayWrightBDD/src/test/resources/features/StudentTestCases7.feature:158)
]]>
    </failure>
  </testcase> <!-- runScenario -->
  <system-out/>
  <testcase classname="runner.StudentTestRunner7" name="runScenario" time="176.369">
    <failure message="expected:&lt;false&gt; but was:&lt;com.microsoft.playwright.PlaywrightException: Error {
  message=&#039;Target page, context or browser has been closed
  name=&#039;Error
  stack=&#039;Error: Target page, context or browser has been closed
    at DispatcherConnection.dispatch (C:\Users\SnehaV\AppData\Local\Temp\playwright-java-5360064984943992057\package\lib\server\dispatchers\dispatcher.js:232:49)
    at PipeTransport.transport.onmessage (C:\Users\SnehaV\AppData\Local\Temp\playwright-java-5360064984943992057\package\lib\cli\driver.js:50:57)
    at Immediate._onImmediate (C:\Users\SnehaV\AppData\Local\Temp\playwright-java-5360064984943992057\package\lib\protocol\transport.js:77:34)
    at processImmediate (node:internal/timers:466:21)
}
	at com.microsoft.playwright.impl.WaitableResult.get(WaitableResult.java:54)
	at com.microsoft.playwright.impl.ChannelOwner.runUntil(ChannelOwner.java:111)
	at com.microsoft.playwright.impl.Connection.sendMessage(Connection.java:119)
	at com.microsoft.playwright.impl.ChannelOwner.sendMessage(ChannelOwner.java:102)
	at com.microsoft.playwright.impl.PageImpl.screenshotImpl(PageImpl.java:1106)
	at com.microsoft.playwright.impl.PageImpl.lambda$screenshot$64(PageImpl.java:1050)
	at com.microsoft.playwright.impl.LoggingSupport.withLogging(LoggingSupport.java:47)
	at com.microsoft.playwright.impl.ChannelOwner.withLogging(ChannelOwner.java:87)
	at com.microsoft.playwright.impl.PageImpl.screenshot(PageImpl.java:1050)
	at genericFunctions.PlaywrightFactory.TakeScreenshot(PlaywrightFactory.java:144)
	at genericFunctions.BaseElement.click(BaseElement.java:71)
	at genericFunctions.Button.click(Button.java:14)
	at pages.StudentMainPage.UnDoWaive(StudentMainPage.java:2824)
	at Stepdefinitions.StudentSteps7.user_undo_the_waive(StudentSteps7.java:294)
	at java.base/jdk.internal.reflect.NativeMethodAccessorImpl.invoke0(Native Method)
	at java.base/jdk.internal.reflect.NativeMethodAccessorImpl.invoke(NativeMethodAccessorImpl.java:77)
	at java.base/jdk.internal.reflect.DelegatingMethodAccessorImpl.invoke(DelegatingMethodAccessorImpl.java:43)
	at java.base/java.lang.reflect.Method.invoke(Method.java:568)
	at io.cucumber.java.Invoker.doInvoke(Invoker.java:66)
	at io.cucumber.java.Invoker.invoke(Invoker.java:24)
	at io.cucumber.java.AbstractGlueDefinition.invokeMethod(AbstractGlueDefinition.java:47)
	at io.cucumber.java.JavaStepDefinition.execute(JavaStepDefinition.java:29)
	at io.cucumber.core.runner.CoreStepDefinition.execute(CoreStepDefinition.java:66)
	at io.cucumber.core.runner.PickleStepDefinitionMatch.runStep(PickleStepDefinitionMatch.java:63)
	at io.cucumber.core.runner.ExecutionMode$1.execute(ExecutionMode.java:10)
	at io.cucumber.core.runner.TestStep.executeStep(TestStep.java:92)
	at io.cucumber.core.runner.TestStep.run(TestStep.java:64)
	at io.cucumber.core.runner.PickleStepTestStep.run(PickleStepTestStep.java:51)
	at io.cucumber.core.runner.TestCase.run(TestCase.java:104)
	at io.cucumber.core.runner.Runner.runPickle(Runner.java:71)
	at io.cucumber.testng.TestNGCucumberRunner.lambda$runScenario$0(TestNGCucumberRunner.java:116)
	at io.cucumber.core.runtime.CucumberExecutionContext.runTestCase(CucumberExecutionContext.java:117)
	at io.cucumber.testng.TestNGCucumberRunner.runScenario(TestNGCucumberRunner.java:113)
	at io.cucumber.testng.AbstractTestNGCucumberTests.runScenario(AbstractTestNGCucumberTests.java:31)
	at jdk.internal.reflect.GeneratedMethodAccessor8.invoke(Unknown Source)
	at java.base/jdk.internal.reflect.DelegatingMethodAccessorImpl.invoke(DelegatingMethodAccessorImpl.java:43)
	at java.base/java.lang.reflect.Method.invoke(Method.java:568)
	at org.testng.internal.MethodInvocationHelper.invokeMethod(MethodInvocationHelper.java:133)
	at org.testng.internal.TestInvoker.invokeMethod(TestInvoker.java:598)
	at org.testng.internal.TestInvoker.invokeTestMethod(TestInvoker.java:173)
	at org.testng.internal.MethodRunner.runInSequence(MethodRunner.java:46)
	at org.testng.internal.TestInvoker$MethodInvocationAgent.invoke(TestInvoker.java:824)
	at org.testng.internal.TestInvoker.invokeTestMethods(TestInvoker.java:146)
	at org.testng.internal.TestMethodWorker.invokeTestMethods(TestMethodWorker.java:146)
	at org.testng.internal.TestMethodWorker.run(TestMethodWorker.java:128)
	at java.base/java.util.concurrent.ThreadPoolExecutor.runWorker(ThreadPoolExecutor.java:1136)
	at java.base/java.util.concurrent.ThreadPoolExecutor$Worker.run(ThreadPoolExecutor.java:635)
	at java.base/java.lang.Thread.run(Thread.java:833)
Caused by: com.microsoft.playwright.impl.DriverException: Error {
  message=&#039;Target page, context or browser has been closed
  name=&#039;Error
  stack=&#039;Error: Target page, context or browser has been closed
    at DispatcherConnection.dispatch (C:\Users\SnehaV\AppData\Local\Temp\playwright-java-5360064984943992057\package\lib\server\dispatchers\dispatcher.js:232:49)
    at PipeTransport.transport.onmessage (C:\Users\SnehaV\AppData\Local\Temp\playwright-java-5360064984943992057\package\lib\cli\driver.js:50:57)
    at Immediate._onImmediate (C:\Users\SnehaV\AppData\Local\Temp\playwright-java-5360064984943992057\package\lib\protocol\transport.js:77:34)
    at processImmediate (node:internal/timers:466:21)
}
	at com.microsoft.playwright.impl.Connection.dispatch(Connection.java:201)
	at com.microsoft.playwright.impl.Connection.processOneMessage(Connection.java:181)
	at com.microsoft.playwright.impl.ChannelOwner.runUntil(ChannelOwner.java:109)
	... 46 more
&gt;" type="java.lang.AssertionError">
      <![CDATA[java.lang.AssertionError: expected:<false> but was:<com.microsoft.playwright.PlaywrightException: Error {
  message='Target page, context or browser has been closed
  name='Error
  stack='Error: Target page, context or browser has been closed
    at DispatcherConnection.dispatch (C:\Users\SnehaV\AppData\Local\Temp\playwright-java-5360064984943992057\package\lib\server\dispatchers\dispatcher.js:232:49)
    at PipeTransport.transport.onmessage (C:\Users\SnehaV\AppData\Local\Temp\playwright-java-5360064984943992057\package\lib\cli\driver.js:50:57)
    at Immediate._onImmediate (C:\Users\SnehaV\AppData\Local\Temp\playwright-java-5360064984943992057\package\lib\protocol\transport.js:77:34)
    at processImmediate (node:internal/timers:466:21)
}
at com.microsoft.playwright.impl.WaitableResult.get(WaitableResult.java:54)
at com.microsoft.playwright.impl.ChannelOwner.runUntil(ChannelOwner.java:111)
at com.microsoft.playwright.impl.Connection.sendMessage(Connection.java:119)
at com.microsoft.playwright.impl.ChannelOwner.sendMessage(ChannelOwner.java:102)
at com.microsoft.playwright.impl.PageImpl.screenshotImpl(PageImpl.java:1106)
at com.microsoft.playwright.impl.PageImpl.lambda$screenshot$64(PageImpl.java:1050)
at com.microsoft.playwright.impl.LoggingSupport.withLogging(LoggingSupport.java:47)
at com.microsoft.playwright.impl.ChannelOwner.withLogging(ChannelOwner.java:87)
at com.microsoft.playwright.impl.PageImpl.screenshot(PageImpl.java:1050)
at genericFunctions.PlaywrightFactory.TakeScreenshot(PlaywrightFactory.java:144)
at genericFunctions.BaseElement.click(BaseElement.java:71)
at genericFunctions.Button.click(Button.java:14)
at pages.StudentMainPage.UnDoWaive(StudentMainPage.java:2824)
at Stepdefinitions.StudentSteps7.user_undo_the_waive(StudentSteps7.java:294)
at java.base/jdk.internal.reflect.NativeMethodAccessorImpl.invoke0(Native Method)
at java.base/jdk.internal.reflect.NativeMethodAccessorImpl.invoke(NativeMethodAccessorImpl.java:77)
at java.base/jdk.internal.reflect.DelegatingMethodAccessorImpl.invoke(DelegatingMethodAccessorImpl.java:43)
at java.base/java.lang.reflect.Method.invoke(Method.java:568)
at io.cucumber.java.Invoker.doInvoke(Invoker.java:66)
at io.cucumber.java.Invoker.invoke(Invoker.java:24)
at io.cucumber.java.AbstractGlueDefinition.invokeMethod(AbstractGlueDefinition.java:47)
at io.cucumber.java.JavaStepDefinition.execute(JavaStepDefinition.java:29)
at io.cucumber.core.runner.CoreStepDefinition.execute(CoreStepDefinition.java:66)
at io.cucumber.core.runner.PickleStepDefinitionMatch.runStep(PickleStepDefinitionMatch.java:63)
at io.cucumber.core.runner.ExecutionMode$1.execute(ExecutionMode.java:10)
at io.cucumber.core.runner.TestStep.executeStep(TestStep.java:92)
at io.cucumber.core.runner.TestStep.run(TestStep.java:64)
at io.cucumber.core.runner.PickleStepTestStep.run(PickleStepTestStep.java:51)
at io.cucumber.core.runner.TestCase.run(TestCase.java:104)
at io.cucumber.core.runner.Runner.runPickle(Runner.java:71)
at io.cucumber.testng.TestNGCucumberRunner.lambda$runScenario$0(TestNGCucumberRunner.java:116)
at io.cucumber.core.runtime.CucumberExecutionContext.runTestCase(CucumberExecutionContext.java:117)
at io.cucumber.testng.TestNGCucumberRunner.runScenario(TestNGCucumberRunner.java:113)
at io.cucumber.testng.AbstractTestNGCucumberTests.runScenario(AbstractTestNGCucumberTests.java:31)
at jdk.internal.reflect.GeneratedMethodAccessor8.invoke(Unknown Source)
at java.base/jdk.internal.reflect.DelegatingMethodAccessorImpl.invoke(DelegatingMethodAccessorImpl.java:43)
at java.base/java.lang.reflect.Method.invoke(Method.java:568)
at org.testng.internal.MethodInvocationHelper.invokeMethod(MethodInvocationHelper.java:133)
at org.testng.internal.TestInvoker.invokeMethod(TestInvoker.java:598)
at org.testng.internal.TestInvoker.invokeTestMethod(TestInvoker.java:173)
at org.testng.internal.MethodRunner.runInSequence(MethodRunner.java:46)
at org.testng.internal.TestInvoker$MethodInvocationAgent.invoke(TestInvoker.java:824)
at org.testng.internal.TestInvoker.invokeTestMethods(TestInvoker.java:146)
at org.testng.internal.TestMethodWorker.invokeTestMethods(TestMethodWorker.java:146)
at org.testng.internal.TestMethodWorker.run(TestMethodWorker.java:128)
at java.base/java.util.concurrent.ThreadPoolExecutor.runWorker(ThreadPoolExecutor.java:1136)
at java.base/java.util.concurrent.ThreadPoolExecutor$Worker.run(ThreadPoolExecutor.java:635)
at java.base/java.lang.Thread.run(Thread.java:833)
Caused by: com.microsoft.playwright.impl.DriverException: Error {
  message='Target page, context or browser has been closed
  name='Error
  stack='Error: Target page, context or browser has been closed
    at DispatcherConnection.dispatch (C:\Users\SnehaV\AppData\Local\Temp\playwright-java-5360064984943992057\package\lib\server\dispatchers\dispatcher.js:232:49)
    at PipeTransport.transport.onmessage (C:\Users\SnehaV\AppData\Local\Temp\playwright-java-5360064984943992057\package\lib\cli\driver.js:50:57)
    at Immediate._onImmediate (C:\Users\SnehaV\AppData\Local\Temp\playwright-java-5360064984943992057\package\lib\protocol\transport.js:77:34)
    at processImmediate (node:internal/timers:466:21)
}
at com.microsoft.playwright.impl.Connection.dispatch(Connection.java:201)
at com.microsoft.playwright.impl.Connection.processOneMessage(Connection.java:181)
at com.microsoft.playwright.impl.ChannelOwner.runUntil(ChannelOwner.java:109)
... 46 more
>
at org.testng.AssertJUnit.fail(AssertJUnit.java:65)
at org.testng.AssertJUnit.failNotEquals(AssertJUnit.java:468)
at org.testng.AssertJUnit.assertEquals(AssertJUnit.java:88)
at org.testng.AssertJUnit.assertEquals(AssertJUnit.java:98)
at Stepdefinitions.StudentSteps7.user_undo_the_waive(StudentSteps7.java:300)
at ✽.User Undo the Waive"1"(file:///C:/Users/SnehaV/Playrepo/PlayWrightBDD/src/test/resources/features/StudentTestCases7.feature:134)
]]>
    </failure>
  </testcase> <!-- runScenario -->
  <system-out/>
  <testcase classname="runner.StudentTestRunner7" name="runScenario" time="155.340">
    <error message="Error {
  message=&#039;Target page, context or browser has been closed
  name=&#039;Error
  stack=&#039;Error: Target page, context or browser has been closed
    at DispatcherConnection.dispatch (C:\Users\SnehaV\AppData\Local\Temp\playwright-java-5360064984943992057\package\lib\server\dispatchers\dispatcher.js:232:49)
    at PipeTransport.transport.onmessage (C:\Users\SnehaV\AppData\Local\Temp\playwright-java-5360064984943992057\package\lib\cli\driver.js:50:57)
    at Immediate._onImmediate (C:\Users\SnehaV\AppData\Local\Temp\playwright-java-5360064984943992057\package\lib\protocol\transport.js:77:34)
    at processImmediate (node:internal/timers:466:21)
}" type="com.microsoft.playwright.PlaywrightException">
      <![CDATA[com.microsoft.playwright.PlaywrightException: Error {
  message='Target page, context or browser has been closed
  name='Error
  stack='Error: Target page, context or browser has been closed
    at DispatcherConnection.dispatch (C:\Users\SnehaV\AppData\Local\Temp\playwright-java-5360064984943992057\package\lib\server\dispatchers\dispatcher.js:232:49)
    at PipeTransport.transport.onmessage (C:\Users\SnehaV\AppData\Local\Temp\playwright-java-5360064984943992057\package\lib\cli\driver.js:50:57)
    at Immediate._onImmediate (C:\Users\SnehaV\AppData\Local\Temp\playwright-java-5360064984943992057\package\lib\protocol\transport.js:77:34)
    at processImmediate (node:internal/timers:466:21)
}
at com.microsoft.playwright.impl.WaitableResult.get(WaitableResult.java:54)
at com.microsoft.playwright.impl.ChannelOwner.runUntil(ChannelOwner.java:111)
at com.microsoft.playwright.impl.Connection.sendMessage(Connection.java:119)
at com.microsoft.playwright.impl.ChannelOwner.sendMessage(ChannelOwner.java:102)
at com.microsoft.playwright.impl.PageImpl.screenshotImpl(PageImpl.java:1106)
at com.microsoft.playwright.impl.PageImpl.lambda$screenshot$64(PageImpl.java:1050)
at com.microsoft.playwright.impl.LoggingSupport.withLogging(LoggingSupport.java:47)
at com.microsoft.playwright.impl.ChannelOwner.withLogging(ChannelOwner.java:87)
at com.microsoft.playwright.impl.PageImpl.screenshot(PageImpl.java:1050)
at genericFunctions.PlaywrightFactory.TakeScreenshot(PlaywrightFactory.java:144)
at genericFunctions.BaseElement.click(BaseElement.java:71)
at genericFunctions.Dropdown.click(Dropdown.java:14)
at pages.StudentClassSchedulingPage.CreateClassSchedule(StudentClassSchedulingPage.java:89)
at Stepdefinitions.StudentSteps7.user_creates_class_section_under_class_scheduling(StudentSteps7.java:107)
at ✽.User Creates a Class schedule"1"(file:///C:/Users/SnehaV/Playrepo/PlayWrightBDD/src/test/resources/features/StudentTestCases7.feature:22)
Caused by: com.microsoft.playwright.impl.DriverException: Error {
  message='Target page, context or browser has been closed
  name='Error
  stack='Error: Target page, context or browser has been closed
    at DispatcherConnection.dispatch (C:\Users\SnehaV\AppData\Local\Temp\playwright-java-5360064984943992057\package\lib\server\dispatchers\dispatcher.js:232:49)
    at PipeTransport.transport.onmessage (C:\Users\SnehaV\AppData\Local\Temp\playwright-java-5360064984943992057\package\lib\cli\driver.js:50:57)
    at Immediate._onImmediate (C:\Users\SnehaV\AppData\Local\Temp\playwright-java-5360064984943992057\package\lib\protocol\transport.js:77:34)
    at processImmediate (node:internal/timers:466:21)
}
at com.microsoft.playwright.impl.Connection.dispatch(Connection.java:201)
at com.microsoft.playwright.impl.Connection.processOneMessage(Connection.java:181)
at com.microsoft.playwright.impl.ChannelOwner.runUntil(ChannelOwner.java:109)
at com.microsoft.playwright.impl.Connection.sendMessage(Connection.java:119)
at com.microsoft.playwright.impl.ChannelOwner.sendMessage(ChannelOwner.java:102)
at com.microsoft.playwright.impl.PageImpl.screenshotImpl(PageImpl.java:1106)
at com.microsoft.playwright.impl.PageImpl.lambda$screenshot$64(PageImpl.java:1050)
at com.microsoft.playwright.impl.LoggingSupport.withLogging(LoggingSupport.java:47)
at com.microsoft.playwright.impl.ChannelOwner.withLogging(ChannelOwner.java:87)
at com.microsoft.playwright.impl.PageImpl.screenshot(PageImpl.java:1050)
at genericFunctions.PlaywrightFactory.TakeScreenshot(PlaywrightFactory.java:144)
at genericFunctions.BaseElement.click(BaseElement.java:71)
at genericFunctions.Dropdown.click(Dropdown.java:14)
at pages.StudentClassSchedulingPage.CreateClassSchedule(StudentClassSchedulingPage.java:89)
at Stepdefinitions.StudentSteps7.user_creates_class_section_under_class_scheduling(StudentSteps7.java:107)
at java.base/jdk.internal.reflect.NativeMethodAccessorImpl.invoke0(Native Method)
at java.base/jdk.internal.reflect.NativeMethodAccessorImpl.invoke(NativeMethodAccessorImpl.java:77)
at java.base/jdk.internal.reflect.DelegatingMethodAccessorImpl.invoke(DelegatingMethodAccessorImpl.java:43)
at java.base/java.lang.reflect.Method.invoke(Method.java:568)
at io.cucumber.java.Invoker.doInvoke(Invoker.java:66)
at io.cucumber.java.Invoker.invoke(Invoker.java:24)
at io.cucumber.java.AbstractGlueDefinition.invokeMethod(AbstractGlueDefinition.java:47)
at io.cucumber.java.JavaStepDefinition.execute(JavaStepDefinition.java:29)
at io.cucumber.core.runner.CoreStepDefinition.execute(CoreStepDefinition.java:66)
at io.cucumber.core.runner.PickleStepDefinitionMatch.runStep(PickleStepDefinitionMatch.java:63)
at io.cucumber.core.runner.ExecutionMode$1.execute(ExecutionMode.java:10)
at io.cucumber.core.runner.TestStep.executeStep(TestStep.java:92)
at io.cucumber.core.runner.TestStep.run(TestStep.java:64)
at io.cucumber.core.runner.PickleStepTestStep.run(PickleStepTestStep.java:51)
at io.cucumber.core.runner.TestCase.run(TestCase.java:104)
at io.cucumber.core.runner.Runner.runPickle(Runner.java:71)
at io.cucumber.testng.TestNGCucumberRunner.lambda$runScenario$0(TestNGCucumberRunner.java:116)
at io.cucumber.core.runtime.CucumberExecutionContext.runTestCase(CucumberExecutionContext.java:117)
at io.cucumber.testng.TestNGCucumberRunner.runScenario(TestNGCucumberRunner.java:113)
at io.cucumber.testng.AbstractTestNGCucumberTests.runScenario(AbstractTestNGCucumberTests.java:31)
at jdk.internal.reflect.GeneratedMethodAccessor8.invoke(Unknown Source)
at java.base/jdk.internal.reflect.DelegatingMethodAccessorImpl.invoke(DelegatingMethodAccessorImpl.java:43)
at java.base/java.lang.reflect.Method.invoke(Method.java:568)
at org.testng.internal.MethodInvocationHelper.invokeMethod(MethodInvocationHelper.java:133)
at org.testng.internal.TestInvoker.invokeMethod(TestInvoker.java:598)
at org.testng.internal.TestInvoker.invokeTestMethod(TestInvoker.java:173)
at org.testng.internal.MethodRunner.runInSequence(MethodRunner.java:46)
at org.testng.internal.TestInvoker$MethodInvocationAgent.invoke(TestInvoker.java:824)
at org.testng.internal.TestInvoker.invokeTestMethods(TestInvoker.java:146)
at org.testng.internal.TestMethodWorker.invokeTestMethods(TestMethodWorker.java:146)
at org.testng.internal.TestMethodWorker.run(TestMethodWorker.java:128)
at java.base/java.util.concurrent.ThreadPoolExecutor.runWorker(ThreadPoolExecutor.java:1136)
at java.base/java.util.concurrent.ThreadPoolExecutor$Worker.run(ThreadPoolExecutor.java:635)
at java.base/java.lang.Thread.run(Thread.java:833)
]]>
    </error>
  </testcase> <!-- runScenario -->
  <system-out/>
  <testcase classname="runner.StudentTestRunner7" name="runScenario" time="138.606"/>
  <system-out/>
  <testcase classname="runner.StudentTestRunner7" name="runScenario" time="188.960">
    <error message="Error {
  message=&#039;Target page, context or browser has been closed
  name=&#039;Error
  stack=&#039;Error: Target page, context or browser has been closed
    at DispatcherConnection.dispatch (C:\Users\SnehaV\AppData\Local\Temp\playwright-java-5360064984943992057\package\lib\server\dispatchers\dispatcher.js:232:49)
    at PipeTransport.transport.onmessage (C:\Users\SnehaV\AppData\Local\Temp\playwright-java-5360064984943992057\package\lib\cli\driver.js:50:57)
    at Immediate._onImmediate (C:\Users\SnehaV\AppData\Local\Temp\playwright-java-5360064984943992057\package\lib\protocol\transport.js:77:34)
    at processImmediate (node:internal/timers:466:21)
}" type="com.microsoft.playwright.PlaywrightException">
      <![CDATA[com.microsoft.playwright.PlaywrightException: Error {
  message='Target page, context or browser has been closed
  name='Error
  stack='Error: Target page, context or browser has been closed
    at DispatcherConnection.dispatch (C:\Users\SnehaV\AppData\Local\Temp\playwright-java-5360064984943992057\package\lib\server\dispatchers\dispatcher.js:232:49)
    at PipeTransport.transport.onmessage (C:\Users\SnehaV\AppData\Local\Temp\playwright-java-5360064984943992057\package\lib\cli\driver.js:50:57)
    at Immediate._onImmediate (C:\Users\SnehaV\AppData\Local\Temp\playwright-java-5360064984943992057\package\lib\protocol\transport.js:77:34)
    at processImmediate (node:internal/timers:466:21)
}
at com.microsoft.playwright.impl.WaitableResult.get(WaitableResult.java:54)
at com.microsoft.playwright.impl.ChannelOwner.runUntil(ChannelOwner.java:111)
at com.microsoft.playwright.impl.Connection.sendMessage(Connection.java:119)
at com.microsoft.playwright.impl.ChannelOwner.sendMessage(ChannelOwner.java:102)
at com.microsoft.playwright.impl.FrameImpl.textContentImpl(FrameImpl.java:822)
at com.microsoft.playwright.impl.FrameImpl.lambda$textContent$38(FrameImpl.java:813)
at com.microsoft.playwright.impl.LoggingSupport.withLogging(LoggingSupport.java:47)
at com.microsoft.playwright.impl.ChannelOwner.withLogging(ChannelOwner.java:87)
at com.microsoft.playwright.impl.FrameImpl.textContent(FrameImpl.java:813)
at com.microsoft.playwright.impl.LocatorImpl.textContent(LocatorImpl.java:527)
at com.microsoft.playwright.Locator.textContent(Locator.java:4695)
at genericFunctions.BaseElement.getText(BaseElement.java:121)
at pages.StudentClassSchedulingPage.CopyClassSection(StudentClassSchedulingPage.java:253)
at Stepdefinitions.StudentSteps7.user_copy_the_existing_class_section_under_class_scheduling(StudentSteps7.java:133)
at ✽.User Copy the existing class section under class scheduling"1"(file:///C:/Users/SnehaV/Playrepo/PlayWrightBDD/src/test/resources/features/StudentTestCases7.feature:44)
Caused by: com.microsoft.playwright.impl.DriverException: Error {
  message='Target page, context or browser has been closed
  name='Error
  stack='Error: Target page, context or browser has been closed
    at DispatcherConnection.dispatch (C:\Users\SnehaV\AppData\Local\Temp\playwright-java-5360064984943992057\package\lib\server\dispatchers\dispatcher.js:232:49)
    at PipeTransport.transport.onmessage (C:\Users\SnehaV\AppData\Local\Temp\playwright-java-5360064984943992057\package\lib\cli\driver.js:50:57)
    at Immediate._onImmediate (C:\Users\SnehaV\AppData\Local\Temp\playwright-java-5360064984943992057\package\lib\protocol\transport.js:77:34)
    at processImmediate (node:internal/timers:466:21)
}
at com.microsoft.playwright.impl.Connection.dispatch(Connection.java:201)
at com.microsoft.playwright.impl.Connection.processOneMessage(Connection.java:181)
at com.microsoft.playwright.impl.ChannelOwner.runUntil(ChannelOwner.java:109)
at com.microsoft.playwright.impl.Connection.sendMessage(Connection.java:119)
at com.microsoft.playwright.impl.ChannelOwner.sendMessage(ChannelOwner.java:102)
at com.microsoft.playwright.impl.FrameImpl.textContentImpl(FrameImpl.java:822)
at com.microsoft.playwright.impl.FrameImpl.lambda$textContent$38(FrameImpl.java:813)
at com.microsoft.playwright.impl.LoggingSupport.withLogging(LoggingSupport.java:47)
at com.microsoft.playwright.impl.ChannelOwner.withLogging(ChannelOwner.java:87)
at com.microsoft.playwright.impl.FrameImpl.textContent(FrameImpl.java:813)
at com.microsoft.playwright.impl.LocatorImpl.textContent(LocatorImpl.java:527)
at com.microsoft.playwright.Locator.textContent(Locator.java:4695)
at genericFunctions.BaseElement.getText(BaseElement.java:121)
at pages.StudentClassSchedulingPage.CopyClassSection(StudentClassSchedulingPage.java:253)
at Stepdefinitions.StudentSteps7.user_copy_the_existing_class_section_under_class_scheduling(StudentSteps7.java:133)
at java.base/jdk.internal.reflect.NativeMethodAccessorImpl.invoke0(Native Method)
at java.base/jdk.internal.reflect.NativeMethodAccessorImpl.invoke(NativeMethodAccessorImpl.java:77)
at java.base/jdk.internal.reflect.DelegatingMethodAccessorImpl.invoke(DelegatingMethodAccessorImpl.java:43)
at java.base/java.lang.reflect.Method.invoke(Method.java:568)
at io.cucumber.java.Invoker.doInvoke(Invoker.java:66)
at io.cucumber.java.Invoker.invoke(Invoker.java:24)
at io.cucumber.java.AbstractGlueDefinition.invokeMethod(AbstractGlueDefinition.java:47)
at io.cucumber.java.JavaStepDefinition.execute(JavaStepDefinition.java:29)
at io.cucumber.core.runner.CoreStepDefinition.execute(CoreStepDefinition.java:66)
at io.cucumber.core.runner.PickleStepDefinitionMatch.runStep(PickleStepDefinitionMatch.java:63)
at io.cucumber.core.runner.ExecutionMode$1.execute(ExecutionMode.java:10)
at io.cucumber.core.runner.TestStep.executeStep(TestStep.java:92)
at io.cucumber.core.runner.TestStep.run(TestStep.java:64)
at io.cucumber.core.runner.PickleStepTestStep.run(PickleStepTestStep.java:51)
at io.cucumber.core.runner.TestCase.run(TestCase.java:104)
at io.cucumber.core.runner.Runner.runPickle(Runner.java:71)
at io.cucumber.testng.TestNGCucumberRunner.lambda$runScenario$0(TestNGCucumberRunner.java:116)
at io.cucumber.core.runtime.CucumberExecutionContext.runTestCase(CucumberExecutionContext.java:117)
at io.cucumber.testng.TestNGCucumberRunner.runScenario(TestNGCucumberRunner.java:113)
at io.cucumber.testng.AbstractTestNGCucumberTests.runScenario(AbstractTestNGCucumberTests.java:31)
at jdk.internal.reflect.GeneratedMethodAccessor8.invoke(Unknown Source)
at java.base/jdk.internal.reflect.DelegatingMethodAccessorImpl.invoke(DelegatingMethodAccessorImpl.java:43)
at java.base/java.lang.reflect.Method.invoke(Method.java:568)
at org.testng.internal.MethodInvocationHelper.invokeMethod(MethodInvocationHelper.java:133)
at org.testng.internal.TestInvoker.invokeMethod(TestInvoker.java:598)
at org.testng.internal.TestInvoker.invokeTestMethod(TestInvoker.java:173)
at org.testng.internal.MethodRunner.runInSequence(MethodRunner.java:46)
at org.testng.internal.TestInvoker$MethodInvocationAgent.invoke(TestInvoker.java:824)
at org.testng.internal.TestInvoker.invokeTestMethods(TestInvoker.java:146)
at org.testng.internal.TestMethodWorker.invokeTestMethods(TestMethodWorker.java:146)
at org.testng.internal.TestMethodWorker.run(TestMethodWorker.java:128)
at java.base/java.util.concurrent.ThreadPoolExecutor.runWorker(ThreadPoolExecutor.java:1136)
at java.base/java.util.concurrent.ThreadPoolExecutor$Worker.run(ThreadPoolExecutor.java:635)
at java.base/java.lang.Thread.run(Thread.java:833)
]]>
    </error>
  </testcase> <!-- runScenario -->
  <system-out/>
  <testcase classname="runner.StudentTestRunner7" name="runScenario" time="105.199">
    <failure message="expected:&lt;A database error has occurred.  The process could not complete.&gt; but was:&lt;A database error has occurred. The process could not complete.&gt;" type="java.lang.AssertionError">
      <![CDATA[java.lang.AssertionError: expected:<A database error has occurred.  The process could not complete.> but was:<A database error has occurred. The process could not complete.>
at org.testng.AssertJUnit.fail(AssertJUnit.java:65)
at org.testng.AssertJUnit.failNotEquals(AssertJUnit.java:468)
at org.testng.AssertJUnit.assertEquals(AssertJUnit.java:88)
at org.testng.AssertJUnit.assertEquals(AssertJUnit.java:98)
at pages.StudentMainPage.AddDegreesToStudent(StudentMainPage.java:2956)
at Stepdefinitions.StudentSteps7.user_degrees_honors_badges(StudentSteps7.java:328)
at ✽.User Degrees Honors Badges"1"(file:///C:/Users/SnehaV/Playrepo/PlayWrightBDD/src/test/resources/features/StudentTestCases7.feature:147)
]]>
    </failure>
  </testcase> <!-- runScenario -->
  <system-out/>
</testsuite> <!-- runner.StudentTestRunner7 -->
