<?xml version="1.0" encoding="UTF-8"?>
<!-- Generated by org.testng.reporters.JUnitReportReporter -->
<testsuite hostname="LPTIN-24Z3GG3" failures="5" tests="15" name="runner.StudentTestRunner2" time="1963.511" errors="0" timestamp="2023-07-25T14:23:27 IST" skipped="0">
  <testcase classname="runner.StudentTestRunner2" name="runScenario" time="104.044"/>
  <system-out/>
  <testcase classname="runner.StudentTestRunner2" name="runScenario" time="105.477"/>
  <system-out/>
  <testcase classname="runner.StudentTestRunner2" name="runScenario" time="144.040">
    <failure message="com.microsoft.playwright.PlaywrightException: Error {
  message=&#039;Target page, context or browser has been closed
  name=&#039;Error
  stack=&#039;Error: Target page, context or browser has been closed
    at DispatcherConnection.dispatch (C:\Users\SnehaV\AppData\Local\Temp\playwright-java-1320795035016766314\package\lib\server\dispatchers\dispatcher.js:232:49)
    at PipeTransport.transport.onmessage (C:\Users\SnehaV\AppData\Local\Temp\playwright-java-1320795035016766314\package\lib\cli\driver.js:50:57)
    at Immediate._onImmediate (C:\Users\SnehaV\AppData\Local\Temp\playwright-java-1320795035016766314\package\lib\protocol\transport.js:77:34)
    at processImmediate (node:internal/timers:466:21)
}
	at com.microsoft.playwright.impl.WaitableResult.get(WaitableResult.java:54)
	at com.microsoft.playwright.impl.ChannelOwner.runUntil(ChannelOwner.java:111)
	at com.microsoft.playwright.impl.Connection.sendMessage(Connection.java:119)
	at com.microsoft.playwright.impl.ChannelOwner.sendMessage(ChannelOwner.java:102)
	at com.microsoft.playwright.impl.PageImpl.screenshotImpl(PageImpl.java:1106)
	at com.microsoft.playwright.impl.PageImpl.lambda$screenshot$64(PageImpl.java:1050)
	at com.microsoft.playwright.impl.LoggingSupport.withLogging(LoggingSupport.java:47)
	at com.microsoft.playwright.impl.ChannelOwner.withLogging(ChannelOwner.java:87)
	at com.microsoft.playwright.impl.PageImpl.screenshot(PageImpl.java:1050)
	at genericFunctions.PlaywrightFactory.TakeScreenshot(PlaywrightFactory.java:144)
	at genericFunctions.BaseElement.click(BaseElement.java:71)
	at genericFunctions.Dropdown.click(Dropdown.java:14)
	at pages.StudentMainPage.schoolfield(StudentMainPage.java:1351)
	at Stepdefinitions.StudentSteps2.user_click_on_schoolfield_and_other_mandatory_field(StudentSteps2.java:277)
	at java.base/jdk.internal.reflect.NativeMethodAccessorImpl.invoke0(Native Method)
	at java.base/jdk.internal.reflect.NativeMethodAccessorImpl.invoke(NativeMethodAccessorImpl.java:77)
	at java.base/jdk.internal.reflect.DelegatingMethodAccessorImpl.invoke(DelegatingMethodAccessorImpl.java:43)
	at java.base/java.lang.reflect.Method.invoke(Method.java:568)
	at io.cucumber.java.Invoker.doInvoke(Invoker.java:66)
	at io.cucumber.java.Invoker.invoke(Invoker.java:24)
	at io.cucumber.java.AbstractGlueDefinition.invokeMethod(AbstractGlueDefinition.java:47)
	at io.cucumber.java.JavaStepDefinition.execute(JavaStepDefinition.java:29)
	at io.cucumber.core.runner.CoreStepDefinition.execute(CoreStepDefinition.java:66)
	at io.cucumber.core.runner.PickleStepDefinitionMatch.runStep(PickleStepDefinitionMatch.java:63)
	at io.cucumber.core.runner.ExecutionMode$1.execute(ExecutionMode.java:10)
	at io.cucumber.core.runner.TestStep.executeStep(TestStep.java:92)
	at io.cucumber.core.runner.TestStep.run(TestStep.java:64)
	at io.cucumber.core.runner.PickleStepTestStep.run(PickleStepTestStep.java:51)
	at io.cucumber.core.runner.TestCase.run(TestCase.java:104)
	at io.cucumber.core.runner.Runner.runPickle(Runner.java:71)
	at io.cucumber.testng.TestNGCucumberRunner.lambda$runScenario$0(TestNGCucumberRunner.java:116)
	at io.cucumber.core.runtime.CucumberExecutionContext.runTestCase(CucumberExecutionContext.java:117)
	at io.cucumber.testng.TestNGCucumberRunner.runScenario(TestNGCucumberRunner.java:113)
	at io.cucumber.testng.AbstractTestNGCucumberTests.runScenario(AbstractTestNGCucumberTests.java:31)
	at jdk.internal.reflect.GeneratedMethodAccessor8.invoke(Unknown Source)
	at java.base/jdk.internal.reflect.DelegatingMethodAccessorImpl.invoke(DelegatingMethodAccessorImpl.java:43)
	at java.base/java.lang.reflect.Method.invoke(Method.java:568)
	at org.testng.internal.MethodInvocationHelper.invokeMethod(MethodInvocationHelper.java:133)
	at org.testng.internal.TestInvoker.invokeMethod(TestInvoker.java:598)
	at org.testng.internal.TestInvoker.invokeTestMethod(TestInvoker.java:173)
	at org.testng.internal.MethodRunner.runInSequence(MethodRunner.java:46)
	at org.testng.internal.TestInvoker$MethodInvocationAgent.invoke(TestInvoker.java:824)
	at org.testng.internal.TestInvoker.invokeTestMethods(TestInvoker.java:146)
	at org.testng.internal.TestMethodWorker.invokeTestMethods(TestMethodWorker.java:146)
	at org.testng.internal.TestMethodWorker.run(TestMethodWorker.java:128)
	at java.base/java.util.concurrent.ThreadPoolExecutor.runWorker(ThreadPoolExecutor.java:1136)
	at java.base/java.util.concurrent.ThreadPoolExecutor$Worker.run(ThreadPoolExecutor.java:635)
	at java.base/java.lang.Thread.run(Thread.java:833)
Caused by: com.microsoft.playwright.impl.DriverException: Error {
  message=&#039;Target page, context or browser has been closed
  name=&#039;Error
  stack=&#039;Error: Target page, context or browser has been closed
    at DispatcherConnection.dispatch (C:\Users\SnehaV\AppData\Local\Temp\playwright-java-1320795035016766314\package\lib\server\dispatchers\dispatcher.js:232:49)
    at PipeTransport.transport.onmessage (C:\Users\SnehaV\AppData\Local\Temp\playwright-java-1320795035016766314\package\lib\cli\driver.js:50:57)
    at Immediate._onImmediate (C:\Users\SnehaV\AppData\Local\Temp\playwright-java-1320795035016766314\package\lib\protocol\transport.js:77:34)
    at processImmediate (node:internal/timers:466:21)
}
	at com.microsoft.playwright.impl.Connection.dispatch(Connection.java:201)
	at com.microsoft.playwright.impl.Connection.processOneMessage(Connection.java:181)
	at com.microsoft.playwright.impl.ChannelOwner.runUntil(ChannelOwner.java:109)
	... 46 more
 expected [true] but found [false]" type="java.lang.AssertionError">
      <![CDATA[java.lang.AssertionError: com.microsoft.playwright.PlaywrightException: Error {
  message='Target page, context or browser has been closed
  name='Error
  stack='Error: Target page, context or browser has been closed
    at DispatcherConnection.dispatch (C:\Users\SnehaV\AppData\Local\Temp\playwright-java-1320795035016766314\package\lib\server\dispatchers\dispatcher.js:232:49)
    at PipeTransport.transport.onmessage (C:\Users\SnehaV\AppData\Local\Temp\playwright-java-1320795035016766314\package\lib\cli\driver.js:50:57)
    at Immediate._onImmediate (C:\Users\SnehaV\AppData\Local\Temp\playwright-java-1320795035016766314\package\lib\protocol\transport.js:77:34)
    at processImmediate (node:internal/timers:466:21)
}
at com.microsoft.playwright.impl.WaitableResult.get(WaitableResult.java:54)
at com.microsoft.playwright.impl.ChannelOwner.runUntil(ChannelOwner.java:111)
at com.microsoft.playwright.impl.Connection.sendMessage(Connection.java:119)
at com.microsoft.playwright.impl.ChannelOwner.sendMessage(ChannelOwner.java:102)
at com.microsoft.playwright.impl.PageImpl.screenshotImpl(PageImpl.java:1106)
at com.microsoft.playwright.impl.PageImpl.lambda$screenshot$64(PageImpl.java:1050)
at com.microsoft.playwright.impl.LoggingSupport.withLogging(LoggingSupport.java:47)
at com.microsoft.playwright.impl.ChannelOwner.withLogging(ChannelOwner.java:87)
at com.microsoft.playwright.impl.PageImpl.screenshot(PageImpl.java:1050)
at genericFunctions.PlaywrightFactory.TakeScreenshot(PlaywrightFactory.java:144)
at genericFunctions.BaseElement.click(BaseElement.java:71)
at genericFunctions.Dropdown.click(Dropdown.java:14)
at pages.StudentMainPage.schoolfield(StudentMainPage.java:1351)
at Stepdefinitions.StudentSteps2.user_click_on_schoolfield_and_other_mandatory_field(StudentSteps2.java:277)
at java.base/jdk.internal.reflect.NativeMethodAccessorImpl.invoke0(Native Method)
at java.base/jdk.internal.reflect.NativeMethodAccessorImpl.invoke(NativeMethodAccessorImpl.java:77)
at java.base/jdk.internal.reflect.DelegatingMethodAccessorImpl.invoke(DelegatingMethodAccessorImpl.java:43)
at java.base/java.lang.reflect.Method.invoke(Method.java:568)
at io.cucumber.java.Invoker.doInvoke(Invoker.java:66)
at io.cucumber.java.Invoker.invoke(Invoker.java:24)
at io.cucumber.java.AbstractGlueDefinition.invokeMethod(AbstractGlueDefinition.java:47)
at io.cucumber.java.JavaStepDefinition.execute(JavaStepDefinition.java:29)
at io.cucumber.core.runner.CoreStepDefinition.execute(CoreStepDefinition.java:66)
at io.cucumber.core.runner.PickleStepDefinitionMatch.runStep(PickleStepDefinitionMatch.java:63)
at io.cucumber.core.runner.ExecutionMode$1.execute(ExecutionMode.java:10)
at io.cucumber.core.runner.TestStep.executeStep(TestStep.java:92)
at io.cucumber.core.runner.TestStep.run(TestStep.java:64)
at io.cucumber.core.runner.PickleStepTestStep.run(PickleStepTestStep.java:51)
at io.cucumber.core.runner.TestCase.run(TestCase.java:104)
at io.cucumber.core.runner.Runner.runPickle(Runner.java:71)
at io.cucumber.testng.TestNGCucumberRunner.lambda$runScenario$0(TestNGCucumberRunner.java:116)
at io.cucumber.core.runtime.CucumberExecutionContext.runTestCase(CucumberExecutionContext.java:117)
at io.cucumber.testng.TestNGCucumberRunner.runScenario(TestNGCucumberRunner.java:113)
at io.cucumber.testng.AbstractTestNGCucumberTests.runScenario(AbstractTestNGCucumberTests.java:31)
at jdk.internal.reflect.GeneratedMethodAccessor8.invoke(Unknown Source)
at java.base/jdk.internal.reflect.DelegatingMethodAccessorImpl.invoke(DelegatingMethodAccessorImpl.java:43)
at java.base/java.lang.reflect.Method.invoke(Method.java:568)
at org.testng.internal.MethodInvocationHelper.invokeMethod(MethodInvocationHelper.java:133)
at org.testng.internal.TestInvoker.invokeMethod(TestInvoker.java:598)
at org.testng.internal.TestInvoker.invokeTestMethod(TestInvoker.java:173)
at org.testng.internal.MethodRunner.runInSequence(MethodRunner.java:46)
at org.testng.internal.TestInvoker$MethodInvocationAgent.invoke(TestInvoker.java:824)
at org.testng.internal.TestInvoker.invokeTestMethods(TestInvoker.java:146)
at org.testng.internal.TestMethodWorker.invokeTestMethods(TestMethodWorker.java:146)
at org.testng.internal.TestMethodWorker.run(TestMethodWorker.java:128)
at java.base/java.util.concurrent.ThreadPoolExecutor.runWorker(ThreadPoolExecutor.java:1136)
at java.base/java.util.concurrent.ThreadPoolExecutor$Worker.run(ThreadPoolExecutor.java:635)
at java.base/java.lang.Thread.run(Thread.java:833)
Caused by: com.microsoft.playwright.impl.DriverException: Error {
  message='Target page, context or browser has been closed
  name='Error
  stack='Error: Target page, context or browser has been closed
    at DispatcherConnection.dispatch (C:\Users\SnehaV\AppData\Local\Temp\playwright-java-1320795035016766314\package\lib\server\dispatchers\dispatcher.js:232:49)
    at PipeTransport.transport.onmessage (C:\Users\SnehaV\AppData\Local\Temp\playwright-java-1320795035016766314\package\lib\cli\driver.js:50:57)
    at Immediate._onImmediate (C:\Users\SnehaV\AppData\Local\Temp\playwright-java-1320795035016766314\package\lib\protocol\transport.js:77:34)
    at processImmediate (node:internal/timers:466:21)
}
at com.microsoft.playwright.impl.Connection.dispatch(Connection.java:201)
at com.microsoft.playwright.impl.Connection.processOneMessage(Connection.java:181)
at com.microsoft.playwright.impl.ChannelOwner.runUntil(ChannelOwner.java:109)
... 46 more
 expected [true] but found [false]
at org.testng.Assert.fail(Assert.java:99)
at org.testng.Assert.failNotEquals(Assert.java:1037)
at org.testng.Assert.assertTrue(Assert.java:45)
at Stepdefinitions.StudentSteps2.user_click_on_schoolfield_and_other_mandatory_field(StudentSteps2.java:282)
at ✽.User click on schoolfield and other mandatory field."1"(file:///C:/Users/SnehaV/Playrepo/PlayWrightBDD/src/test/resources/Features/StudentTestCases2.feature:189)
]]>
    </failure>
  </testcase> <!-- runScenario -->
  <system-out/>
  <testcase classname="runner.StudentTestRunner2" name="runScenario" time="131.240"/>
  <system-out/>
  <testcase classname="runner.StudentTestRunner2" name="runScenario" time="85.409"/>
  <system-out/>
  <testcase classname="runner.StudentTestRunner2" name="runScenario" time="150.935">
    <failure message="com.microsoft.playwright.PlaywrightException: Error {
  message=&#039;Target page, context or browser has been closed
  name=&#039;Error
  stack=&#039;Error: Target page, context or browser has been closed
    at DispatcherConnection.dispatch (C:\Users\SnehaV\AppData\Local\Temp\playwright-java-1320795035016766314\package\lib\server\dispatchers\dispatcher.js:232:49)
    at PipeTransport.transport.onmessage (C:\Users\SnehaV\AppData\Local\Temp\playwright-java-1320795035016766314\package\lib\cli\driver.js:50:57)
    at Immediate._onImmediate (C:\Users\SnehaV\AppData\Local\Temp\playwright-java-1320795035016766314\package\lib\protocol\transport.js:77:34)
    at processImmediate (node:internal/timers:466:21)
}
	at com.microsoft.playwright.impl.WaitableResult.get(WaitableResult.java:54)
	at com.microsoft.playwright.impl.ChannelOwner.runUntil(ChannelOwner.java:111)
	at com.microsoft.playwright.impl.Connection.sendMessage(Connection.java:119)
	at com.microsoft.playwright.impl.ChannelOwner.sendMessage(ChannelOwner.java:102)
	at com.microsoft.playwright.impl.PageImpl.screenshotImpl(PageImpl.java:1106)
	at com.microsoft.playwright.impl.PageImpl.lambda$screenshot$64(PageImpl.java:1050)
	at com.microsoft.playwright.impl.LoggingSupport.withLogging(LoggingSupport.java:47)
	at com.microsoft.playwright.impl.ChannelOwner.withLogging(ChannelOwner.java:87)
	at com.microsoft.playwright.impl.PageImpl.screenshot(PageImpl.java:1050)
	at genericFunctions.PlaywrightFactory.TakeScreenshot(PlaywrightFactory.java:144)
	at genericFunctions.BaseElement.click(BaseElement.java:71)
	at genericFunctions.Link.click(Link.java:14)
	at pages.StudentMainPage.IndivisualAttendece(StudentMainPage.java:886)
	at Stepdefinitions.StudentSteps2.user_click_on_the_academic_record_student_course_and_attendece(StudentSteps2.java:75)
	at java.base/jdk.internal.reflect.NativeMethodAccessorImpl.invoke0(Native Method)
	at java.base/jdk.internal.reflect.NativeMethodAccessorImpl.invoke(NativeMethodAccessorImpl.java:77)
	at java.base/jdk.internal.reflect.DelegatingMethodAccessorImpl.invoke(DelegatingMethodAccessorImpl.java:43)
	at java.base/java.lang.reflect.Method.invoke(Method.java:568)
	at io.cucumber.java.Invoker.doInvoke(Invoker.java:66)
	at io.cucumber.java.Invoker.invoke(Invoker.java:24)
	at io.cucumber.java.AbstractGlueDefinition.invokeMethod(AbstractGlueDefinition.java:47)
	at io.cucumber.java.JavaStepDefinition.execute(JavaStepDefinition.java:29)
	at io.cucumber.core.runner.CoreStepDefinition.execute(CoreStepDefinition.java:66)
	at io.cucumber.core.runner.PickleStepDefinitionMatch.runStep(PickleStepDefinitionMatch.java:63)
	at io.cucumber.core.runner.ExecutionMode$1.execute(ExecutionMode.java:10)
	at io.cucumber.core.runner.TestStep.executeStep(TestStep.java:92)
	at io.cucumber.core.runner.TestStep.run(TestStep.java:64)
	at io.cucumber.core.runner.PickleStepTestStep.run(PickleStepTestStep.java:51)
	at io.cucumber.core.runner.TestCase.run(TestCase.java:104)
	at io.cucumber.core.runner.Runner.runPickle(Runner.java:71)
	at io.cucumber.testng.TestNGCucumberRunner.lambda$runScenario$0(TestNGCucumberRunner.java:116)
	at io.cucumber.core.runtime.CucumberExecutionContext.runTestCase(CucumberExecutionContext.java:117)
	at io.cucumber.testng.TestNGCucumberRunner.runScenario(TestNGCucumberRunner.java:113)
	at io.cucumber.testng.AbstractTestNGCucumberTests.runScenario(AbstractTestNGCucumberTests.java:31)
	at java.base/jdk.internal.reflect.NativeMethodAccessorImpl.invoke0(Native Method)
	at java.base/jdk.internal.reflect.NativeMethodAccessorImpl.invoke(NativeMethodAccessorImpl.java:77)
	at java.base/jdk.internal.reflect.DelegatingMethodAccessorImpl.invoke(DelegatingMethodAccessorImpl.java:43)
	at java.base/java.lang.reflect.Method.invoke(Method.java:568)
	at org.testng.internal.MethodInvocationHelper.invokeMethod(MethodInvocationHelper.java:133)
	at org.testng.internal.TestInvoker.invokeMethod(TestInvoker.java:598)
	at org.testng.internal.TestInvoker.invokeTestMethod(TestInvoker.java:173)
	at org.testng.internal.MethodRunner.runInSequence(MethodRunner.java:46)
	at org.testng.internal.TestInvoker$MethodInvocationAgent.invoke(TestInvoker.java:824)
	at org.testng.internal.TestInvoker.invokeTestMethods(TestInvoker.java:146)
	at org.testng.internal.TestMethodWorker.invokeTestMethods(TestMethodWorker.java:146)
	at org.testng.internal.TestMethodWorker.run(TestMethodWorker.java:128)
	at java.base/java.util.concurrent.ThreadPoolExecutor.runWorker(ThreadPoolExecutor.java:1136)
	at java.base/java.util.concurrent.ThreadPoolExecutor$Worker.run(ThreadPoolExecutor.java:635)
	at java.base/java.lang.Thread.run(Thread.java:833)
Caused by: com.microsoft.playwright.impl.DriverException: Error {
  message=&#039;Target page, context or browser has been closed
  name=&#039;Error
  stack=&#039;Error: Target page, context or browser has been closed
    at DispatcherConnection.dispatch (C:\Users\SnehaV\AppData\Local\Temp\playwright-java-1320795035016766314\package\lib\server\dispatchers\dispatcher.js:232:49)
    at PipeTransport.transport.onmessage (C:\Users\SnehaV\AppData\Local\Temp\playwright-java-1320795035016766314\package\lib\cli\driver.js:50:57)
    at Immediate._onImmediate (C:\Users\SnehaV\AppData\Local\Temp\playwright-java-1320795035016766314\package\lib\protocol\transport.js:77:34)
    at processImmediate (node:internal/timers:466:21)
}
	at com.microsoft.playwright.impl.Connection.dispatch(Connection.java:201)
	at com.microsoft.playwright.impl.Connection.processOneMessage(Connection.java:181)
	at com.microsoft.playwright.impl.ChannelOwner.runUntil(ChannelOwner.java:109)
	... 47 more
 expected [true] but found [false]" type="java.lang.AssertionError">
      <![CDATA[java.lang.AssertionError: com.microsoft.playwright.PlaywrightException: Error {
  message='Target page, context or browser has been closed
  name='Error
  stack='Error: Target page, context or browser has been closed
    at DispatcherConnection.dispatch (C:\Users\SnehaV\AppData\Local\Temp\playwright-java-1320795035016766314\package\lib\server\dispatchers\dispatcher.js:232:49)
    at PipeTransport.transport.onmessage (C:\Users\SnehaV\AppData\Local\Temp\playwright-java-1320795035016766314\package\lib\cli\driver.js:50:57)
    at Immediate._onImmediate (C:\Users\SnehaV\AppData\Local\Temp\playwright-java-1320795035016766314\package\lib\protocol\transport.js:77:34)
    at processImmediate (node:internal/timers:466:21)
}
at com.microsoft.playwright.impl.WaitableResult.get(WaitableResult.java:54)
at com.microsoft.playwright.impl.ChannelOwner.runUntil(ChannelOwner.java:111)
at com.microsoft.playwright.impl.Connection.sendMessage(Connection.java:119)
at com.microsoft.playwright.impl.ChannelOwner.sendMessage(ChannelOwner.java:102)
at com.microsoft.playwright.impl.PageImpl.screenshotImpl(PageImpl.java:1106)
at com.microsoft.playwright.impl.PageImpl.lambda$screenshot$64(PageImpl.java:1050)
at com.microsoft.playwright.impl.LoggingSupport.withLogging(LoggingSupport.java:47)
at com.microsoft.playwright.impl.ChannelOwner.withLogging(ChannelOwner.java:87)
at com.microsoft.playwright.impl.PageImpl.screenshot(PageImpl.java:1050)
at genericFunctions.PlaywrightFactory.TakeScreenshot(PlaywrightFactory.java:144)
at genericFunctions.BaseElement.click(BaseElement.java:71)
at genericFunctions.Link.click(Link.java:14)
at pages.StudentMainPage.IndivisualAttendece(StudentMainPage.java:886)
at Stepdefinitions.StudentSteps2.user_click_on_the_academic_record_student_course_and_attendece(StudentSteps2.java:75)
at java.base/jdk.internal.reflect.NativeMethodAccessorImpl.invoke0(Native Method)
at java.base/jdk.internal.reflect.NativeMethodAccessorImpl.invoke(NativeMethodAccessorImpl.java:77)
at java.base/jdk.internal.reflect.DelegatingMethodAccessorImpl.invoke(DelegatingMethodAccessorImpl.java:43)
at java.base/java.lang.reflect.Method.invoke(Method.java:568)
at io.cucumber.java.Invoker.doInvoke(Invoker.java:66)
at io.cucumber.java.Invoker.invoke(Invoker.java:24)
at io.cucumber.java.AbstractGlueDefinition.invokeMethod(AbstractGlueDefinition.java:47)
at io.cucumber.java.JavaStepDefinition.execute(JavaStepDefinition.java:29)
at io.cucumber.core.runner.CoreStepDefinition.execute(CoreStepDefinition.java:66)
at io.cucumber.core.runner.PickleStepDefinitionMatch.runStep(PickleStepDefinitionMatch.java:63)
at io.cucumber.core.runner.ExecutionMode$1.execute(ExecutionMode.java:10)
at io.cucumber.core.runner.TestStep.executeStep(TestStep.java:92)
at io.cucumber.core.runner.TestStep.run(TestStep.java:64)
at io.cucumber.core.runner.PickleStepTestStep.run(PickleStepTestStep.java:51)
at io.cucumber.core.runner.TestCase.run(TestCase.java:104)
at io.cucumber.core.runner.Runner.runPickle(Runner.java:71)
at io.cucumber.testng.TestNGCucumberRunner.lambda$runScenario$0(TestNGCucumberRunner.java:116)
at io.cucumber.core.runtime.CucumberExecutionContext.runTestCase(CucumberExecutionContext.java:117)
at io.cucumber.testng.TestNGCucumberRunner.runScenario(TestNGCucumberRunner.java:113)
at io.cucumber.testng.AbstractTestNGCucumberTests.runScenario(AbstractTestNGCucumberTests.java:31)
at java.base/jdk.internal.reflect.NativeMethodAccessorImpl.invoke0(Native Method)
at java.base/jdk.internal.reflect.NativeMethodAccessorImpl.invoke(NativeMethodAccessorImpl.java:77)
at java.base/jdk.internal.reflect.DelegatingMethodAccessorImpl.invoke(DelegatingMethodAccessorImpl.java:43)
at java.base/java.lang.reflect.Method.invoke(Method.java:568)
at org.testng.internal.MethodInvocationHelper.invokeMethod(MethodInvocationHelper.java:133)
at org.testng.internal.TestInvoker.invokeMethod(TestInvoker.java:598)
at org.testng.internal.TestInvoker.invokeTestMethod(TestInvoker.java:173)
at org.testng.internal.MethodRunner.runInSequence(MethodRunner.java:46)
at org.testng.internal.TestInvoker$MethodInvocationAgent.invoke(TestInvoker.java:824)
at org.testng.internal.TestInvoker.invokeTestMethods(TestInvoker.java:146)
at org.testng.internal.TestMethodWorker.invokeTestMethods(TestMethodWorker.java:146)
at org.testng.internal.TestMethodWorker.run(TestMethodWorker.java:128)
at java.base/java.util.concurrent.ThreadPoolExecutor.runWorker(ThreadPoolExecutor.java:1136)
at java.base/java.util.concurrent.ThreadPoolExecutor$Worker.run(ThreadPoolExecutor.java:635)
at java.base/java.lang.Thread.run(Thread.java:833)
Caused by: com.microsoft.playwright.impl.DriverException: Error {
  message='Target page, context or browser has been closed
  name='Error
  stack='Error: Target page, context or browser has been closed
    at DispatcherConnection.dispatch (C:\Users\SnehaV\AppData\Local\Temp\playwright-java-1320795035016766314\package\lib\server\dispatchers\dispatcher.js:232:49)
    at PipeTransport.transport.onmessage (C:\Users\SnehaV\AppData\Local\Temp\playwright-java-1320795035016766314\package\lib\cli\driver.js:50:57)
    at Immediate._onImmediate (C:\Users\SnehaV\AppData\Local\Temp\playwright-java-1320795035016766314\package\lib\protocol\transport.js:77:34)
    at processImmediate (node:internal/timers:466:21)
}
at com.microsoft.playwright.impl.Connection.dispatch(Connection.java:201)
at com.microsoft.playwright.impl.Connection.processOneMessage(Connection.java:181)
at com.microsoft.playwright.impl.ChannelOwner.runUntil(ChannelOwner.java:109)
... 47 more
 expected [true] but found [false]
at org.testng.Assert.fail(Assert.java:99)
at org.testng.Assert.failNotEquals(Assert.java:1037)
at org.testng.Assert.assertTrue(Assert.java:45)
at Stepdefinitions.StudentSteps2.user_click_on_the_academic_record_student_course_and_attendece(StudentSteps2.java:80)
at ✽.User click on the Academic record student course and attendece."1"(file:///C:/Users/SnehaV/Playrepo/PlayWrightBDD/src/test/resources/Features/StudentTestCases2.feature:24)
]]>
    </failure>
  </testcase> <!-- runScenario -->
  <system-out/>
  <testcase classname="runner.StudentTestRunner2" name="runScenario" time="161.363">
    <failure message="com.microsoft.playwright.PlaywrightException: Error {
  message=&#039;Target page, context or browser has been closed
  name=&#039;Error
  stack=&#039;Error: Target page, context or browser has been closed
    at DispatcherConnection.dispatch (C:\Users\SnehaV\AppData\Local\Temp\playwright-java-1320795035016766314\package\lib\server\dispatchers\dispatcher.js:232:49)
    at PipeTransport.transport.onmessage (C:\Users\SnehaV\AppData\Local\Temp\playwright-java-1320795035016766314\package\lib\cli\driver.js:50:57)
    at Immediate._onImmediate (C:\Users\SnehaV\AppData\Local\Temp\playwright-java-1320795035016766314\package\lib\protocol\transport.js:77:34)
    at processImmediate (node:internal/timers:466:21)
}
	at com.microsoft.playwright.impl.WaitableResult.get(WaitableResult.java:54)
	at com.microsoft.playwright.impl.ChannelOwner.runUntil(ChannelOwner.java:111)
	at com.microsoft.playwright.impl.Connection.sendMessage(Connection.java:119)
	at com.microsoft.playwright.impl.ChannelOwner.sendMessage(ChannelOwner.java:102)
	at com.microsoft.playwright.impl.PageImpl.screenshotImpl(PageImpl.java:1106)
	at com.microsoft.playwright.impl.PageImpl.lambda$screenshot$64(PageImpl.java:1050)
	at com.microsoft.playwright.impl.LoggingSupport.withLogging(LoggingSupport.java:47)
	at com.microsoft.playwright.impl.ChannelOwner.withLogging(ChannelOwner.java:87)
	at com.microsoft.playwright.impl.PageImpl.screenshot(PageImpl.java:1050)
	at genericFunctions.PlaywrightFactory.TakeScreenshot(PlaywrightFactory.java:144)
	at genericFunctions.BaseElement.click(BaseElement.java:71)
	at genericFunctions.Button.click(Button.java:14)
	at pages.StudentMainPage.postrefund(StudentMainPage.java:1056)
	at Stepdefinitions.StudentSteps2.user_click_on_student_account_ledger_card_and_refund(StudentSteps2.java:177)
	at java.base/jdk.internal.reflect.NativeMethodAccessorImpl.invoke0(Native Method)
	at java.base/jdk.internal.reflect.NativeMethodAccessorImpl.invoke(NativeMethodAccessorImpl.java:77)
	at java.base/jdk.internal.reflect.DelegatingMethodAccessorImpl.invoke(DelegatingMethodAccessorImpl.java:43)
	at java.base/java.lang.reflect.Method.invoke(Method.java:568)
	at io.cucumber.java.Invoker.doInvoke(Invoker.java:66)
	at io.cucumber.java.Invoker.invoke(Invoker.java:24)
	at io.cucumber.java.AbstractGlueDefinition.invokeMethod(AbstractGlueDefinition.java:47)
	at io.cucumber.java.JavaStepDefinition.execute(JavaStepDefinition.java:29)
	at io.cucumber.core.runner.CoreStepDefinition.execute(CoreStepDefinition.java:66)
	at io.cucumber.core.runner.PickleStepDefinitionMatch.runStep(PickleStepDefinitionMatch.java:63)
	at io.cucumber.core.runner.ExecutionMode$1.execute(ExecutionMode.java:10)
	at io.cucumber.core.runner.TestStep.executeStep(TestStep.java:92)
	at io.cucumber.core.runner.TestStep.run(TestStep.java:64)
	at io.cucumber.core.runner.PickleStepTestStep.run(PickleStepTestStep.java:51)
	at io.cucumber.core.runner.TestCase.run(TestCase.java:104)
	at io.cucumber.core.runner.Runner.runPickle(Runner.java:71)
	at io.cucumber.testng.TestNGCucumberRunner.lambda$runScenario$0(TestNGCucumberRunner.java:116)
	at io.cucumber.core.runtime.CucumberExecutionContext.runTestCase(CucumberExecutionContext.java:117)
	at io.cucumber.testng.TestNGCucumberRunner.runScenario(TestNGCucumberRunner.java:113)
	at io.cucumber.testng.AbstractTestNGCucumberTests.runScenario(AbstractTestNGCucumberTests.java:31)
	at jdk.internal.reflect.GeneratedMethodAccessor8.invoke(Unknown Source)
	at java.base/jdk.internal.reflect.DelegatingMethodAccessorImpl.invoke(DelegatingMethodAccessorImpl.java:43)
	at java.base/java.lang.reflect.Method.invoke(Method.java:568)
	at org.testng.internal.MethodInvocationHelper.invokeMethod(MethodInvocationHelper.java:133)
	at org.testng.internal.TestInvoker.invokeMethod(TestInvoker.java:598)
	at org.testng.internal.TestInvoker.invokeTestMethod(TestInvoker.java:173)
	at org.testng.internal.MethodRunner.runInSequence(MethodRunner.java:46)
	at org.testng.internal.TestInvoker$MethodInvocationAgent.invoke(TestInvoker.java:824)
	at org.testng.internal.TestInvoker.invokeTestMethods(TestInvoker.java:146)
	at org.testng.internal.TestMethodWorker.invokeTestMethods(TestMethodWorker.java:146)
	at org.testng.internal.TestMethodWorker.run(TestMethodWorker.java:128)
	at java.base/java.util.concurrent.ThreadPoolExecutor.runWorker(ThreadPoolExecutor.java:1136)
	at java.base/java.util.concurrent.ThreadPoolExecutor$Worker.run(ThreadPoolExecutor.java:635)
	at java.base/java.lang.Thread.run(Thread.java:833)
Caused by: com.microsoft.playwright.impl.DriverException: Error {
  message=&#039;Target page, context or browser has been closed
  name=&#039;Error
  stack=&#039;Error: Target page, context or browser has been closed
    at DispatcherConnection.dispatch (C:\Users\SnehaV\AppData\Local\Temp\playwright-java-1320795035016766314\package\lib\server\dispatchers\dispatcher.js:232:49)
    at PipeTransport.transport.onmessage (C:\Users\SnehaV\AppData\Local\Temp\playwright-java-1320795035016766314\package\lib\cli\driver.js:50:57)
    at Immediate._onImmediate (C:\Users\SnehaV\AppData\Local\Temp\playwright-java-1320795035016766314\package\lib\protocol\transport.js:77:34)
    at processImmediate (node:internal/timers:466:21)
}
	at com.microsoft.playwright.impl.Connection.dispatch(Connection.java:201)
	at com.microsoft.playwright.impl.Connection.processOneMessage(Connection.java:181)
	at com.microsoft.playwright.impl.ChannelOwner.runUntil(ChannelOwner.java:109)
	... 46 more
 expected [true] but found [false]" type="java.lang.AssertionError">
      <![CDATA[java.lang.AssertionError: com.microsoft.playwright.PlaywrightException: Error {
  message='Target page, context or browser has been closed
  name='Error
  stack='Error: Target page, context or browser has been closed
    at DispatcherConnection.dispatch (C:\Users\SnehaV\AppData\Local\Temp\playwright-java-1320795035016766314\package\lib\server\dispatchers\dispatcher.js:232:49)
    at PipeTransport.transport.onmessage (C:\Users\SnehaV\AppData\Local\Temp\playwright-java-1320795035016766314\package\lib\cli\driver.js:50:57)
    at Immediate._onImmediate (C:\Users\SnehaV\AppData\Local\Temp\playwright-java-1320795035016766314\package\lib\protocol\transport.js:77:34)
    at processImmediate (node:internal/timers:466:21)
}
at com.microsoft.playwright.impl.WaitableResult.get(WaitableResult.java:54)
at com.microsoft.playwright.impl.ChannelOwner.runUntil(ChannelOwner.java:111)
at com.microsoft.playwright.impl.Connection.sendMessage(Connection.java:119)
at com.microsoft.playwright.impl.ChannelOwner.sendMessage(ChannelOwner.java:102)
at com.microsoft.playwright.impl.PageImpl.screenshotImpl(PageImpl.java:1106)
at com.microsoft.playwright.impl.PageImpl.lambda$screenshot$64(PageImpl.java:1050)
at com.microsoft.playwright.impl.LoggingSupport.withLogging(LoggingSupport.java:47)
at com.microsoft.playwright.impl.ChannelOwner.withLogging(ChannelOwner.java:87)
at com.microsoft.playwright.impl.PageImpl.screenshot(PageImpl.java:1050)
at genericFunctions.PlaywrightFactory.TakeScreenshot(PlaywrightFactory.java:144)
at genericFunctions.BaseElement.click(BaseElement.java:71)
at genericFunctions.Button.click(Button.java:14)
at pages.StudentMainPage.postrefund(StudentMainPage.java:1056)
at Stepdefinitions.StudentSteps2.user_click_on_student_account_ledger_card_and_refund(StudentSteps2.java:177)
at java.base/jdk.internal.reflect.NativeMethodAccessorImpl.invoke0(Native Method)
at java.base/jdk.internal.reflect.NativeMethodAccessorImpl.invoke(NativeMethodAccessorImpl.java:77)
at java.base/jdk.internal.reflect.DelegatingMethodAccessorImpl.invoke(DelegatingMethodAccessorImpl.java:43)
at java.base/java.lang.reflect.Method.invoke(Method.java:568)
at io.cucumber.java.Invoker.doInvoke(Invoker.java:66)
at io.cucumber.java.Invoker.invoke(Invoker.java:24)
at io.cucumber.java.AbstractGlueDefinition.invokeMethod(AbstractGlueDefinition.java:47)
at io.cucumber.java.JavaStepDefinition.execute(JavaStepDefinition.java:29)
at io.cucumber.core.runner.CoreStepDefinition.execute(CoreStepDefinition.java:66)
at io.cucumber.core.runner.PickleStepDefinitionMatch.runStep(PickleStepDefinitionMatch.java:63)
at io.cucumber.core.runner.ExecutionMode$1.execute(ExecutionMode.java:10)
at io.cucumber.core.runner.TestStep.executeStep(TestStep.java:92)
at io.cucumber.core.runner.TestStep.run(TestStep.java:64)
at io.cucumber.core.runner.PickleStepTestStep.run(PickleStepTestStep.java:51)
at io.cucumber.core.runner.TestCase.run(TestCase.java:104)
at io.cucumber.core.runner.Runner.runPickle(Runner.java:71)
at io.cucumber.testng.TestNGCucumberRunner.lambda$runScenario$0(TestNGCucumberRunner.java:116)
at io.cucumber.core.runtime.CucumberExecutionContext.runTestCase(CucumberExecutionContext.java:117)
at io.cucumber.testng.TestNGCucumberRunner.runScenario(TestNGCucumberRunner.java:113)
at io.cucumber.testng.AbstractTestNGCucumberTests.runScenario(AbstractTestNGCucumberTests.java:31)
at jdk.internal.reflect.GeneratedMethodAccessor8.invoke(Unknown Source)
at java.base/jdk.internal.reflect.DelegatingMethodAccessorImpl.invoke(DelegatingMethodAccessorImpl.java:43)
at java.base/java.lang.reflect.Method.invoke(Method.java:568)
at org.testng.internal.MethodInvocationHelper.invokeMethod(MethodInvocationHelper.java:133)
at org.testng.internal.TestInvoker.invokeMethod(TestInvoker.java:598)
at org.testng.internal.TestInvoker.invokeTestMethod(TestInvoker.java:173)
at org.testng.internal.MethodRunner.runInSequence(MethodRunner.java:46)
at org.testng.internal.TestInvoker$MethodInvocationAgent.invoke(TestInvoker.java:824)
at org.testng.internal.TestInvoker.invokeTestMethods(TestInvoker.java:146)
at org.testng.internal.TestMethodWorker.invokeTestMethods(TestMethodWorker.java:146)
at org.testng.internal.TestMethodWorker.run(TestMethodWorker.java:128)
at java.base/java.util.concurrent.ThreadPoolExecutor.runWorker(ThreadPoolExecutor.java:1136)
at java.base/java.util.concurrent.ThreadPoolExecutor$Worker.run(ThreadPoolExecutor.java:635)
at java.base/java.lang.Thread.run(Thread.java:833)
Caused by: com.microsoft.playwright.impl.DriverException: Error {
  message='Target page, context or browser has been closed
  name='Error
  stack='Error: Target page, context or browser has been closed
    at DispatcherConnection.dispatch (C:\Users\SnehaV\AppData\Local\Temp\playwright-java-1320795035016766314\package\lib\server\dispatchers\dispatcher.js:232:49)
    at PipeTransport.transport.onmessage (C:\Users\SnehaV\AppData\Local\Temp\playwright-java-1320795035016766314\package\lib\cli\driver.js:50:57)
    at Immediate._onImmediate (C:\Users\SnehaV\AppData\Local\Temp\playwright-java-1320795035016766314\package\lib\protocol\transport.js:77:34)
    at processImmediate (node:internal/timers:466:21)
}
at com.microsoft.playwright.impl.Connection.dispatch(Connection.java:201)
at com.microsoft.playwright.impl.Connection.processOneMessage(Connection.java:181)
at com.microsoft.playwright.impl.ChannelOwner.runUntil(ChannelOwner.java:109)
... 46 more
 expected [true] but found [false]
at org.testng.Assert.fail(Assert.java:99)
at org.testng.Assert.failNotEquals(Assert.java:1037)
at org.testng.Assert.assertTrue(Assert.java:45)
at Stepdefinitions.StudentSteps2.user_click_on_student_account_ledger_card_and_refund(StudentSteps2.java:182)
at ✽.User click on Student account ledger card and refund"1"(file:///C:/Users/SnehaV/Playrepo/PlayWrightBDD/src/test/resources/Features/StudentTestCases2.feature:105)
]]>
    </failure>
  </testcase> <!-- runScenario -->
  <system-out/>
  <testcase classname="runner.StudentTestRunner2" name="runScenario" time="121.075"/>
  <system-out/>
  <testcase classname="runner.StudentTestRunner2" name="runScenario" time="133.319"/>
  <system-out/>
  <testcase classname="runner.StudentTestRunner2" name="runScenario" time="136.405"/>
  <system-out/>
  <testcase classname="runner.StudentTestRunner2" name="runScenario" time="126.467">
    <failure message="com.microsoft.playwright.PlaywrightException: Error {
  message=&#039;Target page, context or browser has been closed
  name=&#039;Error
  stack=&#039;Error: Target page, context or browser has been closed
    at DispatcherConnection.dispatch (C:\Users\SnehaV\AppData\Local\Temp\playwright-java-1320795035016766314\package\lib\server\dispatchers\dispatcher.js:232:49)
    at PipeTransport.transport.onmessage (C:\Users\SnehaV\AppData\Local\Temp\playwright-java-1320795035016766314\package\lib\cli\driver.js:50:57)
    at Immediate._onImmediate (C:\Users\SnehaV\AppData\Local\Temp\playwright-java-1320795035016766314\package\lib\protocol\transport.js:77:34)
    at processImmediate (node:internal/timers:466:21)
}
	at com.microsoft.playwright.impl.WaitableResult.get(WaitableResult.java:54)
	at com.microsoft.playwright.impl.ChannelOwner.runUntil(ChannelOwner.java:111)
	at com.microsoft.playwright.impl.Connection.sendMessage(Connection.java:119)
	at com.microsoft.playwright.impl.ChannelOwner.sendMessage(ChannelOwner.java:102)
	at com.microsoft.playwright.impl.PageImpl.screenshotImpl(PageImpl.java:1106)
	at com.microsoft.playwright.impl.PageImpl.lambda$screenshot$64(PageImpl.java:1050)
	at com.microsoft.playwright.impl.LoggingSupport.withLogging(LoggingSupport.java:47)
	at com.microsoft.playwright.impl.ChannelOwner.withLogging(ChannelOwner.java:87)
	at com.microsoft.playwright.impl.PageImpl.screenshot(PageImpl.java:1050)
	at genericFunctions.PlaywrightFactory.TakeScreenshot(PlaywrightFactory.java:144)
	at genericFunctions.BaseElement.click(BaseElement.java:71)
	at genericFunctions.Dropdown.click(Dropdown.java:14)
	at pages.StudentProcessPage.Batchattendence(StudentProcessPage.java:103)
	at Stepdefinitions.StudentSteps2.search_attendece_and_click_on_it_and_fill_the_mandatory_field(StudentSteps2.java:163)
	at java.base/jdk.internal.reflect.NativeMethodAccessorImpl.invoke0(Native Method)
	at java.base/jdk.internal.reflect.NativeMethodAccessorImpl.invoke(NativeMethodAccessorImpl.java:77)
	at java.base/jdk.internal.reflect.DelegatingMethodAccessorImpl.invoke(DelegatingMethodAccessorImpl.java:43)
	at java.base/java.lang.reflect.Method.invoke(Method.java:568)
	at io.cucumber.java.Invoker.doInvoke(Invoker.java:66)
	at io.cucumber.java.Invoker.invoke(Invoker.java:24)
	at io.cucumber.java.AbstractGlueDefinition.invokeMethod(AbstractGlueDefinition.java:47)
	at io.cucumber.java.JavaStepDefinition.execute(JavaStepDefinition.java:29)
	at io.cucumber.core.runner.CoreStepDefinition.execute(CoreStepDefinition.java:66)
	at io.cucumber.core.runner.PickleStepDefinitionMatch.runStep(PickleStepDefinitionMatch.java:63)
	at io.cucumber.core.runner.ExecutionMode$1.execute(ExecutionMode.java:10)
	at io.cucumber.core.runner.TestStep.executeStep(TestStep.java:92)
	at io.cucumber.core.runner.TestStep.run(TestStep.java:64)
	at io.cucumber.core.runner.PickleStepTestStep.run(PickleStepTestStep.java:51)
	at io.cucumber.core.runner.TestCase.run(TestCase.java:104)
	at io.cucumber.core.runner.Runner.runPickle(Runner.java:71)
	at io.cucumber.testng.TestNGCucumberRunner.lambda$runScenario$0(TestNGCucumberRunner.java:116)
	at io.cucumber.core.runtime.CucumberExecutionContext.runTestCase(CucumberExecutionContext.java:117)
	at io.cucumber.testng.TestNGCucumberRunner.runScenario(TestNGCucumberRunner.java:113)
	at io.cucumber.testng.AbstractTestNGCucumberTests.runScenario(AbstractTestNGCucumberTests.java:31)
	at jdk.internal.reflect.GeneratedMethodAccessor8.invoke(Unknown Source)
	at java.base/jdk.internal.reflect.DelegatingMethodAccessorImpl.invoke(DelegatingMethodAccessorImpl.java:43)
	at java.base/java.lang.reflect.Method.invoke(Method.java:568)
	at org.testng.internal.MethodInvocationHelper.invokeMethod(MethodInvocationHelper.java:133)
	at org.testng.internal.TestInvoker.invokeMethod(TestInvoker.java:598)
	at org.testng.internal.TestInvoker.invokeTestMethod(TestInvoker.java:173)
	at org.testng.internal.MethodRunner.runInSequence(MethodRunner.java:46)
	at org.testng.internal.TestInvoker$MethodInvocationAgent.invoke(TestInvoker.java:824)
	at org.testng.internal.TestInvoker.invokeTestMethods(TestInvoker.java:146)
	at org.testng.internal.TestMethodWorker.invokeTestMethods(TestMethodWorker.java:146)
	at org.testng.internal.TestMethodWorker.run(TestMethodWorker.java:128)
	at java.base/java.util.concurrent.ThreadPoolExecutor.runWorker(ThreadPoolExecutor.java:1136)
	at java.base/java.util.concurrent.ThreadPoolExecutor$Worker.run(ThreadPoolExecutor.java:635)
	at java.base/java.lang.Thread.run(Thread.java:833)
Caused by: com.microsoft.playwright.impl.DriverException: Error {
  message=&#039;Target page, context or browser has been closed
  name=&#039;Error
  stack=&#039;Error: Target page, context or browser has been closed
    at DispatcherConnection.dispatch (C:\Users\SnehaV\AppData\Local\Temp\playwright-java-1320795035016766314\package\lib\server\dispatchers\dispatcher.js:232:49)
    at PipeTransport.transport.onmessage (C:\Users\SnehaV\AppData\Local\Temp\playwright-java-1320795035016766314\package\lib\cli\driver.js:50:57)
    at Immediate._onImmediate (C:\Users\SnehaV\AppData\Local\Temp\playwright-java-1320795035016766314\package\lib\protocol\transport.js:77:34)
    at processImmediate (node:internal/timers:466:21)
}
	at com.microsoft.playwright.impl.Connection.dispatch(Connection.java:201)
	at com.microsoft.playwright.impl.Connection.processOneMessage(Connection.java:181)
	at com.microsoft.playwright.impl.ChannelOwner.runUntil(ChannelOwner.java:109)
	... 46 more
 expected [true] but found [false]" type="java.lang.AssertionError">
      <![CDATA[java.lang.AssertionError: com.microsoft.playwright.PlaywrightException: Error {
  message='Target page, context or browser has been closed
  name='Error
  stack='Error: Target page, context or browser has been closed
    at DispatcherConnection.dispatch (C:\Users\SnehaV\AppData\Local\Temp\playwright-java-1320795035016766314\package\lib\server\dispatchers\dispatcher.js:232:49)
    at PipeTransport.transport.onmessage (C:\Users\SnehaV\AppData\Local\Temp\playwright-java-1320795035016766314\package\lib\cli\driver.js:50:57)
    at Immediate._onImmediate (C:\Users\SnehaV\AppData\Local\Temp\playwright-java-1320795035016766314\package\lib\protocol\transport.js:77:34)
    at processImmediate (node:internal/timers:466:21)
}
at com.microsoft.playwright.impl.WaitableResult.get(WaitableResult.java:54)
at com.microsoft.playwright.impl.ChannelOwner.runUntil(ChannelOwner.java:111)
at com.microsoft.playwright.impl.Connection.sendMessage(Connection.java:119)
at com.microsoft.playwright.impl.ChannelOwner.sendMessage(ChannelOwner.java:102)
at com.microsoft.playwright.impl.PageImpl.screenshotImpl(PageImpl.java:1106)
at com.microsoft.playwright.impl.PageImpl.lambda$screenshot$64(PageImpl.java:1050)
at com.microsoft.playwright.impl.LoggingSupport.withLogging(LoggingSupport.java:47)
at com.microsoft.playwright.impl.ChannelOwner.withLogging(ChannelOwner.java:87)
at com.microsoft.playwright.impl.PageImpl.screenshot(PageImpl.java:1050)
at genericFunctions.PlaywrightFactory.TakeScreenshot(PlaywrightFactory.java:144)
at genericFunctions.BaseElement.click(BaseElement.java:71)
at genericFunctions.Dropdown.click(Dropdown.java:14)
at pages.StudentProcessPage.Batchattendence(StudentProcessPage.java:103)
at Stepdefinitions.StudentSteps2.search_attendece_and_click_on_it_and_fill_the_mandatory_field(StudentSteps2.java:163)
at java.base/jdk.internal.reflect.NativeMethodAccessorImpl.invoke0(Native Method)
at java.base/jdk.internal.reflect.NativeMethodAccessorImpl.invoke(NativeMethodAccessorImpl.java:77)
at java.base/jdk.internal.reflect.DelegatingMethodAccessorImpl.invoke(DelegatingMethodAccessorImpl.java:43)
at java.base/java.lang.reflect.Method.invoke(Method.java:568)
at io.cucumber.java.Invoker.doInvoke(Invoker.java:66)
at io.cucumber.java.Invoker.invoke(Invoker.java:24)
at io.cucumber.java.AbstractGlueDefinition.invokeMethod(AbstractGlueDefinition.java:47)
at io.cucumber.java.JavaStepDefinition.execute(JavaStepDefinition.java:29)
at io.cucumber.core.runner.CoreStepDefinition.execute(CoreStepDefinition.java:66)
at io.cucumber.core.runner.PickleStepDefinitionMatch.runStep(PickleStepDefinitionMatch.java:63)
at io.cucumber.core.runner.ExecutionMode$1.execute(ExecutionMode.java:10)
at io.cucumber.core.runner.TestStep.executeStep(TestStep.java:92)
at io.cucumber.core.runner.TestStep.run(TestStep.java:64)
at io.cucumber.core.runner.PickleStepTestStep.run(PickleStepTestStep.java:51)
at io.cucumber.core.runner.TestCase.run(TestCase.java:104)
at io.cucumber.core.runner.Runner.runPickle(Runner.java:71)
at io.cucumber.testng.TestNGCucumberRunner.lambda$runScenario$0(TestNGCucumberRunner.java:116)
at io.cucumber.core.runtime.CucumberExecutionContext.runTestCase(CucumberExecutionContext.java:117)
at io.cucumber.testng.TestNGCucumberRunner.runScenario(TestNGCucumberRunner.java:113)
at io.cucumber.testng.AbstractTestNGCucumberTests.runScenario(AbstractTestNGCucumberTests.java:31)
at jdk.internal.reflect.GeneratedMethodAccessor8.invoke(Unknown Source)
at java.base/jdk.internal.reflect.DelegatingMethodAccessorImpl.invoke(DelegatingMethodAccessorImpl.java:43)
at java.base/java.lang.reflect.Method.invoke(Method.java:568)
at org.testng.internal.MethodInvocationHelper.invokeMethod(MethodInvocationHelper.java:133)
at org.testng.internal.TestInvoker.invokeMethod(TestInvoker.java:598)
at org.testng.internal.TestInvoker.invokeTestMethod(TestInvoker.java:173)
at org.testng.internal.MethodRunner.runInSequence(MethodRunner.java:46)
at org.testng.internal.TestInvoker$MethodInvocationAgent.invoke(TestInvoker.java:824)
at org.testng.internal.TestInvoker.invokeTestMethods(TestInvoker.java:146)
at org.testng.internal.TestMethodWorker.invokeTestMethods(TestMethodWorker.java:146)
at org.testng.internal.TestMethodWorker.run(TestMethodWorker.java:128)
at java.base/java.util.concurrent.ThreadPoolExecutor.runWorker(ThreadPoolExecutor.java:1136)
at java.base/java.util.concurrent.ThreadPoolExecutor$Worker.run(ThreadPoolExecutor.java:635)
at java.base/java.lang.Thread.run(Thread.java:833)
Caused by: com.microsoft.playwright.impl.DriverException: Error {
  message='Target page, context or browser has been closed
  name='Error
  stack='Error: Target page, context or browser has been closed
    at DispatcherConnection.dispatch (C:\Users\SnehaV\AppData\Local\Temp\playwright-java-1320795035016766314\package\lib\server\dispatchers\dispatcher.js:232:49)
    at PipeTransport.transport.onmessage (C:\Users\SnehaV\AppData\Local\Temp\playwright-java-1320795035016766314\package\lib\cli\driver.js:50:57)
    at Immediate._onImmediate (C:\Users\SnehaV\AppData\Local\Temp\playwright-java-1320795035016766314\package\lib\protocol\transport.js:77:34)
    at processImmediate (node:internal/timers:466:21)
}
at com.microsoft.playwright.impl.Connection.dispatch(Connection.java:201)
at com.microsoft.playwright.impl.Connection.processOneMessage(Connection.java:181)
at com.microsoft.playwright.impl.ChannelOwner.runUntil(ChannelOwner.java:109)
... 46 more
 expected [true] but found [false]
at org.testng.Assert.fail(Assert.java:99)
at org.testng.Assert.failNotEquals(Assert.java:1037)
at org.testng.Assert.assertTrue(Assert.java:45)
at Stepdefinitions.StudentSteps2.search_attendece_and_click_on_it_and_fill_the_mandatory_field(StudentSteps2.java:168)
at ✽.search attendece and Click on it and fill the mandatory field."1"(file:///C:/Users/SnehaV/Playrepo/PlayWrightBDD/src/test/resources/Features/StudentTestCases2.feature:92)
]]>
    </failure>
  </testcase> <!-- runScenario -->
  <system-out/>
  <testcase classname="runner.StudentTestRunner2" name="runScenario" time="190.904">
    <failure message="com.microsoft.playwright.TimeoutError: Error {
  message=&#039;Timeout 40000ms exceeded.
=========================== logs ===========================
waiting for locator(&quot;xpath=//span[text()=&#039;The Enrollment records were successfully saved.&#039;]&quot;)
============================================================
  name=&#039;TimeoutError
  stack=&#039;TimeoutError: Timeout 40000ms exceeded.
=========================== logs ===========================
waiting for locator(&quot;xpath=//span[text()=&#039;The Enrollment records were successfully saved.&#039;]&quot;)
============================================================
    at ProgressController.run (C:\Users\SnehaV\AppData\Local\Temp\playwright-java-1320795035016766314\package\lib\server\progress.js:88:26)
    at Frame._callOnElementOnceMatches (C:\Users\SnehaV\AppData\Local\Temp\playwright-java-1320795035016766314\package\lib\server\frames.js:1413:23)
    at Frame.textContent (C:\Users\SnehaV\AppData\Local\Temp\playwright-java-1320795035016766314\package\lib\server\frames.js:1079:17)
    at FrameDispatcher.textContent (C:\Users\SnehaV\AppData\Local\Temp\playwright-java-1320795035016766314\package\lib\server\dispatchers\frameDispatcher.js:170:37)
    at DispatcherConnection.dispatch (C:\Users\SnehaV\AppData\Local\Temp\playwright-java-1320795035016766314\package\lib\server\dispatchers\dispatcher.js:319:46)
}
	at com.microsoft.playwright.impl.WaitableResult.get(WaitableResult.java:52)
	at com.microsoft.playwright.impl.ChannelOwner.runUntil(ChannelOwner.java:111)
	at com.microsoft.playwright.impl.Connection.sendMessage(Connection.java:119)
	at com.microsoft.playwright.impl.ChannelOwner.sendMessage(ChannelOwner.java:102)
	at com.microsoft.playwright.impl.FrameImpl.textContentImpl(FrameImpl.java:822)
	at com.microsoft.playwright.impl.FrameImpl.lambda$textContent$38(FrameImpl.java:813)
	at com.microsoft.playwright.impl.LoggingSupport.withLogging(LoggingSupport.java:47)
	at com.microsoft.playwright.impl.ChannelOwner.withLogging(ChannelOwner.java:87)
	at com.microsoft.playwright.impl.FrameImpl.textContent(FrameImpl.java:813)
	at com.microsoft.playwright.impl.LocatorImpl.textContent(LocatorImpl.java:527)
	at com.microsoft.playwright.Locator.textContent(Locator.java:4695)
	at genericFunctions.BaseElement.getText(BaseElement.java:121)
	at pages.StudentMainPage.programchange(StudentMainPage.java:1150)
	at Stepdefinitions.StudentSteps2.click_on_the_academic_record_and_enrollemnt_and_program_change(StudentSteps2.java:191)
	at java.base/jdk.internal.reflect.NativeMethodAccessorImpl.invoke0(Native Method)
	at java.base/jdk.internal.reflect.NativeMethodAccessorImpl.invoke(NativeMethodAccessorImpl.java:77)
	at java.base/jdk.internal.reflect.DelegatingMethodAccessorImpl.invoke(DelegatingMethodAccessorImpl.java:43)
	at java.base/java.lang.reflect.Method.invoke(Method.java:568)
	at io.cucumber.java.Invoker.doInvoke(Invoker.java:66)
	at io.cucumber.java.Invoker.invoke(Invoker.java:24)
	at io.cucumber.java.AbstractGlueDefinition.invokeMethod(AbstractGlueDefinition.java:47)
	at io.cucumber.java.JavaStepDefinition.execute(JavaStepDefinition.java:29)
	at io.cucumber.core.runner.CoreStepDefinition.execute(CoreStepDefinition.java:66)
	at io.cucumber.core.runner.PickleStepDefinitionMatch.runStep(PickleStepDefinitionMatch.java:63)
	at io.cucumber.core.runner.ExecutionMode$1.execute(ExecutionMode.java:10)
	at io.cucumber.core.runner.TestStep.executeStep(TestStep.java:92)
	at io.cucumber.core.runner.TestStep.run(TestStep.java:64)
	at io.cucumber.core.runner.PickleStepTestStep.run(PickleStepTestStep.java:51)
	at io.cucumber.core.runner.TestCase.run(TestCase.java:104)
	at io.cucumber.core.runner.Runner.runPickle(Runner.java:71)
	at io.cucumber.testng.TestNGCucumberRunner.lambda$runScenario$0(TestNGCucumberRunner.java:116)
	at io.cucumber.core.runtime.CucumberExecutionContext.runTestCase(CucumberExecutionContext.java:117)
	at io.cucumber.testng.TestNGCucumberRunner.runScenario(TestNGCucumberRunner.java:113)
	at io.cucumber.testng.AbstractTestNGCucumberTests.runScenario(AbstractTestNGCucumberTests.java:31)
	at jdk.internal.reflect.GeneratedMethodAccessor8.invoke(Unknown Source)
	at java.base/jdk.internal.reflect.DelegatingMethodAccessorImpl.invoke(DelegatingMethodAccessorImpl.java:43)
	at java.base/java.lang.reflect.Method.invoke(Method.java:568)
	at org.testng.internal.MethodInvocationHelper.invokeMethod(MethodInvocationHelper.java:133)
	at org.testng.internal.TestInvoker.invokeMethod(TestInvoker.java:598)
	at org.testng.internal.TestInvoker.invokeTestMethod(TestInvoker.java:173)
	at org.testng.internal.MethodRunner.runInSequence(MethodRunner.java:46)
	at org.testng.internal.TestInvoker$MethodInvocationAgent.invoke(TestInvoker.java:824)
	at org.testng.internal.TestInvoker.invokeTestMethods(TestInvoker.java:146)
	at org.testng.internal.TestMethodWorker.invokeTestMethods(TestMethodWorker.java:146)
	at org.testng.internal.TestMethodWorker.run(TestMethodWorker.java:128)
	at java.base/java.util.concurrent.ThreadPoolExecutor.runWorker(ThreadPoolExecutor.java:1136)
	at java.base/java.util.concurrent.ThreadPoolExecutor$Worker.run(ThreadPoolExecutor.java:635)
	at java.base/java.lang.Thread.run(Thread.java:833)
Caused by: com.microsoft.playwright.TimeoutError: Error {
  message=&#039;Timeout 40000ms exceeded.
=========================== logs ===========================
waiting for locator(&quot;xpath=//span[text()=&#039;The Enrollment records were successfully saved.&#039;]&quot;)
============================================================
  name=&#039;TimeoutError
  stack=&#039;TimeoutError: Timeout 40000ms exceeded.
=========================== logs ===========================
waiting for locator(&quot;xpath=//span[text()=&#039;The Enrollment records were successfully saved.&#039;]&quot;)
============================================================
    at ProgressController.run (C:\Users\SnehaV\AppData\Local\Temp\playwright-java-1320795035016766314\package\lib\server\progress.js:88:26)
    at Frame._callOnElementOnceMatches (C:\Users\SnehaV\AppData\Local\Temp\playwright-java-1320795035016766314\package\lib\server\frames.js:1413:23)
    at Frame.textContent (C:\Users\SnehaV\AppData\Local\Temp\playwright-java-1320795035016766314\package\lib\server\frames.js:1079:17)
    at FrameDispatcher.textContent (C:\Users\SnehaV\AppData\Local\Temp\playwright-java-1320795035016766314\package\lib\server\dispatchers\frameDispatcher.js:170:37)
    at DispatcherConnection.dispatch (C:\Users\SnehaV\AppData\Local\Temp\playwright-java-1320795035016766314\package\lib\server\dispatchers\dispatcher.js:319:46)
}
	at com.microsoft.playwright.impl.Connection.dispatch(Connection.java:199)
	at com.microsoft.playwright.impl.Connection.processOneMessage(Connection.java:181)
	at com.microsoft.playwright.impl.ChannelOwner.runUntil(ChannelOwner.java:109)
	... 46 more
 expected [true] but found [false]" type="java.lang.AssertionError">
      <![CDATA[java.lang.AssertionError: com.microsoft.playwright.TimeoutError: Error {
  message='Timeout 40000ms exceeded.
=========================== logs ===========================
waiting for locator("xpath=//span[text()='The Enrollment records were successfully saved.']")
============================================================
  name='TimeoutError
  stack='TimeoutError: Timeout 40000ms exceeded.
=========================== logs ===========================
waiting for locator("xpath=//span[text()='The Enrollment records were successfully saved.']")
============================================================
    at ProgressController.run (C:\Users\SnehaV\AppData\Local\Temp\playwright-java-1320795035016766314\package\lib\server\progress.js:88:26)
    at Frame._callOnElementOnceMatches (C:\Users\SnehaV\AppData\Local\Temp\playwright-java-1320795035016766314\package\lib\server\frames.js:1413:23)
    at Frame.textContent (C:\Users\SnehaV\AppData\Local\Temp\playwright-java-1320795035016766314\package\lib\server\frames.js:1079:17)
    at FrameDispatcher.textContent (C:\Users\SnehaV\AppData\Local\Temp\playwright-java-1320795035016766314\package\lib\server\dispatchers\frameDispatcher.js:170:37)
    at DispatcherConnection.dispatch (C:\Users\SnehaV\AppData\Local\Temp\playwright-java-1320795035016766314\package\lib\server\dispatchers\dispatcher.js:319:46)
}
at com.microsoft.playwright.impl.WaitableResult.get(WaitableResult.java:52)
at com.microsoft.playwright.impl.ChannelOwner.runUntil(ChannelOwner.java:111)
at com.microsoft.playwright.impl.Connection.sendMessage(Connection.java:119)
at com.microsoft.playwright.impl.ChannelOwner.sendMessage(ChannelOwner.java:102)
at com.microsoft.playwright.impl.FrameImpl.textContentImpl(FrameImpl.java:822)
at com.microsoft.playwright.impl.FrameImpl.lambda$textContent$38(FrameImpl.java:813)
at com.microsoft.playwright.impl.LoggingSupport.withLogging(LoggingSupport.java:47)
at com.microsoft.playwright.impl.ChannelOwner.withLogging(ChannelOwner.java:87)
at com.microsoft.playwright.impl.FrameImpl.textContent(FrameImpl.java:813)
at com.microsoft.playwright.impl.LocatorImpl.textContent(LocatorImpl.java:527)
at com.microsoft.playwright.Locator.textContent(Locator.java:4695)
at genericFunctions.BaseElement.getText(BaseElement.java:121)
at pages.StudentMainPage.programchange(StudentMainPage.java:1150)
at Stepdefinitions.StudentSteps2.click_on_the_academic_record_and_enrollemnt_and_program_change(StudentSteps2.java:191)
at java.base/jdk.internal.reflect.NativeMethodAccessorImpl.invoke0(Native Method)
at java.base/jdk.internal.reflect.NativeMethodAccessorImpl.invoke(NativeMethodAccessorImpl.java:77)
at java.base/jdk.internal.reflect.DelegatingMethodAccessorImpl.invoke(DelegatingMethodAccessorImpl.java:43)
at java.base/java.lang.reflect.Method.invoke(Method.java:568)
at io.cucumber.java.Invoker.doInvoke(Invoker.java:66)
at io.cucumber.java.Invoker.invoke(Invoker.java:24)
at io.cucumber.java.AbstractGlueDefinition.invokeMethod(AbstractGlueDefinition.java:47)
at io.cucumber.java.JavaStepDefinition.execute(JavaStepDefinition.java:29)
at io.cucumber.core.runner.CoreStepDefinition.execute(CoreStepDefinition.java:66)
at io.cucumber.core.runner.PickleStepDefinitionMatch.runStep(PickleStepDefinitionMatch.java:63)
at io.cucumber.core.runner.ExecutionMode$1.execute(ExecutionMode.java:10)
at io.cucumber.core.runner.TestStep.executeStep(TestStep.java:92)
at io.cucumber.core.runner.TestStep.run(TestStep.java:64)
at io.cucumber.core.runner.PickleStepTestStep.run(PickleStepTestStep.java:51)
at io.cucumber.core.runner.TestCase.run(TestCase.java:104)
at io.cucumber.core.runner.Runner.runPickle(Runner.java:71)
at io.cucumber.testng.TestNGCucumberRunner.lambda$runScenario$0(TestNGCucumberRunner.java:116)
at io.cucumber.core.runtime.CucumberExecutionContext.runTestCase(CucumberExecutionContext.java:117)
at io.cucumber.testng.TestNGCucumberRunner.runScenario(TestNGCucumberRunner.java:113)
at io.cucumber.testng.AbstractTestNGCucumberTests.runScenario(AbstractTestNGCucumberTests.java:31)
at jdk.internal.reflect.GeneratedMethodAccessor8.invoke(Unknown Source)
at java.base/jdk.internal.reflect.DelegatingMethodAccessorImpl.invoke(DelegatingMethodAccessorImpl.java:43)
at java.base/java.lang.reflect.Method.invoke(Method.java:568)
at org.testng.internal.MethodInvocationHelper.invokeMethod(MethodInvocationHelper.java:133)
at org.testng.internal.TestInvoker.invokeMethod(TestInvoker.java:598)
at org.testng.internal.TestInvoker.invokeTestMethod(TestInvoker.java:173)
at org.testng.internal.MethodRunner.runInSequence(MethodRunner.java:46)
at org.testng.internal.TestInvoker$MethodInvocationAgent.invoke(TestInvoker.java:824)
at org.testng.internal.TestInvoker.invokeTestMethods(TestInvoker.java:146)
at org.testng.internal.TestMethodWorker.invokeTestMethods(TestMethodWorker.java:146)
at org.testng.internal.TestMethodWorker.run(TestMethodWorker.java:128)
at java.base/java.util.concurrent.ThreadPoolExecutor.runWorker(ThreadPoolExecutor.java:1136)
at java.base/java.util.concurrent.ThreadPoolExecutor$Worker.run(ThreadPoolExecutor.java:635)
at java.base/java.lang.Thread.run(Thread.java:833)
Caused by: com.microsoft.playwright.TimeoutError: Error {
  message='Timeout 40000ms exceeded.
=========================== logs ===========================
waiting for locator("xpath=//span[text()='The Enrollment records were successfully saved.']")
============================================================
  name='TimeoutError
  stack='TimeoutError: Timeout 40000ms exceeded.
=========================== logs ===========================
waiting for locator("xpath=//span[text()='The Enrollment records were successfully saved.']")
============================================================
    at ProgressController.run (C:\Users\SnehaV\AppData\Local\Temp\playwright-java-1320795035016766314\package\lib\server\progress.js:88:26)
    at Frame._callOnElementOnceMatches (C:\Users\SnehaV\AppData\Local\Temp\playwright-java-1320795035016766314\package\lib\server\frames.js:1413:23)
    at Frame.textContent (C:\Users\SnehaV\AppData\Local\Temp\playwright-java-1320795035016766314\package\lib\server\frames.js:1079:17)
    at FrameDispatcher.textContent (C:\Users\SnehaV\AppData\Local\Temp\playwright-java-1320795035016766314\package\lib\server\dispatchers\frameDispatcher.js:170:37)
    at DispatcherConnection.dispatch (C:\Users\SnehaV\AppData\Local\Temp\playwright-java-1320795035016766314\package\lib\server\dispatchers\dispatcher.js:319:46)
}
at com.microsoft.playwright.impl.Connection.dispatch(Connection.java:199)
at com.microsoft.playwright.impl.Connection.processOneMessage(Connection.java:181)
at com.microsoft.playwright.impl.ChannelOwner.runUntil(ChannelOwner.java:109)
... 46 more
 expected [true] but found [false]
at org.testng.Assert.fail(Assert.java:99)
at org.testng.Assert.failNotEquals(Assert.java:1037)
at org.testng.Assert.assertTrue(Assert.java:45)
at Stepdefinitions.StudentSteps2.click_on_the_academic_record_and_enrollemnt_and_program_change(StudentSteps2.java:196)
at ✽.Click on the Academic record and enrollemnt and program change"1"(file:///C:/Users/SnehaV/Playrepo/PlayWrightBDD/src/test/resources/Features/StudentTestCases2.feature:118)
]]>
    </failure>
  </testcase> <!-- runScenario -->
  <system-out/>
  <testcase classname="runner.StudentTestRunner2" name="runScenario" time="128.636"/>
  <system-out/>
  <testcase classname="runner.StudentTestRunner2" name="runScenario" time="120.237"/>
  <system-out/>
  <testcase classname="runner.StudentTestRunner2" name="runScenario" time="123.960"/>
  <system-out/>
</testsuite> <!-- runner.StudentTestRunner2 -->
