<?xml version="1.0" encoding="UTF-8"?>
<!-- Generated by org.testng.reporters.JUnitReportReporter -->
<testsuite hostname="LPTIN-24Z3GG3" failures="12" tests="15" name="runner.StudentTestRunner3" time="2089.643" errors="0" timestamp="2023-07-26T18:13:54 IST" skipped="0">
  <testcase classname="runner.StudentTestRunner3" name="runScenario" time="152.421">
    <failure message="com.microsoft.playwright.PlaywrightException: Error {
  message=&#039;Target page, context or browser has been closed
  name=&#039;Error
  stack=&#039;Error: Target page, context or browser has been closed
    at DispatcherConnection.dispatch (C:\Users\SnehaV\AppData\Local\Temp\playwright-java-9757338667227740489\package\lib\server\dispatchers\dispatcher.js:226:49)
    at transport.onmessage (C:\Users\SnehaV\AppData\Local\Temp\playwright-java-9757338667227740489\package\lib\cli\driver.js:52:57)
    at Immediate._onImmediate (C:\Users\SnehaV\AppData\Local\Temp\playwright-java-9757338667227740489\package\lib\protocol\transport.js:77:34)
    at process.processImmediate (node:internal/timers:476:21)
}
	at com.microsoft.playwright.impl.WaitableResult.get(WaitableResult.java:54)
	at com.microsoft.playwright.impl.ChannelOwner.runUntil(ChannelOwner.java:111)
	at com.microsoft.playwright.impl.Connection.sendMessage(Connection.java:126)
	at com.microsoft.playwright.impl.ChannelOwner.sendMessage(ChannelOwner.java:102)
	at com.microsoft.playwright.impl.PageImpl.screenshotImpl(PageImpl.java:1094)
	at com.microsoft.playwright.impl.PageImpl.lambda$screenshot$65(PageImpl.java:1038)
	at com.microsoft.playwright.impl.LoggingSupport.withLogging(LoggingSupport.java:47)
	at com.microsoft.playwright.impl.ChannelOwner.withLogging(ChannelOwner.java:87)
	at com.microsoft.playwright.impl.PageImpl.screenshot(PageImpl.java:1038)
	at genericFunctions.PlaywrightFactory.TakeScreenshot(PlaywrightFactory.java:144)
	at genericFunctions.BaseElement.click(BaseElement.java:71)
	at genericFunctions.Button.click(Button.java:14)
	at pages.StudentSubsidiaryPage.subsidiarydelete(StudentSubsidiaryPage.java:71)
	at Stepdefinitions.StudentSteps3.subsidiary_ledger_transcation_delete(StudentSteps3.java:159)
	at java.base/jdk.internal.reflect.NativeMethodAccessorImpl.invoke0(Native Method)
	at java.base/jdk.internal.reflect.NativeMethodAccessorImpl.invoke(NativeMethodAccessorImpl.java:77)
	at java.base/jdk.internal.reflect.DelegatingMethodAccessorImpl.invoke(DelegatingMethodAccessorImpl.java:43)
	at java.base/java.lang.reflect.Method.invoke(Method.java:568)
	at io.cucumber.java.Invoker.doInvoke(Invoker.java:66)
	at io.cucumber.java.Invoker.invoke(Invoker.java:24)
	at io.cucumber.java.AbstractGlueDefinition.invokeMethod(AbstractGlueDefinition.java:47)
	at io.cucumber.java.JavaStepDefinition.execute(JavaStepDefinition.java:29)
	at io.cucumber.core.runner.CoreStepDefinition.execute(CoreStepDefinition.java:66)
	at io.cucumber.core.runner.PickleStepDefinitionMatch.runStep(PickleStepDefinitionMatch.java:63)
	at io.cucumber.core.runner.ExecutionMode$1.execute(ExecutionMode.java:10)
	at io.cucumber.core.runner.TestStep.executeStep(TestStep.java:92)
	at io.cucumber.core.runner.TestStep.run(TestStep.java:64)
	at io.cucumber.core.runner.PickleStepTestStep.run(PickleStepTestStep.java:51)
	at io.cucumber.core.runner.TestCase.run(TestCase.java:104)
	at io.cucumber.core.runner.Runner.runPickle(Runner.java:71)
	at io.cucumber.testng.TestNGCucumberRunner.lambda$runScenario$0(TestNGCucumberRunner.java:116)
	at io.cucumber.core.runtime.CucumberExecutionContext.runTestCase(CucumberExecutionContext.java:117)
	at io.cucumber.testng.TestNGCucumberRunner.runScenario(TestNGCucumberRunner.java:113)
	at io.cucumber.testng.AbstractTestNGCucumberTests.runScenario(AbstractTestNGCucumberTests.java:31)
	at java.base/jdk.internal.reflect.NativeMethodAccessorImpl.invoke0(Native Method)
	at java.base/jdk.internal.reflect.NativeMethodAccessorImpl.invoke(NativeMethodAccessorImpl.java:77)
	at java.base/jdk.internal.reflect.DelegatingMethodAccessorImpl.invoke(DelegatingMethodAccessorImpl.java:43)
	at java.base/java.lang.reflect.Method.invoke(Method.java:568)
	at org.testng.internal.MethodInvocationHelper.invokeMethod(MethodInvocationHelper.java:133)
	at org.testng.internal.TestInvoker.invokeMethod(TestInvoker.java:598)
	at org.testng.internal.TestInvoker.invokeTestMethod(TestInvoker.java:173)
	at org.testng.internal.MethodRunner.runInSequence(MethodRunner.java:46)
	at org.testng.internal.TestInvoker$MethodInvocationAgent.invoke(TestInvoker.java:824)
	at org.testng.internal.TestInvoker.invokeTestMethods(TestInvoker.java:146)
	at org.testng.internal.TestMethodWorker.invokeTestMethods(TestMethodWorker.java:146)
	at org.testng.internal.TestMethodWorker.run(TestMethodWorker.java:128)
	at java.base/java.util.concurrent.ThreadPoolExecutor.runWorker(ThreadPoolExecutor.java:1136)
	at java.base/java.util.concurrent.ThreadPoolExecutor$Worker.run(ThreadPoolExecutor.java:635)
	at java.base/java.lang.Thread.run(Thread.java:833)
Caused by: com.microsoft.playwright.impl.DriverException: Error {
  message=&#039;Target page, context or browser has been closed
  name=&#039;Error
  stack=&#039;Error: Target page, context or browser has been closed
    at DispatcherConnection.dispatch (C:\Users\SnehaV\AppData\Local\Temp\playwright-java-9757338667227740489\package\lib\server\dispatchers\dispatcher.js:226:49)
    at transport.onmessage (C:\Users\SnehaV\AppData\Local\Temp\playwright-java-9757338667227740489\package\lib\cli\driver.js:52:57)
    at Immediate._onImmediate (C:\Users\SnehaV\AppData\Local\Temp\playwright-java-9757338667227740489\package\lib\protocol\transport.js:77:34)
    at process.processImmediate (node:internal/timers:476:21)
}
	at com.microsoft.playwright.impl.Connection.dispatch(Connection.java:226)
	at com.microsoft.playwright.impl.Connection.processOneMessage(Connection.java:206)
	at com.microsoft.playwright.impl.ChannelOwner.runUntil(ChannelOwner.java:109)
	... 47 more
 expected [true] but found [false]" type="java.lang.AssertionError">
      <![CDATA[java.lang.AssertionError: com.microsoft.playwright.PlaywrightException: Error {
  message='Target page, context or browser has been closed
  name='Error
  stack='Error: Target page, context or browser has been closed
    at DispatcherConnection.dispatch (C:\Users\SnehaV\AppData\Local\Temp\playwright-java-9757338667227740489\package\lib\server\dispatchers\dispatcher.js:226:49)
    at transport.onmessage (C:\Users\SnehaV\AppData\Local\Temp\playwright-java-9757338667227740489\package\lib\cli\driver.js:52:57)
    at Immediate._onImmediate (C:\Users\SnehaV\AppData\Local\Temp\playwright-java-9757338667227740489\package\lib\protocol\transport.js:77:34)
    at process.processImmediate (node:internal/timers:476:21)
}
at com.microsoft.playwright.impl.WaitableResult.get(WaitableResult.java:54)
at com.microsoft.playwright.impl.ChannelOwner.runUntil(ChannelOwner.java:111)
at com.microsoft.playwright.impl.Connection.sendMessage(Connection.java:126)
at com.microsoft.playwright.impl.ChannelOwner.sendMessage(ChannelOwner.java:102)
at com.microsoft.playwright.impl.PageImpl.screenshotImpl(PageImpl.java:1094)
at com.microsoft.playwright.impl.PageImpl.lambda$screenshot$65(PageImpl.java:1038)
at com.microsoft.playwright.impl.LoggingSupport.withLogging(LoggingSupport.java:47)
at com.microsoft.playwright.impl.ChannelOwner.withLogging(ChannelOwner.java:87)
at com.microsoft.playwright.impl.PageImpl.screenshot(PageImpl.java:1038)
at genericFunctions.PlaywrightFactory.TakeScreenshot(PlaywrightFactory.java:144)
at genericFunctions.BaseElement.click(BaseElement.java:71)
at genericFunctions.Button.click(Button.java:14)
at pages.StudentSubsidiaryPage.subsidiarydelete(StudentSubsidiaryPage.java:71)
at Stepdefinitions.StudentSteps3.subsidiary_ledger_transcation_delete(StudentSteps3.java:159)
at java.base/jdk.internal.reflect.NativeMethodAccessorImpl.invoke0(Native Method)
at java.base/jdk.internal.reflect.NativeMethodAccessorImpl.invoke(NativeMethodAccessorImpl.java:77)
at java.base/jdk.internal.reflect.DelegatingMethodAccessorImpl.invoke(DelegatingMethodAccessorImpl.java:43)
at java.base/java.lang.reflect.Method.invoke(Method.java:568)
at io.cucumber.java.Invoker.doInvoke(Invoker.java:66)
at io.cucumber.java.Invoker.invoke(Invoker.java:24)
at io.cucumber.java.AbstractGlueDefinition.invokeMethod(AbstractGlueDefinition.java:47)
at io.cucumber.java.JavaStepDefinition.execute(JavaStepDefinition.java:29)
at io.cucumber.core.runner.CoreStepDefinition.execute(CoreStepDefinition.java:66)
at io.cucumber.core.runner.PickleStepDefinitionMatch.runStep(PickleStepDefinitionMatch.java:63)
at io.cucumber.core.runner.ExecutionMode$1.execute(ExecutionMode.java:10)
at io.cucumber.core.runner.TestStep.executeStep(TestStep.java:92)
at io.cucumber.core.runner.TestStep.run(TestStep.java:64)
at io.cucumber.core.runner.PickleStepTestStep.run(PickleStepTestStep.java:51)
at io.cucumber.core.runner.TestCase.run(TestCase.java:104)
at io.cucumber.core.runner.Runner.runPickle(Runner.java:71)
at io.cucumber.testng.TestNGCucumberRunner.lambda$runScenario$0(TestNGCucumberRunner.java:116)
at io.cucumber.core.runtime.CucumberExecutionContext.runTestCase(CucumberExecutionContext.java:117)
at io.cucumber.testng.TestNGCucumberRunner.runScenario(TestNGCucumberRunner.java:113)
at io.cucumber.testng.AbstractTestNGCucumberTests.runScenario(AbstractTestNGCucumberTests.java:31)
at java.base/jdk.internal.reflect.NativeMethodAccessorImpl.invoke0(Native Method)
at java.base/jdk.internal.reflect.NativeMethodAccessorImpl.invoke(NativeMethodAccessorImpl.java:77)
at java.base/jdk.internal.reflect.DelegatingMethodAccessorImpl.invoke(DelegatingMethodAccessorImpl.java:43)
at java.base/java.lang.reflect.Method.invoke(Method.java:568)
at org.testng.internal.MethodInvocationHelper.invokeMethod(MethodInvocationHelper.java:133)
at org.testng.internal.TestInvoker.invokeMethod(TestInvoker.java:598)
at org.testng.internal.TestInvoker.invokeTestMethod(TestInvoker.java:173)
at org.testng.internal.MethodRunner.runInSequence(MethodRunner.java:46)
at org.testng.internal.TestInvoker$MethodInvocationAgent.invoke(TestInvoker.java:824)
at org.testng.internal.TestInvoker.invokeTestMethods(TestInvoker.java:146)
at org.testng.internal.TestMethodWorker.invokeTestMethods(TestMethodWorker.java:146)
at org.testng.internal.TestMethodWorker.run(TestMethodWorker.java:128)
at java.base/java.util.concurrent.ThreadPoolExecutor.runWorker(ThreadPoolExecutor.java:1136)
at java.base/java.util.concurrent.ThreadPoolExecutor$Worker.run(ThreadPoolExecutor.java:635)
at java.base/java.lang.Thread.run(Thread.java:833)
Caused by: com.microsoft.playwright.impl.DriverException: Error {
  message='Target page, context or browser has been closed
  name='Error
  stack='Error: Target page, context or browser has been closed
    at DispatcherConnection.dispatch (C:\Users\SnehaV\AppData\Local\Temp\playwright-java-9757338667227740489\package\lib\server\dispatchers\dispatcher.js:226:49)
    at transport.onmessage (C:\Users\SnehaV\AppData\Local\Temp\playwright-java-9757338667227740489\package\lib\cli\driver.js:52:57)
    at Immediate._onImmediate (C:\Users\SnehaV\AppData\Local\Temp\playwright-java-9757338667227740489\package\lib\protocol\transport.js:77:34)
    at process.processImmediate (node:internal/timers:476:21)
}
at com.microsoft.playwright.impl.Connection.dispatch(Connection.java:226)
at com.microsoft.playwright.impl.Connection.processOneMessage(Connection.java:206)
at com.microsoft.playwright.impl.ChannelOwner.runUntil(ChannelOwner.java:109)
... 47 more
 expected [true] but found [false]
at org.testng.Assert.fail(Assert.java:99)
at org.testng.Assert.failNotEquals(Assert.java:1037)
at org.testng.Assert.assertTrue(Assert.java:45)
at Stepdefinitions.StudentSteps3.subsidiary_ledger_transcation_delete(StudentSteps3.java:164)
at ✽.subsidiary ledger transcation delete"1"(file:///C:/Users/SnehaV/Playrepo/PlayWrightBDD/src/test/resources/features/StudentTestCases3.feature:62)
]]>
    </failure>
  </testcase> <!-- runScenario -->
  <system-out/>
  <testcase classname="runner.StudentTestRunner3" name="runScenario" time="151.028">
    <failure message="com.microsoft.playwright.PlaywrightException: Error {
  message=&#039;Target page, context or browser has been closed
  name=&#039;Error
  stack=&#039;Error: Target page, context or browser has been closed
    at DispatcherConnection.dispatch (C:\Users\SnehaV\AppData\Local\Temp\playwright-java-9757338667227740489\package\lib\server\dispatchers\dispatcher.js:226:49)
    at transport.onmessage (C:\Users\SnehaV\AppData\Local\Temp\playwright-java-9757338667227740489\package\lib\cli\driver.js:52:57)
    at Immediate._onImmediate (C:\Users\SnehaV\AppData\Local\Temp\playwright-java-9757338667227740489\package\lib\protocol\transport.js:77:34)
    at process.processImmediate (node:internal/timers:476:21)
}
	at com.microsoft.playwright.impl.WaitableResult.get(WaitableResult.java:54)
	at com.microsoft.playwright.impl.ChannelOwner.runUntil(ChannelOwner.java:111)
	at com.microsoft.playwright.impl.Connection.sendMessage(Connection.java:126)
	at com.microsoft.playwright.impl.ChannelOwner.sendMessage(ChannelOwner.java:102)
	at com.microsoft.playwright.impl.PageImpl.screenshotImpl(PageImpl.java:1094)
	at com.microsoft.playwright.impl.PageImpl.lambda$screenshot$65(PageImpl.java:1038)
	at com.microsoft.playwright.impl.LoggingSupport.withLogging(LoggingSupport.java:47)
	at com.microsoft.playwright.impl.ChannelOwner.withLogging(ChannelOwner.java:87)
	at com.microsoft.playwright.impl.PageImpl.screenshot(PageImpl.java:1038)
	at genericFunctions.PlaywrightFactory.TakeScreenshot(PlaywrightFactory.java:144)
	at genericFunctions.BaseElement.hover(BaseElement.java:145)
	at genericFunctions.Link.hover(Link.java:20)
	at pages.StudentSubsidiaryPage.subsidiaryvoid(StudentSubsidiaryPage.java:145)
	at Stepdefinitions.StudentSteps3.subsidiary_ledger_transcation_void(StudentSteps3.java:175)
	at java.base/jdk.internal.reflect.NativeMethodAccessorImpl.invoke0(Native Method)
	at java.base/jdk.internal.reflect.NativeMethodAccessorImpl.invoke(NativeMethodAccessorImpl.java:77)
	at java.base/jdk.internal.reflect.DelegatingMethodAccessorImpl.invoke(DelegatingMethodAccessorImpl.java:43)
	at java.base/java.lang.reflect.Method.invoke(Method.java:568)
	at io.cucumber.java.Invoker.doInvoke(Invoker.java:66)
	at io.cucumber.java.Invoker.invoke(Invoker.java:24)
	at io.cucumber.java.AbstractGlueDefinition.invokeMethod(AbstractGlueDefinition.java:47)
	at io.cucumber.java.JavaStepDefinition.execute(JavaStepDefinition.java:29)
	at io.cucumber.core.runner.CoreStepDefinition.execute(CoreStepDefinition.java:66)
	at io.cucumber.core.runner.PickleStepDefinitionMatch.runStep(PickleStepDefinitionMatch.java:63)
	at io.cucumber.core.runner.ExecutionMode$1.execute(ExecutionMode.java:10)
	at io.cucumber.core.runner.TestStep.executeStep(TestStep.java:92)
	at io.cucumber.core.runner.TestStep.run(TestStep.java:64)
	at io.cucumber.core.runner.PickleStepTestStep.run(PickleStepTestStep.java:51)
	at io.cucumber.core.runner.TestCase.run(TestCase.java:104)
	at io.cucumber.core.runner.Runner.runPickle(Runner.java:71)
	at io.cucumber.testng.TestNGCucumberRunner.lambda$runScenario$0(TestNGCucumberRunner.java:116)
	at io.cucumber.core.runtime.CucumberExecutionContext.runTestCase(CucumberExecutionContext.java:117)
	at io.cucumber.testng.TestNGCucumberRunner.runScenario(TestNGCucumberRunner.java:113)
	at io.cucumber.testng.AbstractTestNGCucumberTests.runScenario(AbstractTestNGCucumberTests.java:31)
	at java.base/jdk.internal.reflect.NativeMethodAccessorImpl.invoke0(Native Method)
	at java.base/jdk.internal.reflect.NativeMethodAccessorImpl.invoke(NativeMethodAccessorImpl.java:77)
	at java.base/jdk.internal.reflect.DelegatingMethodAccessorImpl.invoke(DelegatingMethodAccessorImpl.java:43)
	at java.base/java.lang.reflect.Method.invoke(Method.java:568)
	at org.testng.internal.MethodInvocationHelper.invokeMethod(MethodInvocationHelper.java:133)
	at org.testng.internal.TestInvoker.invokeMethod(TestInvoker.java:598)
	at org.testng.internal.TestInvoker.invokeTestMethod(TestInvoker.java:173)
	at org.testng.internal.MethodRunner.runInSequence(MethodRunner.java:46)
	at org.testng.internal.TestInvoker$MethodInvocationAgent.invoke(TestInvoker.java:824)
	at org.testng.internal.TestInvoker.invokeTestMethods(TestInvoker.java:146)
	at org.testng.internal.TestMethodWorker.invokeTestMethods(TestMethodWorker.java:146)
	at org.testng.internal.TestMethodWorker.run(TestMethodWorker.java:128)
	at java.base/java.util.concurrent.ThreadPoolExecutor.runWorker(ThreadPoolExecutor.java:1136)
	at java.base/java.util.concurrent.ThreadPoolExecutor$Worker.run(ThreadPoolExecutor.java:635)
	at java.base/java.lang.Thread.run(Thread.java:833)
Caused by: com.microsoft.playwright.impl.DriverException: Error {
  message=&#039;Target page, context or browser has been closed
  name=&#039;Error
  stack=&#039;Error: Target page, context or browser has been closed
    at DispatcherConnection.dispatch (C:\Users\SnehaV\AppData\Local\Temp\playwright-java-9757338667227740489\package\lib\server\dispatchers\dispatcher.js:226:49)
    at transport.onmessage (C:\Users\SnehaV\AppData\Local\Temp\playwright-java-9757338667227740489\package\lib\cli\driver.js:52:57)
    at Immediate._onImmediate (C:\Users\SnehaV\AppData\Local\Temp\playwright-java-9757338667227740489\package\lib\protocol\transport.js:77:34)
    at process.processImmediate (node:internal/timers:476:21)
}
	at com.microsoft.playwright.impl.Connection.dispatch(Connection.java:226)
	at com.microsoft.playwright.impl.Connection.processOneMessage(Connection.java:206)
	at com.microsoft.playwright.impl.ChannelOwner.runUntil(ChannelOwner.java:109)
	... 47 more
 expected [true] but found [false]" type="java.lang.AssertionError">
      <![CDATA[java.lang.AssertionError: com.microsoft.playwright.PlaywrightException: Error {
  message='Target page, context or browser has been closed
  name='Error
  stack='Error: Target page, context or browser has been closed
    at DispatcherConnection.dispatch (C:\Users\SnehaV\AppData\Local\Temp\playwright-java-9757338667227740489\package\lib\server\dispatchers\dispatcher.js:226:49)
    at transport.onmessage (C:\Users\SnehaV\AppData\Local\Temp\playwright-java-9757338667227740489\package\lib\cli\driver.js:52:57)
    at Immediate._onImmediate (C:\Users\SnehaV\AppData\Local\Temp\playwright-java-9757338667227740489\package\lib\protocol\transport.js:77:34)
    at process.processImmediate (node:internal/timers:476:21)
}
at com.microsoft.playwright.impl.WaitableResult.get(WaitableResult.java:54)
at com.microsoft.playwright.impl.ChannelOwner.runUntil(ChannelOwner.java:111)
at com.microsoft.playwright.impl.Connection.sendMessage(Connection.java:126)
at com.microsoft.playwright.impl.ChannelOwner.sendMessage(ChannelOwner.java:102)
at com.microsoft.playwright.impl.PageImpl.screenshotImpl(PageImpl.java:1094)
at com.microsoft.playwright.impl.PageImpl.lambda$screenshot$65(PageImpl.java:1038)
at com.microsoft.playwright.impl.LoggingSupport.withLogging(LoggingSupport.java:47)
at com.microsoft.playwright.impl.ChannelOwner.withLogging(ChannelOwner.java:87)
at com.microsoft.playwright.impl.PageImpl.screenshot(PageImpl.java:1038)
at genericFunctions.PlaywrightFactory.TakeScreenshot(PlaywrightFactory.java:144)
at genericFunctions.BaseElement.hover(BaseElement.java:145)
at genericFunctions.Link.hover(Link.java:20)
at pages.StudentSubsidiaryPage.subsidiaryvoid(StudentSubsidiaryPage.java:145)
at Stepdefinitions.StudentSteps3.subsidiary_ledger_transcation_void(StudentSteps3.java:175)
at java.base/jdk.internal.reflect.NativeMethodAccessorImpl.invoke0(Native Method)
at java.base/jdk.internal.reflect.NativeMethodAccessorImpl.invoke(NativeMethodAccessorImpl.java:77)
at java.base/jdk.internal.reflect.DelegatingMethodAccessorImpl.invoke(DelegatingMethodAccessorImpl.java:43)
at java.base/java.lang.reflect.Method.invoke(Method.java:568)
at io.cucumber.java.Invoker.doInvoke(Invoker.java:66)
at io.cucumber.java.Invoker.invoke(Invoker.java:24)
at io.cucumber.java.AbstractGlueDefinition.invokeMethod(AbstractGlueDefinition.java:47)
at io.cucumber.java.JavaStepDefinition.execute(JavaStepDefinition.java:29)
at io.cucumber.core.runner.CoreStepDefinition.execute(CoreStepDefinition.java:66)
at io.cucumber.core.runner.PickleStepDefinitionMatch.runStep(PickleStepDefinitionMatch.java:63)
at io.cucumber.core.runner.ExecutionMode$1.execute(ExecutionMode.java:10)
at io.cucumber.core.runner.TestStep.executeStep(TestStep.java:92)
at io.cucumber.core.runner.TestStep.run(TestStep.java:64)
at io.cucumber.core.runner.PickleStepTestStep.run(PickleStepTestStep.java:51)
at io.cucumber.core.runner.TestCase.run(TestCase.java:104)
at io.cucumber.core.runner.Runner.runPickle(Runner.java:71)
at io.cucumber.testng.TestNGCucumberRunner.lambda$runScenario$0(TestNGCucumberRunner.java:116)
at io.cucumber.core.runtime.CucumberExecutionContext.runTestCase(CucumberExecutionContext.java:117)
at io.cucumber.testng.TestNGCucumberRunner.runScenario(TestNGCucumberRunner.java:113)
at io.cucumber.testng.AbstractTestNGCucumberTests.runScenario(AbstractTestNGCucumberTests.java:31)
at java.base/jdk.internal.reflect.NativeMethodAccessorImpl.invoke0(Native Method)
at java.base/jdk.internal.reflect.NativeMethodAccessorImpl.invoke(NativeMethodAccessorImpl.java:77)
at java.base/jdk.internal.reflect.DelegatingMethodAccessorImpl.invoke(DelegatingMethodAccessorImpl.java:43)
at java.base/java.lang.reflect.Method.invoke(Method.java:568)
at org.testng.internal.MethodInvocationHelper.invokeMethod(MethodInvocationHelper.java:133)
at org.testng.internal.TestInvoker.invokeMethod(TestInvoker.java:598)
at org.testng.internal.TestInvoker.invokeTestMethod(TestInvoker.java:173)
at org.testng.internal.MethodRunner.runInSequence(MethodRunner.java:46)
at org.testng.internal.TestInvoker$MethodInvocationAgent.invoke(TestInvoker.java:824)
at org.testng.internal.TestInvoker.invokeTestMethods(TestInvoker.java:146)
at org.testng.internal.TestMethodWorker.invokeTestMethods(TestMethodWorker.java:146)
at org.testng.internal.TestMethodWorker.run(TestMethodWorker.java:128)
at java.base/java.util.concurrent.ThreadPoolExecutor.runWorker(ThreadPoolExecutor.java:1136)
at java.base/java.util.concurrent.ThreadPoolExecutor$Worker.run(ThreadPoolExecutor.java:635)
at java.base/java.lang.Thread.run(Thread.java:833)
Caused by: com.microsoft.playwright.impl.DriverException: Error {
  message='Target page, context or browser has been closed
  name='Error
  stack='Error: Target page, context or browser has been closed
    at DispatcherConnection.dispatch (C:\Users\SnehaV\AppData\Local\Temp\playwright-java-9757338667227740489\package\lib\server\dispatchers\dispatcher.js:226:49)
    at transport.onmessage (C:\Users\SnehaV\AppData\Local\Temp\playwright-java-9757338667227740489\package\lib\cli\driver.js:52:57)
    at Immediate._onImmediate (C:\Users\SnehaV\AppData\Local\Temp\playwright-java-9757338667227740489\package\lib\protocol\transport.js:77:34)
    at process.processImmediate (node:internal/timers:476:21)
}
at com.microsoft.playwright.impl.Connection.dispatch(Connection.java:226)
at com.microsoft.playwright.impl.Connection.processOneMessage(Connection.java:206)
at com.microsoft.playwright.impl.ChannelOwner.runUntil(ChannelOwner.java:109)
... 47 more
 expected [true] but found [false]
at org.testng.Assert.fail(Assert.java:99)
at org.testng.Assert.failNotEquals(Assert.java:1037)
at org.testng.Assert.assertTrue(Assert.java:45)
at Stepdefinitions.StudentSteps3.subsidiary_ledger_transcation_void(StudentSteps3.java:180)
at ✽.subsidiary ledger transcation void"1"(file:///C:/Users/SnehaV/Playrepo/PlayWrightBDD/src/test/resources/features/StudentTestCases3.feature:75)
]]>
    </failure>
  </testcase> <!-- runScenario -->
  <system-out/>
  <testcase classname="runner.StudentTestRunner3" name="runScenario" time="119.793"/>
  <system-out/>
  <testcase classname="runner.StudentTestRunner3" name="runScenario" time="154.031">
    <failure message="com.microsoft.playwright.PlaywrightException: Error {
  message=&#039;Target page, context or browser has been closed
  name=&#039;Error
  stack=&#039;Error: Target page, context or browser has been closed
    at DispatcherConnection.dispatch (C:\Users\SnehaV\AppData\Local\Temp\playwright-java-9757338667227740489\package\lib\server\dispatchers\dispatcher.js:226:49)
    at transport.onmessage (C:\Users\SnehaV\AppData\Local\Temp\playwright-java-9757338667227740489\package\lib\cli\driver.js:52:57)
    at Immediate._onImmediate (C:\Users\SnehaV\AppData\Local\Temp\playwright-java-9757338667227740489\package\lib\protocol\transport.js:77:34)
    at process.processImmediate (node:internal/timers:476:21)
}
	at com.microsoft.playwright.impl.WaitableResult.get(WaitableResult.java:54)
	at com.microsoft.playwright.impl.ChannelOwner.runUntil(ChannelOwner.java:111)
	at com.microsoft.playwright.impl.Connection.sendMessage(Connection.java:126)
	at com.microsoft.playwright.impl.ChannelOwner.sendMessage(ChannelOwner.java:102)
	at com.microsoft.playwright.impl.PageImpl.screenshotImpl(PageImpl.java:1094)
	at com.microsoft.playwright.impl.PageImpl.lambda$screenshot$65(PageImpl.java:1038)
	at com.microsoft.playwright.impl.LoggingSupport.withLogging(LoggingSupport.java:47)
	at com.microsoft.playwright.impl.ChannelOwner.withLogging(ChannelOwner.java:87)
	at com.microsoft.playwright.impl.PageImpl.screenshot(PageImpl.java:1038)
	at genericFunctions.PlaywrightFactory.TakeScreenshot(PlaywrightFactory.java:144)
	at genericFunctions.BaseElement.click(BaseElement.java:71)
	at genericFunctions.Button.click(Button.java:14)
	at pages.StudentSubsidiaryPage.subsidiarypostcharge(StudentSubsidiaryPage.java:245)
	at Stepdefinitions.StudentSteps3.subsidiary_ledger_post_a_payment(StudentSteps3.java:208)
	at java.base/jdk.internal.reflect.NativeMethodAccessorImpl.invoke0(Native Method)
	at java.base/jdk.internal.reflect.NativeMethodAccessorImpl.invoke(NativeMethodAccessorImpl.java:77)
	at java.base/jdk.internal.reflect.DelegatingMethodAccessorImpl.invoke(DelegatingMethodAccessorImpl.java:43)
	at java.base/java.lang.reflect.Method.invoke(Method.java:568)
	at io.cucumber.java.Invoker.doInvoke(Invoker.java:66)
	at io.cucumber.java.Invoker.invoke(Invoker.java:24)
	at io.cucumber.java.AbstractGlueDefinition.invokeMethod(AbstractGlueDefinition.java:47)
	at io.cucumber.java.JavaStepDefinition.execute(JavaStepDefinition.java:29)
	at io.cucumber.core.runner.CoreStepDefinition.execute(CoreStepDefinition.java:66)
	at io.cucumber.core.runner.PickleStepDefinitionMatch.runStep(PickleStepDefinitionMatch.java:63)
	at io.cucumber.core.runner.ExecutionMode$1.execute(ExecutionMode.java:10)
	at io.cucumber.core.runner.TestStep.executeStep(TestStep.java:92)
	at io.cucumber.core.runner.TestStep.run(TestStep.java:64)
	at io.cucumber.core.runner.PickleStepTestStep.run(PickleStepTestStep.java:51)
	at io.cucumber.core.runner.TestCase.run(TestCase.java:104)
	at io.cucumber.core.runner.Runner.runPickle(Runner.java:71)
	at io.cucumber.testng.TestNGCucumberRunner.lambda$runScenario$0(TestNGCucumberRunner.java:116)
	at io.cucumber.core.runtime.CucumberExecutionContext.runTestCase(CucumberExecutionContext.java:117)
	at io.cucumber.testng.TestNGCucumberRunner.runScenario(TestNGCucumberRunner.java:113)
	at io.cucumber.testng.AbstractTestNGCucumberTests.runScenario(AbstractTestNGCucumberTests.java:31)
	at java.base/jdk.internal.reflect.NativeMethodAccessorImpl.invoke0(Native Method)
	at java.base/jdk.internal.reflect.NativeMethodAccessorImpl.invoke(NativeMethodAccessorImpl.java:77)
	at java.base/jdk.internal.reflect.DelegatingMethodAccessorImpl.invoke(DelegatingMethodAccessorImpl.java:43)
	at java.base/java.lang.reflect.Method.invoke(Method.java:568)
	at org.testng.internal.MethodInvocationHelper.invokeMethod(MethodInvocationHelper.java:133)
	at org.testng.internal.TestInvoker.invokeMethod(TestInvoker.java:598)
	at org.testng.internal.TestInvoker.invokeTestMethod(TestInvoker.java:173)
	at org.testng.internal.MethodRunner.runInSequence(MethodRunner.java:46)
	at org.testng.internal.TestInvoker$MethodInvocationAgent.invoke(TestInvoker.java:824)
	at org.testng.internal.TestInvoker.invokeTestMethods(TestInvoker.java:146)
	at org.testng.internal.TestMethodWorker.invokeTestMethods(TestMethodWorker.java:146)
	at org.testng.internal.TestMethodWorker.run(TestMethodWorker.java:128)
	at java.base/java.util.concurrent.ThreadPoolExecutor.runWorker(ThreadPoolExecutor.java:1136)
	at java.base/java.util.concurrent.ThreadPoolExecutor$Worker.run(ThreadPoolExecutor.java:635)
	at java.base/java.lang.Thread.run(Thread.java:833)
Caused by: com.microsoft.playwright.impl.DriverException: Error {
  message=&#039;Target page, context or browser has been closed
  name=&#039;Error
  stack=&#039;Error: Target page, context or browser has been closed
    at DispatcherConnection.dispatch (C:\Users\SnehaV\AppData\Local\Temp\playwright-java-9757338667227740489\package\lib\server\dispatchers\dispatcher.js:226:49)
    at transport.onmessage (C:\Users\SnehaV\AppData\Local\Temp\playwright-java-9757338667227740489\package\lib\cli\driver.js:52:57)
    at Immediate._onImmediate (C:\Users\SnehaV\AppData\Local\Temp\playwright-java-9757338667227740489\package\lib\protocol\transport.js:77:34)
    at process.processImmediate (node:internal/timers:476:21)
}
	at com.microsoft.playwright.impl.Connection.dispatch(Connection.java:226)
	at com.microsoft.playwright.impl.Connection.processOneMessage(Connection.java:206)
	at com.microsoft.playwright.impl.ChannelOwner.runUntil(ChannelOwner.java:109)
	... 47 more
 expected [true] but found [false]" type="java.lang.AssertionError">
      <![CDATA[java.lang.AssertionError: com.microsoft.playwright.PlaywrightException: Error {
  message='Target page, context or browser has been closed
  name='Error
  stack='Error: Target page, context or browser has been closed
    at DispatcherConnection.dispatch (C:\Users\SnehaV\AppData\Local\Temp\playwright-java-9757338667227740489\package\lib\server\dispatchers\dispatcher.js:226:49)
    at transport.onmessage (C:\Users\SnehaV\AppData\Local\Temp\playwright-java-9757338667227740489\package\lib\cli\driver.js:52:57)
    at Immediate._onImmediate (C:\Users\SnehaV\AppData\Local\Temp\playwright-java-9757338667227740489\package\lib\protocol\transport.js:77:34)
    at process.processImmediate (node:internal/timers:476:21)
}
at com.microsoft.playwright.impl.WaitableResult.get(WaitableResult.java:54)
at com.microsoft.playwright.impl.ChannelOwner.runUntil(ChannelOwner.java:111)
at com.microsoft.playwright.impl.Connection.sendMessage(Connection.java:126)
at com.microsoft.playwright.impl.ChannelOwner.sendMessage(ChannelOwner.java:102)
at com.microsoft.playwright.impl.PageImpl.screenshotImpl(PageImpl.java:1094)
at com.microsoft.playwright.impl.PageImpl.lambda$screenshot$65(PageImpl.java:1038)
at com.microsoft.playwright.impl.LoggingSupport.withLogging(LoggingSupport.java:47)
at com.microsoft.playwright.impl.ChannelOwner.withLogging(ChannelOwner.java:87)
at com.microsoft.playwright.impl.PageImpl.screenshot(PageImpl.java:1038)
at genericFunctions.PlaywrightFactory.TakeScreenshot(PlaywrightFactory.java:144)
at genericFunctions.BaseElement.click(BaseElement.java:71)
at genericFunctions.Button.click(Button.java:14)
at pages.StudentSubsidiaryPage.subsidiarypostcharge(StudentSubsidiaryPage.java:245)
at Stepdefinitions.StudentSteps3.subsidiary_ledger_post_a_payment(StudentSteps3.java:208)
at java.base/jdk.internal.reflect.NativeMethodAccessorImpl.invoke0(Native Method)
at java.base/jdk.internal.reflect.NativeMethodAccessorImpl.invoke(NativeMethodAccessorImpl.java:77)
at java.base/jdk.internal.reflect.DelegatingMethodAccessorImpl.invoke(DelegatingMethodAccessorImpl.java:43)
at java.base/java.lang.reflect.Method.invoke(Method.java:568)
at io.cucumber.java.Invoker.doInvoke(Invoker.java:66)
at io.cucumber.java.Invoker.invoke(Invoker.java:24)
at io.cucumber.java.AbstractGlueDefinition.invokeMethod(AbstractGlueDefinition.java:47)
at io.cucumber.java.JavaStepDefinition.execute(JavaStepDefinition.java:29)
at io.cucumber.core.runner.CoreStepDefinition.execute(CoreStepDefinition.java:66)
at io.cucumber.core.runner.PickleStepDefinitionMatch.runStep(PickleStepDefinitionMatch.java:63)
at io.cucumber.core.runner.ExecutionMode$1.execute(ExecutionMode.java:10)
at io.cucumber.core.runner.TestStep.executeStep(TestStep.java:92)
at io.cucumber.core.runner.TestStep.run(TestStep.java:64)
at io.cucumber.core.runner.PickleStepTestStep.run(PickleStepTestStep.java:51)
at io.cucumber.core.runner.TestCase.run(TestCase.java:104)
at io.cucumber.core.runner.Runner.runPickle(Runner.java:71)
at io.cucumber.testng.TestNGCucumberRunner.lambda$runScenario$0(TestNGCucumberRunner.java:116)
at io.cucumber.core.runtime.CucumberExecutionContext.runTestCase(CucumberExecutionContext.java:117)
at io.cucumber.testng.TestNGCucumberRunner.runScenario(TestNGCucumberRunner.java:113)
at io.cucumber.testng.AbstractTestNGCucumberTests.runScenario(AbstractTestNGCucumberTests.java:31)
at java.base/jdk.internal.reflect.NativeMethodAccessorImpl.invoke0(Native Method)
at java.base/jdk.internal.reflect.NativeMethodAccessorImpl.invoke(NativeMethodAccessorImpl.java:77)
at java.base/jdk.internal.reflect.DelegatingMethodAccessorImpl.invoke(DelegatingMethodAccessorImpl.java:43)
at java.base/java.lang.reflect.Method.invoke(Method.java:568)
at org.testng.internal.MethodInvocationHelper.invokeMethod(MethodInvocationHelper.java:133)
at org.testng.internal.TestInvoker.invokeMethod(TestInvoker.java:598)
at org.testng.internal.TestInvoker.invokeTestMethod(TestInvoker.java:173)
at org.testng.internal.MethodRunner.runInSequence(MethodRunner.java:46)
at org.testng.internal.TestInvoker$MethodInvocationAgent.invoke(TestInvoker.java:824)
at org.testng.internal.TestInvoker.invokeTestMethods(TestInvoker.java:146)
at org.testng.internal.TestMethodWorker.invokeTestMethods(TestMethodWorker.java:146)
at org.testng.internal.TestMethodWorker.run(TestMethodWorker.java:128)
at java.base/java.util.concurrent.ThreadPoolExecutor.runWorker(ThreadPoolExecutor.java:1136)
at java.base/java.util.concurrent.ThreadPoolExecutor$Worker.run(ThreadPoolExecutor.java:635)
at java.base/java.lang.Thread.run(Thread.java:833)
Caused by: com.microsoft.playwright.impl.DriverException: Error {
  message='Target page, context or browser has been closed
  name='Error
  stack='Error: Target page, context or browser has been closed
    at DispatcherConnection.dispatch (C:\Users\SnehaV\AppData\Local\Temp\playwright-java-9757338667227740489\package\lib\server\dispatchers\dispatcher.js:226:49)
    at transport.onmessage (C:\Users\SnehaV\AppData\Local\Temp\playwright-java-9757338667227740489\package\lib\cli\driver.js:52:57)
    at Immediate._onImmediate (C:\Users\SnehaV\AppData\Local\Temp\playwright-java-9757338667227740489\package\lib\protocol\transport.js:77:34)
    at process.processImmediate (node:internal/timers:476:21)
}
at com.microsoft.playwright.impl.Connection.dispatch(Connection.java:226)
at com.microsoft.playwright.impl.Connection.processOneMessage(Connection.java:206)
at com.microsoft.playwright.impl.ChannelOwner.runUntil(ChannelOwner.java:109)
... 47 more
 expected [true] but found [false]
at org.testng.Assert.fail(Assert.java:99)
at org.testng.Assert.failNotEquals(Assert.java:1037)
at org.testng.Assert.assertTrue(Assert.java:45)
at Stepdefinitions.StudentSteps3.subsidiary_ledger_post_a_payment(StudentSteps3.java:213)
at ✽.subsidiary ledger post a payment"1"(file:///C:/Users/SnehaV/Playrepo/PlayWrightBDD/src/test/resources/features/StudentTestCases3.feature:103)
]]>
    </failure>
  </testcase> <!-- runScenario -->
  <system-out/>
  <testcase classname="runner.StudentTestRunner3" name="runScenario" time="98.965"/>
  <system-out/>
  <testcase classname="runner.StudentTestRunner3" name="runScenario" time="119.085"/>
  <system-out/>
  <testcase classname="runner.StudentTestRunner3" name="runScenario" time="152.473">
    <failure message="com.microsoft.playwright.PlaywrightException: Error {
  message=&#039;Target page, context or browser has been closed
  name=&#039;Error
  stack=&#039;Error: Target page, context or browser has been closed
    at DispatcherConnection.dispatch (C:\Users\SnehaV\AppData\Local\Temp\playwright-java-9757338667227740489\package\lib\server\dispatchers\dispatcher.js:226:49)
    at transport.onmessage (C:\Users\SnehaV\AppData\Local\Temp\playwright-java-9757338667227740489\package\lib\cli\driver.js:52:57)
    at Immediate._onImmediate (C:\Users\SnehaV\AppData\Local\Temp\playwright-java-9757338667227740489\package\lib\protocol\transport.js:77:34)
    at process.processImmediate (node:internal/timers:476:21)
}
	at com.microsoft.playwright.impl.WaitableResult.get(WaitableResult.java:54)
	at com.microsoft.playwright.impl.ChannelOwner.runUntil(ChannelOwner.java:111)
	at com.microsoft.playwright.impl.Connection.sendMessage(Connection.java:126)
	at com.microsoft.playwright.impl.ChannelOwner.sendMessage(ChannelOwner.java:102)
	at com.microsoft.playwright.impl.FrameImpl.waitForTimeoutImpl(FrameImpl.java:1080)
	at com.microsoft.playwright.impl.PageImpl.lambda$waitForTimeout$93(PageImpl.java:1463)
	at com.microsoft.playwright.impl.LoggingSupport.lambda$withLogging$0(LoggingSupport.java:36)
	at com.microsoft.playwright.impl.LoggingSupport.withLogging(LoggingSupport.java:47)
	at com.microsoft.playwright.impl.ChannelOwner.withLogging(ChannelOwner.java:87)
	at com.microsoft.playwright.impl.LoggingSupport.withLogging(LoggingSupport.java:35)
	at com.microsoft.playwright.impl.PageImpl.waitForTimeout(PageImpl.java:1463)
	at pages.StudentMainPage.Addpromnotetostudent(StudentMainPage.java:484)
	at Stepdefinitions.StudentSteps3.adding_prom_note_to_student(StudentSteps3.java:315)
	at java.base/jdk.internal.reflect.NativeMethodAccessorImpl.invoke0(Native Method)
	at java.base/jdk.internal.reflect.NativeMethodAccessorImpl.invoke(NativeMethodAccessorImpl.java:77)
	at java.base/jdk.internal.reflect.DelegatingMethodAccessorImpl.invoke(DelegatingMethodAccessorImpl.java:43)
	at java.base/java.lang.reflect.Method.invoke(Method.java:568)
	at io.cucumber.java.Invoker.doInvoke(Invoker.java:66)
	at io.cucumber.java.Invoker.invoke(Invoker.java:24)
	at io.cucumber.java.AbstractGlueDefinition.invokeMethod(AbstractGlueDefinition.java:47)
	at io.cucumber.java.JavaStepDefinition.execute(JavaStepDefinition.java:29)
	at io.cucumber.core.runner.CoreStepDefinition.execute(CoreStepDefinition.java:66)
	at io.cucumber.core.runner.PickleStepDefinitionMatch.runStep(PickleStepDefinitionMatch.java:63)
	at io.cucumber.core.runner.ExecutionMode$1.execute(ExecutionMode.java:10)
	at io.cucumber.core.runner.TestStep.executeStep(TestStep.java:92)
	at io.cucumber.core.runner.TestStep.run(TestStep.java:64)
	at io.cucumber.core.runner.PickleStepTestStep.run(PickleStepTestStep.java:51)
	at io.cucumber.core.runner.TestCase.run(TestCase.java:104)
	at io.cucumber.core.runner.Runner.runPickle(Runner.java:71)
	at io.cucumber.testng.TestNGCucumberRunner.lambda$runScenario$0(TestNGCucumberRunner.java:116)
	at io.cucumber.core.runtime.CucumberExecutionContext.runTestCase(CucumberExecutionContext.java:117)
	at io.cucumber.testng.TestNGCucumberRunner.runScenario(TestNGCucumberRunner.java:113)
	at io.cucumber.testng.AbstractTestNGCucumberTests.runScenario(AbstractTestNGCucumberTests.java:31)
	at jdk.internal.reflect.GeneratedMethodAccessor7.invoke(Unknown Source)
	at java.base/jdk.internal.reflect.DelegatingMethodAccessorImpl.invoke(DelegatingMethodAccessorImpl.java:43)
	at java.base/java.lang.reflect.Method.invoke(Method.java:568)
	at org.testng.internal.MethodInvocationHelper.invokeMethod(MethodInvocationHelper.java:133)
	at org.testng.internal.TestInvoker.invokeMethod(TestInvoker.java:598)
	at org.testng.internal.TestInvoker.invokeTestMethod(TestInvoker.java:173)
	at org.testng.internal.MethodRunner.runInSequence(MethodRunner.java:46)
	at org.testng.internal.TestInvoker$MethodInvocationAgent.invoke(TestInvoker.java:824)
	at org.testng.internal.TestInvoker.invokeTestMethods(TestInvoker.java:146)
	at org.testng.internal.TestMethodWorker.invokeTestMethods(TestMethodWorker.java:146)
	at org.testng.internal.TestMethodWorker.run(TestMethodWorker.java:128)
	at java.base/java.util.concurrent.ThreadPoolExecutor.runWorker(ThreadPoolExecutor.java:1136)
	at java.base/java.util.concurrent.ThreadPoolExecutor$Worker.run(ThreadPoolExecutor.java:635)
	at java.base/java.lang.Thread.run(Thread.java:833)
Caused by: com.microsoft.playwright.impl.DriverException: Error {
  message=&#039;Target page, context or browser has been closed
  name=&#039;Error
  stack=&#039;Error: Target page, context or browser has been closed
    at DispatcherConnection.dispatch (C:\Users\SnehaV\AppData\Local\Temp\playwright-java-9757338667227740489\package\lib\server\dispatchers\dispatcher.js:226:49)
    at transport.onmessage (C:\Users\SnehaV\AppData\Local\Temp\playwright-java-9757338667227740489\package\lib\cli\driver.js:52:57)
    at Immediate._onImmediate (C:\Users\SnehaV\AppData\Local\Temp\playwright-java-9757338667227740489\package\lib\protocol\transport.js:77:34)
    at process.processImmediate (node:internal/timers:476:21)
}
	at com.microsoft.playwright.impl.Connection.dispatch(Connection.java:226)
	at com.microsoft.playwright.impl.Connection.processOneMessage(Connection.java:206)
	at com.microsoft.playwright.impl.ChannelOwner.runUntil(ChannelOwner.java:109)
	... 45 more
 expected [true] but found [false]" type="java.lang.AssertionError">
      <![CDATA[java.lang.AssertionError: com.microsoft.playwright.PlaywrightException: Error {
  message='Target page, context or browser has been closed
  name='Error
  stack='Error: Target page, context or browser has been closed
    at DispatcherConnection.dispatch (C:\Users\SnehaV\AppData\Local\Temp\playwright-java-9757338667227740489\package\lib\server\dispatchers\dispatcher.js:226:49)
    at transport.onmessage (C:\Users\SnehaV\AppData\Local\Temp\playwright-java-9757338667227740489\package\lib\cli\driver.js:52:57)
    at Immediate._onImmediate (C:\Users\SnehaV\AppData\Local\Temp\playwright-java-9757338667227740489\package\lib\protocol\transport.js:77:34)
    at process.processImmediate (node:internal/timers:476:21)
}
at com.microsoft.playwright.impl.WaitableResult.get(WaitableResult.java:54)
at com.microsoft.playwright.impl.ChannelOwner.runUntil(ChannelOwner.java:111)
at com.microsoft.playwright.impl.Connection.sendMessage(Connection.java:126)
at com.microsoft.playwright.impl.ChannelOwner.sendMessage(ChannelOwner.java:102)
at com.microsoft.playwright.impl.FrameImpl.waitForTimeoutImpl(FrameImpl.java:1080)
at com.microsoft.playwright.impl.PageImpl.lambda$waitForTimeout$93(PageImpl.java:1463)
at com.microsoft.playwright.impl.LoggingSupport.lambda$withLogging$0(LoggingSupport.java:36)
at com.microsoft.playwright.impl.LoggingSupport.withLogging(LoggingSupport.java:47)
at com.microsoft.playwright.impl.ChannelOwner.withLogging(ChannelOwner.java:87)
at com.microsoft.playwright.impl.LoggingSupport.withLogging(LoggingSupport.java:35)
at com.microsoft.playwright.impl.PageImpl.waitForTimeout(PageImpl.java:1463)
at pages.StudentMainPage.Addpromnotetostudent(StudentMainPage.java:484)
at Stepdefinitions.StudentSteps3.adding_prom_note_to_student(StudentSteps3.java:315)
at java.base/jdk.internal.reflect.NativeMethodAccessorImpl.invoke0(Native Method)
at java.base/jdk.internal.reflect.NativeMethodAccessorImpl.invoke(NativeMethodAccessorImpl.java:77)
at java.base/jdk.internal.reflect.DelegatingMethodAccessorImpl.invoke(DelegatingMethodAccessorImpl.java:43)
at java.base/java.lang.reflect.Method.invoke(Method.java:568)
at io.cucumber.java.Invoker.doInvoke(Invoker.java:66)
at io.cucumber.java.Invoker.invoke(Invoker.java:24)
at io.cucumber.java.AbstractGlueDefinition.invokeMethod(AbstractGlueDefinition.java:47)
at io.cucumber.java.JavaStepDefinition.execute(JavaStepDefinition.java:29)
at io.cucumber.core.runner.CoreStepDefinition.execute(CoreStepDefinition.java:66)
at io.cucumber.core.runner.PickleStepDefinitionMatch.runStep(PickleStepDefinitionMatch.java:63)
at io.cucumber.core.runner.ExecutionMode$1.execute(ExecutionMode.java:10)
at io.cucumber.core.runner.TestStep.executeStep(TestStep.java:92)
at io.cucumber.core.runner.TestStep.run(TestStep.java:64)
at io.cucumber.core.runner.PickleStepTestStep.run(PickleStepTestStep.java:51)
at io.cucumber.core.runner.TestCase.run(TestCase.java:104)
at io.cucumber.core.runner.Runner.runPickle(Runner.java:71)
at io.cucumber.testng.TestNGCucumberRunner.lambda$runScenario$0(TestNGCucumberRunner.java:116)
at io.cucumber.core.runtime.CucumberExecutionContext.runTestCase(CucumberExecutionContext.java:117)
at io.cucumber.testng.TestNGCucumberRunner.runScenario(TestNGCucumberRunner.java:113)
at io.cucumber.testng.AbstractTestNGCucumberTests.runScenario(AbstractTestNGCucumberTests.java:31)
at jdk.internal.reflect.GeneratedMethodAccessor7.invoke(Unknown Source)
at java.base/jdk.internal.reflect.DelegatingMethodAccessorImpl.invoke(DelegatingMethodAccessorImpl.java:43)
at java.base/java.lang.reflect.Method.invoke(Method.java:568)
at org.testng.internal.MethodInvocationHelper.invokeMethod(MethodInvocationHelper.java:133)
at org.testng.internal.TestInvoker.invokeMethod(TestInvoker.java:598)
at org.testng.internal.TestInvoker.invokeTestMethod(TestInvoker.java:173)
at org.testng.internal.MethodRunner.runInSequence(MethodRunner.java:46)
at org.testng.internal.TestInvoker$MethodInvocationAgent.invoke(TestInvoker.java:824)
at org.testng.internal.TestInvoker.invokeTestMethods(TestInvoker.java:146)
at org.testng.internal.TestMethodWorker.invokeTestMethods(TestMethodWorker.java:146)
at org.testng.internal.TestMethodWorker.run(TestMethodWorker.java:128)
at java.base/java.util.concurrent.ThreadPoolExecutor.runWorker(ThreadPoolExecutor.java:1136)
at java.base/java.util.concurrent.ThreadPoolExecutor$Worker.run(ThreadPoolExecutor.java:635)
at java.base/java.lang.Thread.run(Thread.java:833)
Caused by: com.microsoft.playwright.impl.DriverException: Error {
  message='Target page, context or browser has been closed
  name='Error
  stack='Error: Target page, context or browser has been closed
    at DispatcherConnection.dispatch (C:\Users\SnehaV\AppData\Local\Temp\playwright-java-9757338667227740489\package\lib\server\dispatchers\dispatcher.js:226:49)
    at transport.onmessage (C:\Users\SnehaV\AppData\Local\Temp\playwright-java-9757338667227740489\package\lib\cli\driver.js:52:57)
    at Immediate._onImmediate (C:\Users\SnehaV\AppData\Local\Temp\playwright-java-9757338667227740489\package\lib\protocol\transport.js:77:34)
    at process.processImmediate (node:internal/timers:476:21)
}
at com.microsoft.playwright.impl.Connection.dispatch(Connection.java:226)
at com.microsoft.playwright.impl.Connection.processOneMessage(Connection.java:206)
at com.microsoft.playwright.impl.ChannelOwner.runUntil(ChannelOwner.java:109)
... 45 more
 expected [true] but found [false]
at org.testng.Assert.fail(Assert.java:99)
at org.testng.Assert.failNotEquals(Assert.java:1037)
at org.testng.Assert.assertTrue(Assert.java:45)
at Stepdefinitions.StudentSteps3.adding_prom_note_to_student(StudentSteps3.java:320)
at ✽.Adding prom note to student"1"(file:///C:/Users/SnehaV/Playrepo/PlayWrightBDD/src/test/resources/features/StudentTestCases3.feature:194)
]]>
    </failure>
  </testcase> <!-- runScenario -->
  <system-out/>
  <testcase classname="runner.StudentTestRunner3" name="runScenario" time="147.819">
    <failure message="com.microsoft.playwright.PlaywrightException: Error {
  message=&#039;Target page, context or browser has been closed
  name=&#039;Error
  stack=&#039;Error: Target page, context or browser has been closed
    at DispatcherConnection.dispatch (C:\Users\SnehaV\AppData\Local\Temp\playwright-java-9757338667227740489\package\lib\server\dispatchers\dispatcher.js:226:49)
    at transport.onmessage (C:\Users\SnehaV\AppData\Local\Temp\playwright-java-9757338667227740489\package\lib\cli\driver.js:52:57)
    at Immediate._onImmediate (C:\Users\SnehaV\AppData\Local\Temp\playwright-java-9757338667227740489\package\lib\protocol\transport.js:77:34)
    at process.processImmediate (node:internal/timers:476:21)
}
	at com.microsoft.playwright.impl.WaitableResult.get(WaitableResult.java:54)
	at com.microsoft.playwright.impl.ChannelOwner.runUntil(ChannelOwner.java:111)
	at com.microsoft.playwright.impl.Connection.sendMessage(Connection.java:126)
	at com.microsoft.playwright.impl.ChannelOwner.sendMessage(ChannelOwner.java:102)
	at com.microsoft.playwright.impl.PageImpl.screenshotImpl(PageImpl.java:1094)
	at com.microsoft.playwright.impl.PageImpl.lambda$screenshot$65(PageImpl.java:1038)
	at com.microsoft.playwright.impl.LoggingSupport.withLogging(LoggingSupport.java:47)
	at com.microsoft.playwright.impl.ChannelOwner.withLogging(ChannelOwner.java:87)
	at com.microsoft.playwright.impl.PageImpl.screenshot(PageImpl.java:1038)
	at genericFunctions.PlaywrightFactory.TakeScreenshot(PlaywrightFactory.java:144)
	at genericFunctions.BaseElement.click(BaseElement.java:71)
	at genericFunctions.Button.click(Button.java:14)
	at pages.StudentSubsidiaryPage.subsidarypostRefund(StudentSubsidiaryPage.java:289)
	at Stepdefinitions.StudentSteps3.subsidary_ledger_post_refund(StudentSteps3.java:239)
	at java.base/jdk.internal.reflect.NativeMethodAccessorImpl.invoke0(Native Method)
	at java.base/jdk.internal.reflect.NativeMethodAccessorImpl.invoke(NativeMethodAccessorImpl.java:77)
	at java.base/jdk.internal.reflect.DelegatingMethodAccessorImpl.invoke(DelegatingMethodAccessorImpl.java:43)
	at java.base/java.lang.reflect.Method.invoke(Method.java:568)
	at io.cucumber.java.Invoker.doInvoke(Invoker.java:66)
	at io.cucumber.java.Invoker.invoke(Invoker.java:24)
	at io.cucumber.java.AbstractGlueDefinition.invokeMethod(AbstractGlueDefinition.java:47)
	at io.cucumber.java.JavaStepDefinition.execute(JavaStepDefinition.java:29)
	at io.cucumber.core.runner.CoreStepDefinition.execute(CoreStepDefinition.java:66)
	at io.cucumber.core.runner.PickleStepDefinitionMatch.runStep(PickleStepDefinitionMatch.java:63)
	at io.cucumber.core.runner.ExecutionMode$1.execute(ExecutionMode.java:10)
	at io.cucumber.core.runner.TestStep.executeStep(TestStep.java:92)
	at io.cucumber.core.runner.TestStep.run(TestStep.java:64)
	at io.cucumber.core.runner.PickleStepTestStep.run(PickleStepTestStep.java:51)
	at io.cucumber.core.runner.TestCase.run(TestCase.java:104)
	at io.cucumber.core.runner.Runner.runPickle(Runner.java:71)
	at io.cucumber.testng.TestNGCucumberRunner.lambda$runScenario$0(TestNGCucumberRunner.java:116)
	at io.cucumber.core.runtime.CucumberExecutionContext.runTestCase(CucumberExecutionContext.java:117)
	at io.cucumber.testng.TestNGCucumberRunner.runScenario(TestNGCucumberRunner.java:113)
	at io.cucumber.testng.AbstractTestNGCucumberTests.runScenario(AbstractTestNGCucumberTests.java:31)
	at jdk.internal.reflect.GeneratedMethodAccessor7.invoke(Unknown Source)
	at java.base/jdk.internal.reflect.DelegatingMethodAccessorImpl.invoke(DelegatingMethodAccessorImpl.java:43)
	at java.base/java.lang.reflect.Method.invoke(Method.java:568)
	at org.testng.internal.MethodInvocationHelper.invokeMethod(MethodInvocationHelper.java:133)
	at org.testng.internal.TestInvoker.invokeMethod(TestInvoker.java:598)
	at org.testng.internal.TestInvoker.invokeTestMethod(TestInvoker.java:173)
	at org.testng.internal.MethodRunner.runInSequence(MethodRunner.java:46)
	at org.testng.internal.TestInvoker$MethodInvocationAgent.invoke(TestInvoker.java:824)
	at org.testng.internal.TestInvoker.invokeTestMethods(TestInvoker.java:146)
	at org.testng.internal.TestMethodWorker.invokeTestMethods(TestMethodWorker.java:146)
	at org.testng.internal.TestMethodWorker.run(TestMethodWorker.java:128)
	at java.base/java.util.concurrent.ThreadPoolExecutor.runWorker(ThreadPoolExecutor.java:1136)
	at java.base/java.util.concurrent.ThreadPoolExecutor$Worker.run(ThreadPoolExecutor.java:635)
	at java.base/java.lang.Thread.run(Thread.java:833)
Caused by: com.microsoft.playwright.impl.DriverException: Error {
  message=&#039;Target page, context or browser has been closed
  name=&#039;Error
  stack=&#039;Error: Target page, context or browser has been closed
    at DispatcherConnection.dispatch (C:\Users\SnehaV\AppData\Local\Temp\playwright-java-9757338667227740489\package\lib\server\dispatchers\dispatcher.js:226:49)
    at transport.onmessage (C:\Users\SnehaV\AppData\Local\Temp\playwright-java-9757338667227740489\package\lib\cli\driver.js:52:57)
    at Immediate._onImmediate (C:\Users\SnehaV\AppData\Local\Temp\playwright-java-9757338667227740489\package\lib\protocol\transport.js:77:34)
    at process.processImmediate (node:internal/timers:476:21)
}
	at com.microsoft.playwright.impl.Connection.dispatch(Connection.java:226)
	at com.microsoft.playwright.impl.Connection.processOneMessage(Connection.java:206)
	at com.microsoft.playwright.impl.ChannelOwner.runUntil(ChannelOwner.java:109)
	... 46 more
 expected [true] but found [false]" type="java.lang.AssertionError">
      <![CDATA[java.lang.AssertionError: com.microsoft.playwright.PlaywrightException: Error {
  message='Target page, context or browser has been closed
  name='Error
  stack='Error: Target page, context or browser has been closed
    at DispatcherConnection.dispatch (C:\Users\SnehaV\AppData\Local\Temp\playwright-java-9757338667227740489\package\lib\server\dispatchers\dispatcher.js:226:49)
    at transport.onmessage (C:\Users\SnehaV\AppData\Local\Temp\playwright-java-9757338667227740489\package\lib\cli\driver.js:52:57)
    at Immediate._onImmediate (C:\Users\SnehaV\AppData\Local\Temp\playwright-java-9757338667227740489\package\lib\protocol\transport.js:77:34)
    at process.processImmediate (node:internal/timers:476:21)
}
at com.microsoft.playwright.impl.WaitableResult.get(WaitableResult.java:54)
at com.microsoft.playwright.impl.ChannelOwner.runUntil(ChannelOwner.java:111)
at com.microsoft.playwright.impl.Connection.sendMessage(Connection.java:126)
at com.microsoft.playwright.impl.ChannelOwner.sendMessage(ChannelOwner.java:102)
at com.microsoft.playwright.impl.PageImpl.screenshotImpl(PageImpl.java:1094)
at com.microsoft.playwright.impl.PageImpl.lambda$screenshot$65(PageImpl.java:1038)
at com.microsoft.playwright.impl.LoggingSupport.withLogging(LoggingSupport.java:47)
at com.microsoft.playwright.impl.ChannelOwner.withLogging(ChannelOwner.java:87)
at com.microsoft.playwright.impl.PageImpl.screenshot(PageImpl.java:1038)
at genericFunctions.PlaywrightFactory.TakeScreenshot(PlaywrightFactory.java:144)
at genericFunctions.BaseElement.click(BaseElement.java:71)
at genericFunctions.Button.click(Button.java:14)
at pages.StudentSubsidiaryPage.subsidarypostRefund(StudentSubsidiaryPage.java:289)
at Stepdefinitions.StudentSteps3.subsidary_ledger_post_refund(StudentSteps3.java:239)
at java.base/jdk.internal.reflect.NativeMethodAccessorImpl.invoke0(Native Method)
at java.base/jdk.internal.reflect.NativeMethodAccessorImpl.invoke(NativeMethodAccessorImpl.java:77)
at java.base/jdk.internal.reflect.DelegatingMethodAccessorImpl.invoke(DelegatingMethodAccessorImpl.java:43)
at java.base/java.lang.reflect.Method.invoke(Method.java:568)
at io.cucumber.java.Invoker.doInvoke(Invoker.java:66)
at io.cucumber.java.Invoker.invoke(Invoker.java:24)
at io.cucumber.java.AbstractGlueDefinition.invokeMethod(AbstractGlueDefinition.java:47)
at io.cucumber.java.JavaStepDefinition.execute(JavaStepDefinition.java:29)
at io.cucumber.core.runner.CoreStepDefinition.execute(CoreStepDefinition.java:66)
at io.cucumber.core.runner.PickleStepDefinitionMatch.runStep(PickleStepDefinitionMatch.java:63)
at io.cucumber.core.runner.ExecutionMode$1.execute(ExecutionMode.java:10)
at io.cucumber.core.runner.TestStep.executeStep(TestStep.java:92)
at io.cucumber.core.runner.TestStep.run(TestStep.java:64)
at io.cucumber.core.runner.PickleStepTestStep.run(PickleStepTestStep.java:51)
at io.cucumber.core.runner.TestCase.run(TestCase.java:104)
at io.cucumber.core.runner.Runner.runPickle(Runner.java:71)
at io.cucumber.testng.TestNGCucumberRunner.lambda$runScenario$0(TestNGCucumberRunner.java:116)
at io.cucumber.core.runtime.CucumberExecutionContext.runTestCase(CucumberExecutionContext.java:117)
at io.cucumber.testng.TestNGCucumberRunner.runScenario(TestNGCucumberRunner.java:113)
at io.cucumber.testng.AbstractTestNGCucumberTests.runScenario(AbstractTestNGCucumberTests.java:31)
at jdk.internal.reflect.GeneratedMethodAccessor7.invoke(Unknown Source)
at java.base/jdk.internal.reflect.DelegatingMethodAccessorImpl.invoke(DelegatingMethodAccessorImpl.java:43)
at java.base/java.lang.reflect.Method.invoke(Method.java:568)
at org.testng.internal.MethodInvocationHelper.invokeMethod(MethodInvocationHelper.java:133)
at org.testng.internal.TestInvoker.invokeMethod(TestInvoker.java:598)
at org.testng.internal.TestInvoker.invokeTestMethod(TestInvoker.java:173)
at org.testng.internal.MethodRunner.runInSequence(MethodRunner.java:46)
at org.testng.internal.TestInvoker$MethodInvocationAgent.invoke(TestInvoker.java:824)
at org.testng.internal.TestInvoker.invokeTestMethods(TestInvoker.java:146)
at org.testng.internal.TestMethodWorker.invokeTestMethods(TestMethodWorker.java:146)
at org.testng.internal.TestMethodWorker.run(TestMethodWorker.java:128)
at java.base/java.util.concurrent.ThreadPoolExecutor.runWorker(ThreadPoolExecutor.java:1136)
at java.base/java.util.concurrent.ThreadPoolExecutor$Worker.run(ThreadPoolExecutor.java:635)
at java.base/java.lang.Thread.run(Thread.java:833)
Caused by: com.microsoft.playwright.impl.DriverException: Error {
  message='Target page, context or browser has been closed
  name='Error
  stack='Error: Target page, context or browser has been closed
    at DispatcherConnection.dispatch (C:\Users\SnehaV\AppData\Local\Temp\playwright-java-9757338667227740489\package\lib\server\dispatchers\dispatcher.js:226:49)
    at transport.onmessage (C:\Users\SnehaV\AppData\Local\Temp\playwright-java-9757338667227740489\package\lib\cli\driver.js:52:57)
    at Immediate._onImmediate (C:\Users\SnehaV\AppData\Local\Temp\playwright-java-9757338667227740489\package\lib\protocol\transport.js:77:34)
    at process.processImmediate (node:internal/timers:476:21)
}
at com.microsoft.playwright.impl.Connection.dispatch(Connection.java:226)
at com.microsoft.playwright.impl.Connection.processOneMessage(Connection.java:206)
at com.microsoft.playwright.impl.ChannelOwner.runUntil(ChannelOwner.java:109)
... 46 more
 expected [true] but found [false]
at org.testng.Assert.fail(Assert.java:99)
at org.testng.Assert.failNotEquals(Assert.java:1037)
at org.testng.Assert.assertTrue(Assert.java:45)
at Stepdefinitions.StudentSteps3.subsidary_ledger_post_refund(StudentSteps3.java:244)
at ✽.subsidary ledger post Refund"1"(file:///C:/Users/SnehaV/Playrepo/PlayWrightBDD/src/test/resources/features/StudentTestCases3.feature:131)
]]>
    </failure>
  </testcase> <!-- runScenario -->
  <system-out/>
  <testcase classname="runner.StudentTestRunner3" name="runScenario" time="154.708">
    <failure message="com.microsoft.playwright.PlaywrightException: Error {
  message=&#039;Target page, context or browser has been closed
  name=&#039;Error
  stack=&#039;Error: Target page, context or browser has been closed
    at DispatcherConnection.dispatch (C:\Users\SnehaV\AppData\Local\Temp\playwright-java-9757338667227740489\package\lib\server\dispatchers\dispatcher.js:226:49)
    at transport.onmessage (C:\Users\SnehaV\AppData\Local\Temp\playwright-java-9757338667227740489\package\lib\cli\driver.js:52:57)
    at Immediate._onImmediate (C:\Users\SnehaV\AppData\Local\Temp\playwright-java-9757338667227740489\package\lib\protocol\transport.js:77:34)
    at process.processImmediate (node:internal/timers:476:21)
}
	at com.microsoft.playwright.impl.WaitableResult.get(WaitableResult.java:54)
	at com.microsoft.playwright.impl.ChannelOwner.runUntil(ChannelOwner.java:111)
	at com.microsoft.playwright.impl.Connection.sendMessage(Connection.java:126)
	at com.microsoft.playwright.impl.ChannelOwner.sendMessage(ChannelOwner.java:102)
	at com.microsoft.playwright.impl.PageImpl.screenshotImpl(PageImpl.java:1094)
	at com.microsoft.playwright.impl.PageImpl.lambda$screenshot$65(PageImpl.java:1038)
	at com.microsoft.playwright.impl.LoggingSupport.withLogging(LoggingSupport.java:47)
	at com.microsoft.playwright.impl.ChannelOwner.withLogging(ChannelOwner.java:87)
	at com.microsoft.playwright.impl.PageImpl.screenshot(PageImpl.java:1038)
	at genericFunctions.PlaywrightFactory.TakeScreenshot(PlaywrightFactory.java:144)
	at genericFunctions.BaseElement.click(BaseElement.java:71)
	at genericFunctions.Button.click(Button.java:14)
	at pages.StudentConfigurationPage.printingOfPromNote(StudentConfigurationPage.java:543)
	at Stepdefinitions.StudentSteps3.configuring_printing_prom_note_from_fa_module(StudentSteps3.java:301)
	at java.base/jdk.internal.reflect.NativeMethodAccessorImpl.invoke0(Native Method)
	at java.base/jdk.internal.reflect.NativeMethodAccessorImpl.invoke(NativeMethodAccessorImpl.java:77)
	at java.base/jdk.internal.reflect.DelegatingMethodAccessorImpl.invoke(DelegatingMethodAccessorImpl.java:43)
	at java.base/java.lang.reflect.Method.invoke(Method.java:568)
	at io.cucumber.java.Invoker.doInvoke(Invoker.java:66)
	at io.cucumber.java.Invoker.invoke(Invoker.java:24)
	at io.cucumber.java.AbstractGlueDefinition.invokeMethod(AbstractGlueDefinition.java:47)
	at io.cucumber.java.JavaStepDefinition.execute(JavaStepDefinition.java:29)
	at io.cucumber.core.runner.CoreStepDefinition.execute(CoreStepDefinition.java:66)
	at io.cucumber.core.runner.PickleStepDefinitionMatch.runStep(PickleStepDefinitionMatch.java:63)
	at io.cucumber.core.runner.ExecutionMode$1.execute(ExecutionMode.java:10)
	at io.cucumber.core.runner.TestStep.executeStep(TestStep.java:92)
	at io.cucumber.core.runner.TestStep.run(TestStep.java:64)
	at io.cucumber.core.runner.PickleStepTestStep.run(PickleStepTestStep.java:51)
	at io.cucumber.core.runner.TestCase.run(TestCase.java:104)
	at io.cucumber.core.runner.Runner.runPickle(Runner.java:71)
	at io.cucumber.testng.TestNGCucumberRunner.lambda$runScenario$0(TestNGCucumberRunner.java:116)
	at io.cucumber.core.runtime.CucumberExecutionContext.runTestCase(CucumberExecutionContext.java:117)
	at io.cucumber.testng.TestNGCucumberRunner.runScenario(TestNGCucumberRunner.java:113)
	at io.cucumber.testng.AbstractTestNGCucumberTests.runScenario(AbstractTestNGCucumberTests.java:31)
	at jdk.internal.reflect.GeneratedMethodAccessor7.invoke(Unknown Source)
	at java.base/jdk.internal.reflect.DelegatingMethodAccessorImpl.invoke(DelegatingMethodAccessorImpl.java:43)
	at java.base/java.lang.reflect.Method.invoke(Method.java:568)
	at org.testng.internal.MethodInvocationHelper.invokeMethod(MethodInvocationHelper.java:133)
	at org.testng.internal.TestInvoker.invokeMethod(TestInvoker.java:598)
	at org.testng.internal.TestInvoker.invokeTestMethod(TestInvoker.java:173)
	at org.testng.internal.MethodRunner.runInSequence(MethodRunner.java:46)
	at org.testng.internal.TestInvoker$MethodInvocationAgent.invoke(TestInvoker.java:824)
	at org.testng.internal.TestInvoker.invokeTestMethods(TestInvoker.java:146)
	at org.testng.internal.TestMethodWorker.invokeTestMethods(TestMethodWorker.java:146)
	at org.testng.internal.TestMethodWorker.run(TestMethodWorker.java:128)
	at java.base/java.util.concurrent.ThreadPoolExecutor.runWorker(ThreadPoolExecutor.java:1136)
	at java.base/java.util.concurrent.ThreadPoolExecutor$Worker.run(ThreadPoolExecutor.java:635)
	at java.base/java.lang.Thread.run(Thread.java:833)
Caused by: com.microsoft.playwright.impl.DriverException: Error {
  message=&#039;Target page, context or browser has been closed
  name=&#039;Error
  stack=&#039;Error: Target page, context or browser has been closed
    at DispatcherConnection.dispatch (C:\Users\SnehaV\AppData\Local\Temp\playwright-java-9757338667227740489\package\lib\server\dispatchers\dispatcher.js:226:49)
    at transport.onmessage (C:\Users\SnehaV\AppData\Local\Temp\playwright-java-9757338667227740489\package\lib\cli\driver.js:52:57)
    at Immediate._onImmediate (C:\Users\SnehaV\AppData\Local\Temp\playwright-java-9757338667227740489\package\lib\protocol\transport.js:77:34)
    at process.processImmediate (node:internal/timers:476:21)
}
	at com.microsoft.playwright.impl.Connection.dispatch(Connection.java:226)
	at com.microsoft.playwright.impl.Connection.processOneMessage(Connection.java:206)
	at com.microsoft.playwright.impl.ChannelOwner.runUntil(ChannelOwner.java:109)
	... 46 more
 expected [true] but found [false]" type="java.lang.AssertionError">
      <![CDATA[java.lang.AssertionError: com.microsoft.playwright.PlaywrightException: Error {
  message='Target page, context or browser has been closed
  name='Error
  stack='Error: Target page, context or browser has been closed
    at DispatcherConnection.dispatch (C:\Users\SnehaV\AppData\Local\Temp\playwright-java-9757338667227740489\package\lib\server\dispatchers\dispatcher.js:226:49)
    at transport.onmessage (C:\Users\SnehaV\AppData\Local\Temp\playwright-java-9757338667227740489\package\lib\cli\driver.js:52:57)
    at Immediate._onImmediate (C:\Users\SnehaV\AppData\Local\Temp\playwright-java-9757338667227740489\package\lib\protocol\transport.js:77:34)
    at process.processImmediate (node:internal/timers:476:21)
}
at com.microsoft.playwright.impl.WaitableResult.get(WaitableResult.java:54)
at com.microsoft.playwright.impl.ChannelOwner.runUntil(ChannelOwner.java:111)
at com.microsoft.playwright.impl.Connection.sendMessage(Connection.java:126)
at com.microsoft.playwright.impl.ChannelOwner.sendMessage(ChannelOwner.java:102)
at com.microsoft.playwright.impl.PageImpl.screenshotImpl(PageImpl.java:1094)
at com.microsoft.playwright.impl.PageImpl.lambda$screenshot$65(PageImpl.java:1038)
at com.microsoft.playwright.impl.LoggingSupport.withLogging(LoggingSupport.java:47)
at com.microsoft.playwright.impl.ChannelOwner.withLogging(ChannelOwner.java:87)
at com.microsoft.playwright.impl.PageImpl.screenshot(PageImpl.java:1038)
at genericFunctions.PlaywrightFactory.TakeScreenshot(PlaywrightFactory.java:144)
at genericFunctions.BaseElement.click(BaseElement.java:71)
at genericFunctions.Button.click(Button.java:14)
at pages.StudentConfigurationPage.printingOfPromNote(StudentConfigurationPage.java:543)
at Stepdefinitions.StudentSteps3.configuring_printing_prom_note_from_fa_module(StudentSteps3.java:301)
at java.base/jdk.internal.reflect.NativeMethodAccessorImpl.invoke0(Native Method)
at java.base/jdk.internal.reflect.NativeMethodAccessorImpl.invoke(NativeMethodAccessorImpl.java:77)
at java.base/jdk.internal.reflect.DelegatingMethodAccessorImpl.invoke(DelegatingMethodAccessorImpl.java:43)
at java.base/java.lang.reflect.Method.invoke(Method.java:568)
at io.cucumber.java.Invoker.doInvoke(Invoker.java:66)
at io.cucumber.java.Invoker.invoke(Invoker.java:24)
at io.cucumber.java.AbstractGlueDefinition.invokeMethod(AbstractGlueDefinition.java:47)
at io.cucumber.java.JavaStepDefinition.execute(JavaStepDefinition.java:29)
at io.cucumber.core.runner.CoreStepDefinition.execute(CoreStepDefinition.java:66)
at io.cucumber.core.runner.PickleStepDefinitionMatch.runStep(PickleStepDefinitionMatch.java:63)
at io.cucumber.core.runner.ExecutionMode$1.execute(ExecutionMode.java:10)
at io.cucumber.core.runner.TestStep.executeStep(TestStep.java:92)
at io.cucumber.core.runner.TestStep.run(TestStep.java:64)
at io.cucumber.core.runner.PickleStepTestStep.run(PickleStepTestStep.java:51)
at io.cucumber.core.runner.TestCase.run(TestCase.java:104)
at io.cucumber.core.runner.Runner.runPickle(Runner.java:71)
at io.cucumber.testng.TestNGCucumberRunner.lambda$runScenario$0(TestNGCucumberRunner.java:116)
at io.cucumber.core.runtime.CucumberExecutionContext.runTestCase(CucumberExecutionContext.java:117)
at io.cucumber.testng.TestNGCucumberRunner.runScenario(TestNGCucumberRunner.java:113)
at io.cucumber.testng.AbstractTestNGCucumberTests.runScenario(AbstractTestNGCucumberTests.java:31)
at jdk.internal.reflect.GeneratedMethodAccessor7.invoke(Unknown Source)
at java.base/jdk.internal.reflect.DelegatingMethodAccessorImpl.invoke(DelegatingMethodAccessorImpl.java:43)
at java.base/java.lang.reflect.Method.invoke(Method.java:568)
at org.testng.internal.MethodInvocationHelper.invokeMethod(MethodInvocationHelper.java:133)
at org.testng.internal.TestInvoker.invokeMethod(TestInvoker.java:598)
at org.testng.internal.TestInvoker.invokeTestMethod(TestInvoker.java:173)
at org.testng.internal.MethodRunner.runInSequence(MethodRunner.java:46)
at org.testng.internal.TestInvoker$MethodInvocationAgent.invoke(TestInvoker.java:824)
at org.testng.internal.TestInvoker.invokeTestMethods(TestInvoker.java:146)
at org.testng.internal.TestMethodWorker.invokeTestMethods(TestMethodWorker.java:146)
at org.testng.internal.TestMethodWorker.run(TestMethodWorker.java:128)
at java.base/java.util.concurrent.ThreadPoolExecutor.runWorker(ThreadPoolExecutor.java:1136)
at java.base/java.util.concurrent.ThreadPoolExecutor$Worker.run(ThreadPoolExecutor.java:635)
at java.base/java.lang.Thread.run(Thread.java:833)
Caused by: com.microsoft.playwright.impl.DriverException: Error {
  message='Target page, context or browser has been closed
  name='Error
  stack='Error: Target page, context or browser has been closed
    at DispatcherConnection.dispatch (C:\Users\SnehaV\AppData\Local\Temp\playwright-java-9757338667227740489\package\lib\server\dispatchers\dispatcher.js:226:49)
    at transport.onmessage (C:\Users\SnehaV\AppData\Local\Temp\playwright-java-9757338667227740489\package\lib\cli\driver.js:52:57)
    at Immediate._onImmediate (C:\Users\SnehaV\AppData\Local\Temp\playwright-java-9757338667227740489\package\lib\protocol\transport.js:77:34)
    at process.processImmediate (node:internal/timers:476:21)
}
at com.microsoft.playwright.impl.Connection.dispatch(Connection.java:226)
at com.microsoft.playwright.impl.Connection.processOneMessage(Connection.java:206)
at com.microsoft.playwright.impl.ChannelOwner.runUntil(ChannelOwner.java:109)
... 46 more
 expected [true] but found [false]
at org.testng.Assert.fail(Assert.java:99)
at org.testng.Assert.failNotEquals(Assert.java:1037)
at org.testng.Assert.assertTrue(Assert.java:45)
at Stepdefinitions.StudentSteps3.configuring_printing_prom_note_from_fa_module(StudentSteps3.java:306)
at ✽.configuring printing prom note from FA module"1"(file:///C:/Users/SnehaV/Playrepo/PlayWrightBDD/src/test/resources/features/StudentTestCases3.feature:182)
]]>
    </failure>
  </testcase> <!-- runScenario -->
  <system-out/>
  <testcase classname="runner.StudentTestRunner3" name="runScenario" time="160.745">
    <failure message="com.microsoft.playwright.PlaywrightException: Error {
  message=&#039;Target page, context or browser has been closed
  name=&#039;Error
  stack=&#039;Error: Target page, context or browser has been closed
    at DispatcherConnection.dispatch (C:\Users\SnehaV\AppData\Local\Temp\playwright-java-9757338667227740489\package\lib\server\dispatchers\dispatcher.js:226:49)
    at transport.onmessage (C:\Users\SnehaV\AppData\Local\Temp\playwright-java-9757338667227740489\package\lib\cli\driver.js:52:57)
    at Immediate._onImmediate (C:\Users\SnehaV\AppData\Local\Temp\playwright-java-9757338667227740489\package\lib\protocol\transport.js:77:34)
    at process.processImmediate (node:internal/timers:476:21)
}
	at com.microsoft.playwright.impl.WaitableResult.get(WaitableResult.java:54)
	at com.microsoft.playwright.impl.ChannelOwner.runUntil(ChannelOwner.java:111)
	at com.microsoft.playwright.impl.Connection.sendMessage(Connection.java:126)
	at com.microsoft.playwright.impl.ChannelOwner.sendMessage(ChannelOwner.java:102)
	at com.microsoft.playwright.impl.PageImpl.screenshotImpl(PageImpl.java:1094)
	at com.microsoft.playwright.impl.PageImpl.lambda$screenshot$65(PageImpl.java:1038)
	at com.microsoft.playwright.impl.LoggingSupport.withLogging(LoggingSupport.java:47)
	at com.microsoft.playwright.impl.ChannelOwner.withLogging(ChannelOwner.java:87)
	at com.microsoft.playwright.impl.PageImpl.screenshot(PageImpl.java:1038)
	at genericFunctions.PlaywrightFactory.TakeScreenshot(PlaywrightFactory.java:144)
	at genericFunctions.BaseElement.clickUsingElementHandle(BaseElement.java:159)
	at genericFunctions.Link.clickUsingElementHandle(Link.java:24)
	at pages.StudentMainPage.closingTheTask(StudentMainPage.java:231)
	at Stepdefinitions.StudentSteps3.closing_the_task_from_contactmanager_by_staff(StudentSteps3.java:95)
	at java.base/jdk.internal.reflect.NativeMethodAccessorImpl.invoke0(Native Method)
	at java.base/jdk.internal.reflect.NativeMethodAccessorImpl.invoke(NativeMethodAccessorImpl.java:77)
	at java.base/jdk.internal.reflect.DelegatingMethodAccessorImpl.invoke(DelegatingMethodAccessorImpl.java:43)
	at java.base/java.lang.reflect.Method.invoke(Method.java:568)
	at io.cucumber.java.Invoker.doInvoke(Invoker.java:66)
	at io.cucumber.java.Invoker.invoke(Invoker.java:24)
	at io.cucumber.java.AbstractGlueDefinition.invokeMethod(AbstractGlueDefinition.java:47)
	at io.cucumber.java.JavaStepDefinition.execute(JavaStepDefinition.java:29)
	at io.cucumber.core.runner.CoreStepDefinition.execute(CoreStepDefinition.java:66)
	at io.cucumber.core.runner.PickleStepDefinitionMatch.runStep(PickleStepDefinitionMatch.java:63)
	at io.cucumber.core.runner.ExecutionMode$1.execute(ExecutionMode.java:10)
	at io.cucumber.core.runner.TestStep.executeStep(TestStep.java:92)
	at io.cucumber.core.runner.TestStep.run(TestStep.java:64)
	at io.cucumber.core.runner.PickleStepTestStep.run(PickleStepTestStep.java:51)
	at io.cucumber.core.runner.TestCase.run(TestCase.java:104)
	at io.cucumber.core.runner.Runner.runPickle(Runner.java:71)
	at io.cucumber.testng.TestNGCucumberRunner.lambda$runScenario$0(TestNGCucumberRunner.java:116)
	at io.cucumber.core.runtime.CucumberExecutionContext.runTestCase(CucumberExecutionContext.java:117)
	at io.cucumber.testng.TestNGCucumberRunner.runScenario(TestNGCucumberRunner.java:113)
	at io.cucumber.testng.AbstractTestNGCucumberTests.runScenario(AbstractTestNGCucumberTests.java:31)
	at java.base/jdk.internal.reflect.NativeMethodAccessorImpl.invoke0(Native Method)
	at java.base/jdk.internal.reflect.NativeMethodAccessorImpl.invoke(NativeMethodAccessorImpl.java:77)
	at java.base/jdk.internal.reflect.DelegatingMethodAccessorImpl.invoke(DelegatingMethodAccessorImpl.java:43)
	at java.base/java.lang.reflect.Method.invoke(Method.java:568)
	at org.testng.internal.MethodInvocationHelper.invokeMethod(MethodInvocationHelper.java:133)
	at org.testng.internal.TestInvoker.invokeMethod(TestInvoker.java:598)
	at org.testng.internal.TestInvoker.invokeTestMethod(TestInvoker.java:173)
	at org.testng.internal.MethodRunner.runInSequence(MethodRunner.java:46)
	at org.testng.internal.TestInvoker$MethodInvocationAgent.invoke(TestInvoker.java:824)
	at org.testng.internal.TestInvoker.invokeTestMethods(TestInvoker.java:146)
	at org.testng.internal.TestMethodWorker.invokeTestMethods(TestMethodWorker.java:146)
	at org.testng.internal.TestMethodWorker.run(TestMethodWorker.java:128)
	at java.base/java.util.concurrent.ThreadPoolExecutor.runWorker(ThreadPoolExecutor.java:1136)
	at java.base/java.util.concurrent.ThreadPoolExecutor$Worker.run(ThreadPoolExecutor.java:635)
	at java.base/java.lang.Thread.run(Thread.java:833)
Caused by: com.microsoft.playwright.impl.DriverException: Error {
  message=&#039;Target page, context or browser has been closed
  name=&#039;Error
  stack=&#039;Error: Target page, context or browser has been closed
    at DispatcherConnection.dispatch (C:\Users\SnehaV\AppData\Local\Temp\playwright-java-9757338667227740489\package\lib\server\dispatchers\dispatcher.js:226:49)
    at transport.onmessage (C:\Users\SnehaV\AppData\Local\Temp\playwright-java-9757338667227740489\package\lib\cli\driver.js:52:57)
    at Immediate._onImmediate (C:\Users\SnehaV\AppData\Local\Temp\playwright-java-9757338667227740489\package\lib\protocol\transport.js:77:34)
    at process.processImmediate (node:internal/timers:476:21)
}
	at com.microsoft.playwright.impl.Connection.dispatch(Connection.java:226)
	at com.microsoft.playwright.impl.Connection.processOneMessage(Connection.java:206)
	at com.microsoft.playwright.impl.ChannelOwner.runUntil(ChannelOwner.java:109)
	... 47 more
 expected [true] but found [false]" type="java.lang.AssertionError">
      <![CDATA[java.lang.AssertionError: com.microsoft.playwright.PlaywrightException: Error {
  message='Target page, context or browser has been closed
  name='Error
  stack='Error: Target page, context or browser has been closed
    at DispatcherConnection.dispatch (C:\Users\SnehaV\AppData\Local\Temp\playwright-java-9757338667227740489\package\lib\server\dispatchers\dispatcher.js:226:49)
    at transport.onmessage (C:\Users\SnehaV\AppData\Local\Temp\playwright-java-9757338667227740489\package\lib\cli\driver.js:52:57)
    at Immediate._onImmediate (C:\Users\SnehaV\AppData\Local\Temp\playwright-java-9757338667227740489\package\lib\protocol\transport.js:77:34)
    at process.processImmediate (node:internal/timers:476:21)
}
at com.microsoft.playwright.impl.WaitableResult.get(WaitableResult.java:54)
at com.microsoft.playwright.impl.ChannelOwner.runUntil(ChannelOwner.java:111)
at com.microsoft.playwright.impl.Connection.sendMessage(Connection.java:126)
at com.microsoft.playwright.impl.ChannelOwner.sendMessage(ChannelOwner.java:102)
at com.microsoft.playwright.impl.PageImpl.screenshotImpl(PageImpl.java:1094)
at com.microsoft.playwright.impl.PageImpl.lambda$screenshot$65(PageImpl.java:1038)
at com.microsoft.playwright.impl.LoggingSupport.withLogging(LoggingSupport.java:47)
at com.microsoft.playwright.impl.ChannelOwner.withLogging(ChannelOwner.java:87)
at com.microsoft.playwright.impl.PageImpl.screenshot(PageImpl.java:1038)
at genericFunctions.PlaywrightFactory.TakeScreenshot(PlaywrightFactory.java:144)
at genericFunctions.BaseElement.clickUsingElementHandle(BaseElement.java:159)
at genericFunctions.Link.clickUsingElementHandle(Link.java:24)
at pages.StudentMainPage.closingTheTask(StudentMainPage.java:231)
at Stepdefinitions.StudentSteps3.closing_the_task_from_contactmanager_by_staff(StudentSteps3.java:95)
at java.base/jdk.internal.reflect.NativeMethodAccessorImpl.invoke0(Native Method)
at java.base/jdk.internal.reflect.NativeMethodAccessorImpl.invoke(NativeMethodAccessorImpl.java:77)
at java.base/jdk.internal.reflect.DelegatingMethodAccessorImpl.invoke(DelegatingMethodAccessorImpl.java:43)
at java.base/java.lang.reflect.Method.invoke(Method.java:568)
at io.cucumber.java.Invoker.doInvoke(Invoker.java:66)
at io.cucumber.java.Invoker.invoke(Invoker.java:24)
at io.cucumber.java.AbstractGlueDefinition.invokeMethod(AbstractGlueDefinition.java:47)
at io.cucumber.java.JavaStepDefinition.execute(JavaStepDefinition.java:29)
at io.cucumber.core.runner.CoreStepDefinition.execute(CoreStepDefinition.java:66)
at io.cucumber.core.runner.PickleStepDefinitionMatch.runStep(PickleStepDefinitionMatch.java:63)
at io.cucumber.core.runner.ExecutionMode$1.execute(ExecutionMode.java:10)
at io.cucumber.core.runner.TestStep.executeStep(TestStep.java:92)
at io.cucumber.core.runner.TestStep.run(TestStep.java:64)
at io.cucumber.core.runner.PickleStepTestStep.run(PickleStepTestStep.java:51)
at io.cucumber.core.runner.TestCase.run(TestCase.java:104)
at io.cucumber.core.runner.Runner.runPickle(Runner.java:71)
at io.cucumber.testng.TestNGCucumberRunner.lambda$runScenario$0(TestNGCucumberRunner.java:116)
at io.cucumber.core.runtime.CucumberExecutionContext.runTestCase(CucumberExecutionContext.java:117)
at io.cucumber.testng.TestNGCucumberRunner.runScenario(TestNGCucumberRunner.java:113)
at io.cucumber.testng.AbstractTestNGCucumberTests.runScenario(AbstractTestNGCucumberTests.java:31)
at java.base/jdk.internal.reflect.NativeMethodAccessorImpl.invoke0(Native Method)
at java.base/jdk.internal.reflect.NativeMethodAccessorImpl.invoke(NativeMethodAccessorImpl.java:77)
at java.base/jdk.internal.reflect.DelegatingMethodAccessorImpl.invoke(DelegatingMethodAccessorImpl.java:43)
at java.base/java.lang.reflect.Method.invoke(Method.java:568)
at org.testng.internal.MethodInvocationHelper.invokeMethod(MethodInvocationHelper.java:133)
at org.testng.internal.TestInvoker.invokeMethod(TestInvoker.java:598)
at org.testng.internal.TestInvoker.invokeTestMethod(TestInvoker.java:173)
at org.testng.internal.MethodRunner.runInSequence(MethodRunner.java:46)
at org.testng.internal.TestInvoker$MethodInvocationAgent.invoke(TestInvoker.java:824)
at org.testng.internal.TestInvoker.invokeTestMethods(TestInvoker.java:146)
at org.testng.internal.TestMethodWorker.invokeTestMethods(TestMethodWorker.java:146)
at org.testng.internal.TestMethodWorker.run(TestMethodWorker.java:128)
at java.base/java.util.concurrent.ThreadPoolExecutor.runWorker(ThreadPoolExecutor.java:1136)
at java.base/java.util.concurrent.ThreadPoolExecutor$Worker.run(ThreadPoolExecutor.java:635)
at java.base/java.lang.Thread.run(Thread.java:833)
Caused by: com.microsoft.playwright.impl.DriverException: Error {
  message='Target page, context or browser has been closed
  name='Error
  stack='Error: Target page, context or browser has been closed
    at DispatcherConnection.dispatch (C:\Users\SnehaV\AppData\Local\Temp\playwright-java-9757338667227740489\package\lib\server\dispatchers\dispatcher.js:226:49)
    at transport.onmessage (C:\Users\SnehaV\AppData\Local\Temp\playwright-java-9757338667227740489\package\lib\cli\driver.js:52:57)
    at Immediate._onImmediate (C:\Users\SnehaV\AppData\Local\Temp\playwright-java-9757338667227740489\package\lib\protocol\transport.js:77:34)
    at process.processImmediate (node:internal/timers:476:21)
}
at com.microsoft.playwright.impl.Connection.dispatch(Connection.java:226)
at com.microsoft.playwright.impl.Connection.processOneMessage(Connection.java:206)
at com.microsoft.playwright.impl.ChannelOwner.runUntil(ChannelOwner.java:109)
... 47 more
 expected [true] but found [false]
at org.testng.Assert.fail(Assert.java:99)
at org.testng.Assert.failNotEquals(Assert.java:1037)
at org.testng.Assert.assertTrue(Assert.java:45)
at Stepdefinitions.StudentSteps3.closing_the_task_from_contactmanager_by_staff(StudentSteps3.java:100)
at ✽.closing the task from contactmanager by staff"1"(file:///C:/Users/SnehaV/Playrepo/PlayWrightBDD/src/test/resources/features/StudentTestCases3.feature:36)
]]>
    </failure>
  </testcase> <!-- runScenario -->
  <system-out/>
  <testcase classname="runner.StudentTestRunner3" name="runScenario" time="134.129">
    <failure message="com.microsoft.playwright.PlaywrightException: Error {
  message=&#039;Target page, context or browser has been closed
  name=&#039;Error
  stack=&#039;Error: Target page, context or browser has been closed
    at DispatcherConnection.dispatch (C:\Users\SnehaV\AppData\Local\Temp\playwright-java-9757338667227740489\package\lib\server\dispatchers\dispatcher.js:226:49)
    at transport.onmessage (C:\Users\SnehaV\AppData\Local\Temp\playwright-java-9757338667227740489\package\lib\cli\driver.js:52:57)
    at Immediate._onImmediate (C:\Users\SnehaV\AppData\Local\Temp\playwright-java-9757338667227740489\package\lib\protocol\transport.js:77:34)
    at process.processImmediate (node:internal/timers:476:21)
}
	at com.microsoft.playwright.impl.WaitableResult.get(WaitableResult.java:54)
	at com.microsoft.playwright.impl.ChannelOwner.runUntil(ChannelOwner.java:111)
	at com.microsoft.playwright.impl.Connection.sendMessage(Connection.java:126)
	at com.microsoft.playwright.impl.ChannelOwner.sendMessage(ChannelOwner.java:102)
	at com.microsoft.playwright.impl.PageImpl.screenshotImpl(PageImpl.java:1094)
	at com.microsoft.playwright.impl.PageImpl.lambda$screenshot$65(PageImpl.java:1038)
	at com.microsoft.playwright.impl.LoggingSupport.withLogging(LoggingSupport.java:47)
	at com.microsoft.playwright.impl.ChannelOwner.withLogging(ChannelOwner.java:87)
	at com.microsoft.playwright.impl.PageImpl.screenshot(PageImpl.java:1038)
	at genericFunctions.PlaywrightFactory.TakeScreenshot(PlaywrightFactory.java:144)
	at genericFunctions.BaseElement.click(BaseElement.java:71)
	at genericFunctions.Link.click(Link.java:14)
	at pages.StudentMainPage.SearchStudent(StudentMainPage.java:98)
	at Stepdefinitions.CommonSteps.user_search_for_student_under_student_tile(CommonSteps.java:93)
	at java.base/jdk.internal.reflect.NativeMethodAccessorImpl.invoke0(Native Method)
	at java.base/jdk.internal.reflect.NativeMethodAccessorImpl.invoke(NativeMethodAccessorImpl.java:77)
	at java.base/jdk.internal.reflect.DelegatingMethodAccessorImpl.invoke(DelegatingMethodAccessorImpl.java:43)
	at java.base/java.lang.reflect.Method.invoke(Method.java:568)
	at io.cucumber.java.Invoker.doInvoke(Invoker.java:66)
	at io.cucumber.java.Invoker.invoke(Invoker.java:24)
	at io.cucumber.java.AbstractGlueDefinition.invokeMethod(AbstractGlueDefinition.java:47)
	at io.cucumber.java.JavaStepDefinition.execute(JavaStepDefinition.java:29)
	at io.cucumber.core.runner.CoreStepDefinition.execute(CoreStepDefinition.java:66)
	at io.cucumber.core.runner.PickleStepDefinitionMatch.runStep(PickleStepDefinitionMatch.java:63)
	at io.cucumber.core.runner.ExecutionMode$1.execute(ExecutionMode.java:10)
	at io.cucumber.core.runner.TestStep.executeStep(TestStep.java:92)
	at io.cucumber.core.runner.TestStep.run(TestStep.java:64)
	at io.cucumber.core.runner.PickleStepTestStep.run(PickleStepTestStep.java:51)
	at io.cucumber.core.runner.TestCase.run(TestCase.java:104)
	at io.cucumber.core.runner.Runner.runPickle(Runner.java:71)
	at io.cucumber.testng.TestNGCucumberRunner.lambda$runScenario$0(TestNGCucumberRunner.java:116)
	at io.cucumber.core.runtime.CucumberExecutionContext.runTestCase(CucumberExecutionContext.java:117)
	at io.cucumber.testng.TestNGCucumberRunner.runScenario(TestNGCucumberRunner.java:113)
	at io.cucumber.testng.AbstractTestNGCucumberTests.runScenario(AbstractTestNGCucumberTests.java:31)
	at jdk.internal.reflect.GeneratedMethodAccessor7.invoke(Unknown Source)
	at java.base/jdk.internal.reflect.DelegatingMethodAccessorImpl.invoke(DelegatingMethodAccessorImpl.java:43)
	at java.base/java.lang.reflect.Method.invoke(Method.java:568)
	at org.testng.internal.MethodInvocationHelper.invokeMethod(MethodInvocationHelper.java:133)
	at org.testng.internal.TestInvoker.invokeMethod(TestInvoker.java:598)
	at org.testng.internal.TestInvoker.invokeTestMethod(TestInvoker.java:173)
	at org.testng.internal.MethodRunner.runInSequence(MethodRunner.java:46)
	at org.testng.internal.TestInvoker$MethodInvocationAgent.invoke(TestInvoker.java:824)
	at org.testng.internal.TestInvoker.invokeTestMethods(TestInvoker.java:146)
	at org.testng.internal.TestMethodWorker.invokeTestMethods(TestMethodWorker.java:146)
	at org.testng.internal.TestMethodWorker.run(TestMethodWorker.java:128)
	at java.base/java.util.concurrent.ThreadPoolExecutor.runWorker(ThreadPoolExecutor.java:1136)
	at java.base/java.util.concurrent.ThreadPoolExecutor$Worker.run(ThreadPoolExecutor.java:635)
	at java.base/java.lang.Thread.run(Thread.java:833)
Caused by: com.microsoft.playwright.impl.DriverException: Error {
  message=&#039;Target page, context or browser has been closed
  name=&#039;Error
  stack=&#039;Error: Target page, context or browser has been closed
    at DispatcherConnection.dispatch (C:\Users\SnehaV\AppData\Local\Temp\playwright-java-9757338667227740489\package\lib\server\dispatchers\dispatcher.js:226:49)
    at transport.onmessage (C:\Users\SnehaV\AppData\Local\Temp\playwright-java-9757338667227740489\package\lib\cli\driver.js:52:57)
    at Immediate._onImmediate (C:\Users\SnehaV\AppData\Local\Temp\playwright-java-9757338667227740489\package\lib\protocol\transport.js:77:34)
    at process.processImmediate (node:internal/timers:476:21)
}
	at com.microsoft.playwright.impl.Connection.dispatch(Connection.java:226)
	at com.microsoft.playwright.impl.Connection.processOneMessage(Connection.java:206)
	at com.microsoft.playwright.impl.ChannelOwner.runUntil(ChannelOwner.java:109)
	... 46 more
 expected [true] but found [false]" type="java.lang.AssertionError">
      <![CDATA[java.lang.AssertionError: com.microsoft.playwright.PlaywrightException: Error {
  message='Target page, context or browser has been closed
  name='Error
  stack='Error: Target page, context or browser has been closed
    at DispatcherConnection.dispatch (C:\Users\SnehaV\AppData\Local\Temp\playwright-java-9757338667227740489\package\lib\server\dispatchers\dispatcher.js:226:49)
    at transport.onmessage (C:\Users\SnehaV\AppData\Local\Temp\playwright-java-9757338667227740489\package\lib\cli\driver.js:52:57)
    at Immediate._onImmediate (C:\Users\SnehaV\AppData\Local\Temp\playwright-java-9757338667227740489\package\lib\protocol\transport.js:77:34)
    at process.processImmediate (node:internal/timers:476:21)
}
at com.microsoft.playwright.impl.WaitableResult.get(WaitableResult.java:54)
at com.microsoft.playwright.impl.ChannelOwner.runUntil(ChannelOwner.java:111)
at com.microsoft.playwright.impl.Connection.sendMessage(Connection.java:126)
at com.microsoft.playwright.impl.ChannelOwner.sendMessage(ChannelOwner.java:102)
at com.microsoft.playwright.impl.PageImpl.screenshotImpl(PageImpl.java:1094)
at com.microsoft.playwright.impl.PageImpl.lambda$screenshot$65(PageImpl.java:1038)
at com.microsoft.playwright.impl.LoggingSupport.withLogging(LoggingSupport.java:47)
at com.microsoft.playwright.impl.ChannelOwner.withLogging(ChannelOwner.java:87)
at com.microsoft.playwright.impl.PageImpl.screenshot(PageImpl.java:1038)
at genericFunctions.PlaywrightFactory.TakeScreenshot(PlaywrightFactory.java:144)
at genericFunctions.BaseElement.click(BaseElement.java:71)
at genericFunctions.Link.click(Link.java:14)
at pages.StudentMainPage.SearchStudent(StudentMainPage.java:98)
at Stepdefinitions.CommonSteps.user_search_for_student_under_student_tile(CommonSteps.java:93)
at java.base/jdk.internal.reflect.NativeMethodAccessorImpl.invoke0(Native Method)
at java.base/jdk.internal.reflect.NativeMethodAccessorImpl.invoke(NativeMethodAccessorImpl.java:77)
at java.base/jdk.internal.reflect.DelegatingMethodAccessorImpl.invoke(DelegatingMethodAccessorImpl.java:43)
at java.base/java.lang.reflect.Method.invoke(Method.java:568)
at io.cucumber.java.Invoker.doInvoke(Invoker.java:66)
at io.cucumber.java.Invoker.invoke(Invoker.java:24)
at io.cucumber.java.AbstractGlueDefinition.invokeMethod(AbstractGlueDefinition.java:47)
at io.cucumber.java.JavaStepDefinition.execute(JavaStepDefinition.java:29)
at io.cucumber.core.runner.CoreStepDefinition.execute(CoreStepDefinition.java:66)
at io.cucumber.core.runner.PickleStepDefinitionMatch.runStep(PickleStepDefinitionMatch.java:63)
at io.cucumber.core.runner.ExecutionMode$1.execute(ExecutionMode.java:10)
at io.cucumber.core.runner.TestStep.executeStep(TestStep.java:92)
at io.cucumber.core.runner.TestStep.run(TestStep.java:64)
at io.cucumber.core.runner.PickleStepTestStep.run(PickleStepTestStep.java:51)
at io.cucumber.core.runner.TestCase.run(TestCase.java:104)
at io.cucumber.core.runner.Runner.runPickle(Runner.java:71)
at io.cucumber.testng.TestNGCucumberRunner.lambda$runScenario$0(TestNGCucumberRunner.java:116)
at io.cucumber.core.runtime.CucumberExecutionContext.runTestCase(CucumberExecutionContext.java:117)
at io.cucumber.testng.TestNGCucumberRunner.runScenario(TestNGCucumberRunner.java:113)
at io.cucumber.testng.AbstractTestNGCucumberTests.runScenario(AbstractTestNGCucumberTests.java:31)
at jdk.internal.reflect.GeneratedMethodAccessor7.invoke(Unknown Source)
at java.base/jdk.internal.reflect.DelegatingMethodAccessorImpl.invoke(DelegatingMethodAccessorImpl.java:43)
at java.base/java.lang.reflect.Method.invoke(Method.java:568)
at org.testng.internal.MethodInvocationHelper.invokeMethod(MethodInvocationHelper.java:133)
at org.testng.internal.TestInvoker.invokeMethod(TestInvoker.java:598)
at org.testng.internal.TestInvoker.invokeTestMethod(TestInvoker.java:173)
at org.testng.internal.MethodRunner.runInSequence(MethodRunner.java:46)
at org.testng.internal.TestInvoker$MethodInvocationAgent.invoke(TestInvoker.java:824)
at org.testng.internal.TestInvoker.invokeTestMethods(TestInvoker.java:146)
at org.testng.internal.TestMethodWorker.invokeTestMethods(TestMethodWorker.java:146)
at org.testng.internal.TestMethodWorker.run(TestMethodWorker.java:128)
at java.base/java.util.concurrent.ThreadPoolExecutor.runWorker(ThreadPoolExecutor.java:1136)
at java.base/java.util.concurrent.ThreadPoolExecutor$Worker.run(ThreadPoolExecutor.java:635)
at java.base/java.lang.Thread.run(Thread.java:833)
Caused by: com.microsoft.playwright.impl.DriverException: Error {
  message='Target page, context or browser has been closed
  name='Error
  stack='Error: Target page, context or browser has been closed
    at DispatcherConnection.dispatch (C:\Users\SnehaV\AppData\Local\Temp\playwright-java-9757338667227740489\package\lib\server\dispatchers\dispatcher.js:226:49)
    at transport.onmessage (C:\Users\SnehaV\AppData\Local\Temp\playwright-java-9757338667227740489\package\lib\cli\driver.js:52:57)
    at Immediate._onImmediate (C:\Users\SnehaV\AppData\Local\Temp\playwright-java-9757338667227740489\package\lib\protocol\transport.js:77:34)
    at process.processImmediate (node:internal/timers:476:21)
}
at com.microsoft.playwright.impl.Connection.dispatch(Connection.java:226)
at com.microsoft.playwright.impl.Connection.processOneMessage(Connection.java:206)
at com.microsoft.playwright.impl.ChannelOwner.runUntil(ChannelOwner.java:109)
... 46 more
 expected [true] but found [false]
at org.testng.Assert.fail(Assert.java:99)
at org.testng.Assert.failNotEquals(Assert.java:1037)
at org.testng.Assert.assertTrue(Assert.java:45)
at Stepdefinitions.CommonSteps.user_search_for_student_under_student_tile(CommonSteps.java:97)
at ✽.User Search for student under student tile"1"(file:///C:/Users/SnehaV/Playrepo/PlayWrightBDD/src/test/resources/features/StudentTestCases3.feature:116)
]]>
    </failure>
  </testcase> <!-- runScenario -->
  <system-out/>
  <testcase classname="runner.StudentTestRunner3" name="runScenario" time="152.384">
    <failure message="com.microsoft.playwright.PlaywrightException: Error {
  message=&#039;Target page, context or browser has been closed
  name=&#039;Error
  stack=&#039;Error: Target page, context or browser has been closed
    at DispatcherConnection.dispatch (C:\Users\SnehaV\AppData\Local\Temp\playwright-java-9757338667227740489\package\lib\server\dispatchers\dispatcher.js:226:49)
    at transport.onmessage (C:\Users\SnehaV\AppData\Local\Temp\playwright-java-9757338667227740489\package\lib\cli\driver.js:52:57)
    at Immediate._onImmediate (C:\Users\SnehaV\AppData\Local\Temp\playwright-java-9757338667227740489\package\lib\protocol\transport.js:77:34)
    at process.processImmediate (node:internal/timers:476:21)
}
	at com.microsoft.playwright.impl.WaitableResult.get(WaitableResult.java:54)
	at com.microsoft.playwright.impl.ChannelOwner.runUntil(ChannelOwner.java:111)
	at com.microsoft.playwright.impl.Connection.sendMessage(Connection.java:126)
	at com.microsoft.playwright.impl.ChannelOwner.sendMessage(ChannelOwner.java:102)
	at com.microsoft.playwright.impl.PageImpl.screenshotImpl(PageImpl.java:1094)
	at com.microsoft.playwright.impl.PageImpl.lambda$screenshot$65(PageImpl.java:1038)
	at com.microsoft.playwright.impl.LoggingSupport.withLogging(LoggingSupport.java:47)
	at com.microsoft.playwright.impl.ChannelOwner.withLogging(ChannelOwner.java:87)
	at com.microsoft.playwright.impl.PageImpl.screenshot(PageImpl.java:1038)
	at genericFunctions.PlaywrightFactory.TakeScreenshot(PlaywrightFactory.java:144)
	at genericFunctions.BaseElement.click(BaseElement.java:71)
	at genericFunctions.Link.click(Link.java:14)
	at pages.StudentSubsidiaryPage.subsidaryLedgerPrint(StudentSubsidiaryPage.java:318)
	at Stepdefinitions.StudentSteps3.subsidary_ledger_print(StudentSteps3.java:255)
	at java.base/jdk.internal.reflect.NativeMethodAccessorImpl.invoke0(Native Method)
	at java.base/jdk.internal.reflect.NativeMethodAccessorImpl.invoke(NativeMethodAccessorImpl.java:77)
	at java.base/jdk.internal.reflect.DelegatingMethodAccessorImpl.invoke(DelegatingMethodAccessorImpl.java:43)
	at java.base/java.lang.reflect.Method.invoke(Method.java:568)
	at io.cucumber.java.Invoker.doInvoke(Invoker.java:66)
	at io.cucumber.java.Invoker.invoke(Invoker.java:24)
	at io.cucumber.java.AbstractGlueDefinition.invokeMethod(AbstractGlueDefinition.java:47)
	at io.cucumber.java.JavaStepDefinition.execute(JavaStepDefinition.java:29)
	at io.cucumber.core.runner.CoreStepDefinition.execute(CoreStepDefinition.java:66)
	at io.cucumber.core.runner.PickleStepDefinitionMatch.runStep(PickleStepDefinitionMatch.java:63)
	at io.cucumber.core.runner.ExecutionMode$1.execute(ExecutionMode.java:10)
	at io.cucumber.core.runner.TestStep.executeStep(TestStep.java:92)
	at io.cucumber.core.runner.TestStep.run(TestStep.java:64)
	at io.cucumber.core.runner.PickleStepTestStep.run(PickleStepTestStep.java:51)
	at io.cucumber.core.runner.TestCase.run(TestCase.java:104)
	at io.cucumber.core.runner.Runner.runPickle(Runner.java:71)
	at io.cucumber.testng.TestNGCucumberRunner.lambda$runScenario$0(TestNGCucumberRunner.java:116)
	at io.cucumber.core.runtime.CucumberExecutionContext.runTestCase(CucumberExecutionContext.java:117)
	at io.cucumber.testng.TestNGCucumberRunner.runScenario(TestNGCucumberRunner.java:113)
	at io.cucumber.testng.AbstractTestNGCucumberTests.runScenario(AbstractTestNGCucumberTests.java:31)
	at jdk.internal.reflect.GeneratedMethodAccessor7.invoke(Unknown Source)
	at java.base/jdk.internal.reflect.DelegatingMethodAccessorImpl.invoke(DelegatingMethodAccessorImpl.java:43)
	at java.base/java.lang.reflect.Method.invoke(Method.java:568)
	at org.testng.internal.MethodInvocationHelper.invokeMethod(MethodInvocationHelper.java:133)
	at org.testng.internal.TestInvoker.invokeMethod(TestInvoker.java:598)
	at org.testng.internal.TestInvoker.invokeTestMethod(TestInvoker.java:173)
	at org.testng.internal.MethodRunner.runInSequence(MethodRunner.java:46)
	at org.testng.internal.TestInvoker$MethodInvocationAgent.invoke(TestInvoker.java:824)
	at org.testng.internal.TestInvoker.invokeTestMethods(TestInvoker.java:146)
	at org.testng.internal.TestMethodWorker.invokeTestMethods(TestMethodWorker.java:146)
	at org.testng.internal.TestMethodWorker.run(TestMethodWorker.java:128)
	at java.base/java.util.concurrent.ThreadPoolExecutor.runWorker(ThreadPoolExecutor.java:1136)
	at java.base/java.util.concurrent.ThreadPoolExecutor$Worker.run(ThreadPoolExecutor.java:635)
	at java.base/java.lang.Thread.run(Thread.java:833)
Caused by: com.microsoft.playwright.impl.DriverException: Error {
  message=&#039;Target page, context or browser has been closed
  name=&#039;Error
  stack=&#039;Error: Target page, context or browser has been closed
    at DispatcherConnection.dispatch (C:\Users\SnehaV\AppData\Local\Temp\playwright-java-9757338667227740489\package\lib\server\dispatchers\dispatcher.js:226:49)
    at transport.onmessage (C:\Users\SnehaV\AppData\Local\Temp\playwright-java-9757338667227740489\package\lib\cli\driver.js:52:57)
    at Immediate._onImmediate (C:\Users\SnehaV\AppData\Local\Temp\playwright-java-9757338667227740489\package\lib\protocol\transport.js:77:34)
    at process.processImmediate (node:internal/timers:476:21)
}
	at com.microsoft.playwright.impl.Connection.dispatch(Connection.java:226)
	at com.microsoft.playwright.impl.Connection.processOneMessage(Connection.java:206)
	at com.microsoft.playwright.impl.ChannelOwner.runUntil(ChannelOwner.java:109)
	... 46 more
 expected [true] but found [false]" type="java.lang.AssertionError">
      <![CDATA[java.lang.AssertionError: com.microsoft.playwright.PlaywrightException: Error {
  message='Target page, context or browser has been closed
  name='Error
  stack='Error: Target page, context or browser has been closed
    at DispatcherConnection.dispatch (C:\Users\SnehaV\AppData\Local\Temp\playwright-java-9757338667227740489\package\lib\server\dispatchers\dispatcher.js:226:49)
    at transport.onmessage (C:\Users\SnehaV\AppData\Local\Temp\playwright-java-9757338667227740489\package\lib\cli\driver.js:52:57)
    at Immediate._onImmediate (C:\Users\SnehaV\AppData\Local\Temp\playwright-java-9757338667227740489\package\lib\protocol\transport.js:77:34)
    at process.processImmediate (node:internal/timers:476:21)
}
at com.microsoft.playwright.impl.WaitableResult.get(WaitableResult.java:54)
at com.microsoft.playwright.impl.ChannelOwner.runUntil(ChannelOwner.java:111)
at com.microsoft.playwright.impl.Connection.sendMessage(Connection.java:126)
at com.microsoft.playwright.impl.ChannelOwner.sendMessage(ChannelOwner.java:102)
at com.microsoft.playwright.impl.PageImpl.screenshotImpl(PageImpl.java:1094)
at com.microsoft.playwright.impl.PageImpl.lambda$screenshot$65(PageImpl.java:1038)
at com.microsoft.playwright.impl.LoggingSupport.withLogging(LoggingSupport.java:47)
at com.microsoft.playwright.impl.ChannelOwner.withLogging(ChannelOwner.java:87)
at com.microsoft.playwright.impl.PageImpl.screenshot(PageImpl.java:1038)
at genericFunctions.PlaywrightFactory.TakeScreenshot(PlaywrightFactory.java:144)
at genericFunctions.BaseElement.click(BaseElement.java:71)
at genericFunctions.Link.click(Link.java:14)
at pages.StudentSubsidiaryPage.subsidaryLedgerPrint(StudentSubsidiaryPage.java:318)
at Stepdefinitions.StudentSteps3.subsidary_ledger_print(StudentSteps3.java:255)
at java.base/jdk.internal.reflect.NativeMethodAccessorImpl.invoke0(Native Method)
at java.base/jdk.internal.reflect.NativeMethodAccessorImpl.invoke(NativeMethodAccessorImpl.java:77)
at java.base/jdk.internal.reflect.DelegatingMethodAccessorImpl.invoke(DelegatingMethodAccessorImpl.java:43)
at java.base/java.lang.reflect.Method.invoke(Method.java:568)
at io.cucumber.java.Invoker.doInvoke(Invoker.java:66)
at io.cucumber.java.Invoker.invoke(Invoker.java:24)
at io.cucumber.java.AbstractGlueDefinition.invokeMethod(AbstractGlueDefinition.java:47)
at io.cucumber.java.JavaStepDefinition.execute(JavaStepDefinition.java:29)
at io.cucumber.core.runner.CoreStepDefinition.execute(CoreStepDefinition.java:66)
at io.cucumber.core.runner.PickleStepDefinitionMatch.runStep(PickleStepDefinitionMatch.java:63)
at io.cucumber.core.runner.ExecutionMode$1.execute(ExecutionMode.java:10)
at io.cucumber.core.runner.TestStep.executeStep(TestStep.java:92)
at io.cucumber.core.runner.TestStep.run(TestStep.java:64)
at io.cucumber.core.runner.PickleStepTestStep.run(PickleStepTestStep.java:51)
at io.cucumber.core.runner.TestCase.run(TestCase.java:104)
at io.cucumber.core.runner.Runner.runPickle(Runner.java:71)
at io.cucumber.testng.TestNGCucumberRunner.lambda$runScenario$0(TestNGCucumberRunner.java:116)
at io.cucumber.core.runtime.CucumberExecutionContext.runTestCase(CucumberExecutionContext.java:117)
at io.cucumber.testng.TestNGCucumberRunner.runScenario(TestNGCucumberRunner.java:113)
at io.cucumber.testng.AbstractTestNGCucumberTests.runScenario(AbstractTestNGCucumberTests.java:31)
at jdk.internal.reflect.GeneratedMethodAccessor7.invoke(Unknown Source)
at java.base/jdk.internal.reflect.DelegatingMethodAccessorImpl.invoke(DelegatingMethodAccessorImpl.java:43)
at java.base/java.lang.reflect.Method.invoke(Method.java:568)
at org.testng.internal.MethodInvocationHelper.invokeMethod(MethodInvocationHelper.java:133)
at org.testng.internal.TestInvoker.invokeMethod(TestInvoker.java:598)
at org.testng.internal.TestInvoker.invokeTestMethod(TestInvoker.java:173)
at org.testng.internal.MethodRunner.runInSequence(MethodRunner.java:46)
at org.testng.internal.TestInvoker$MethodInvocationAgent.invoke(TestInvoker.java:824)
at org.testng.internal.TestInvoker.invokeTestMethods(TestInvoker.java:146)
at org.testng.internal.TestMethodWorker.invokeTestMethods(TestMethodWorker.java:146)
at org.testng.internal.TestMethodWorker.run(TestMethodWorker.java:128)
at java.base/java.util.concurrent.ThreadPoolExecutor.runWorker(ThreadPoolExecutor.java:1136)
at java.base/java.util.concurrent.ThreadPoolExecutor$Worker.run(ThreadPoolExecutor.java:635)
at java.base/java.lang.Thread.run(Thread.java:833)
Caused by: com.microsoft.playwright.impl.DriverException: Error {
  message='Target page, context or browser has been closed
  name='Error
  stack='Error: Target page, context or browser has been closed
    at DispatcherConnection.dispatch (C:\Users\SnehaV\AppData\Local\Temp\playwright-java-9757338667227740489\package\lib\server\dispatchers\dispatcher.js:226:49)
    at transport.onmessage (C:\Users\SnehaV\AppData\Local\Temp\playwright-java-9757338667227740489\package\lib\cli\driver.js:52:57)
    at Immediate._onImmediate (C:\Users\SnehaV\AppData\Local\Temp\playwright-java-9757338667227740489\package\lib\protocol\transport.js:77:34)
    at process.processImmediate (node:internal/timers:476:21)
}
at com.microsoft.playwright.impl.Connection.dispatch(Connection.java:226)
at com.microsoft.playwright.impl.Connection.processOneMessage(Connection.java:206)
at com.microsoft.playwright.impl.ChannelOwner.runUntil(ChannelOwner.java:109)
... 46 more
 expected [true] but found [false]
at org.testng.Assert.fail(Assert.java:99)
at org.testng.Assert.failNotEquals(Assert.java:1037)
at org.testng.Assert.assertTrue(Assert.java:45)
at Stepdefinitions.StudentSteps3.subsidary_ledger_print(StudentSteps3.java:260)
at ✽.subsidary ledger print"1"(file:///C:/Users/SnehaV/Playrepo/PlayWrightBDD/src/test/resources/features/StudentTestCases3.feature:145)
]]>
    </failure>
  </testcase> <!-- runScenario -->
  <system-out/>
  <testcase classname="runner.StudentTestRunner3" name="runScenario" time="106.038">
    <failure message="expected:&lt;2021-22&gt; but was:&lt;2020-21&gt;" type="java.lang.AssertionError">
      <![CDATA[java.lang.AssertionError: expected:<2021-22> but was:<2020-21>
at org.testng.AssertJUnit.assertEquals(AssertJUnit.java:115)
at org.testng.AssertJUnit.assertEquals(AssertJUnit.java:125)
at pages.StudentMainPage.verifyawardyear(StudentMainPage.java:447)
at Stepdefinitions.StudentSteps3.verify_academic_year_information_in_awards_tab(StudentSteps3.java:287)
at ✽.verify academic year information in awards tab"1"(file:///C:/Users/SnehaV/Playrepo/PlayWrightBDD/src/test/resources/features/StudentTestCases3.feature:171)
]]>
    </failure>
  </testcase> <!-- runScenario -->
  <system-out/>
  <testcase classname="runner.StudentTestRunner3" name="runScenario" time="155.394">
    <failure message="com.microsoft.playwright.PlaywrightException: Error {
  message=&#039;Target page, context or browser has been closed
  name=&#039;Error
  stack=&#039;Error: Target page, context or browser has been closed
    at DispatcherConnection.dispatch (C:\Users\SnehaV\AppData\Local\Temp\playwright-java-9757338667227740489\package\lib\server\dispatchers\dispatcher.js:226:49)
    at transport.onmessage (C:\Users\SnehaV\AppData\Local\Temp\playwright-java-9757338667227740489\package\lib\cli\driver.js:52:57)
    at Immediate._onImmediate (C:\Users\SnehaV\AppData\Local\Temp\playwright-java-9757338667227740489\package\lib\protocol\transport.js:77:34)
    at process.processImmediate (node:internal/timers:476:21)
}
	at com.microsoft.playwright.impl.WaitableResult.get(WaitableResult.java:54)
	at com.microsoft.playwright.impl.ChannelOwner.runUntil(ChannelOwner.java:111)
	at com.microsoft.playwright.impl.Connection.sendMessage(Connection.java:126)
	at com.microsoft.playwright.impl.ChannelOwner.sendMessage(ChannelOwner.java:102)
	at com.microsoft.playwright.impl.PageImpl.screenshotImpl(PageImpl.java:1094)
	at com.microsoft.playwright.impl.PageImpl.lambda$screenshot$65(PageImpl.java:1038)
	at com.microsoft.playwright.impl.LoggingSupport.withLogging(LoggingSupport.java:47)
	at com.microsoft.playwright.impl.ChannelOwner.withLogging(ChannelOwner.java:87)
	at com.microsoft.playwright.impl.PageImpl.screenshot(PageImpl.java:1038)
	at genericFunctions.PlaywrightFactory.TakeScreenshot(PlaywrightFactory.java:144)
	at genericFunctions.BaseElement.hover(BaseElement.java:145)
	at genericFunctions.Dropdown.hover(Dropdown.java:33)
	at pages.StudentSubsidiaryPage.AdjustSubTransaction(StudentSubsidiaryPage.java:193)
	at Stepdefinitions.StudentSteps3.subsidiary_ledger_adjust_transcation(StudentSteps3.java:191)
	at java.base/jdk.internal.reflect.NativeMethodAccessorImpl.invoke0(Native Method)
	at java.base/jdk.internal.reflect.NativeMethodAccessorImpl.invoke(NativeMethodAccessorImpl.java:77)
	at java.base/jdk.internal.reflect.DelegatingMethodAccessorImpl.invoke(DelegatingMethodAccessorImpl.java:43)
	at java.base/java.lang.reflect.Method.invoke(Method.java:568)
	at io.cucumber.java.Invoker.doInvoke(Invoker.java:66)
	at io.cucumber.java.Invoker.invoke(Invoker.java:24)
	at io.cucumber.java.AbstractGlueDefinition.invokeMethod(AbstractGlueDefinition.java:47)
	at io.cucumber.java.JavaStepDefinition.execute(JavaStepDefinition.java:29)
	at io.cucumber.core.runner.CoreStepDefinition.execute(CoreStepDefinition.java:66)
	at io.cucumber.core.runner.PickleStepDefinitionMatch.runStep(PickleStepDefinitionMatch.java:63)
	at io.cucumber.core.runner.ExecutionMode$1.execute(ExecutionMode.java:10)
	at io.cucumber.core.runner.TestStep.executeStep(TestStep.java:92)
	at io.cucumber.core.runner.TestStep.run(TestStep.java:64)
	at io.cucumber.core.runner.PickleStepTestStep.run(PickleStepTestStep.java:51)
	at io.cucumber.core.runner.TestCase.run(TestCase.java:104)
	at io.cucumber.core.runner.Runner.runPickle(Runner.java:71)
	at io.cucumber.testng.TestNGCucumberRunner.lambda$runScenario$0(TestNGCucumberRunner.java:116)
	at io.cucumber.core.runtime.CucumberExecutionContext.runTestCase(CucumberExecutionContext.java:117)
	at io.cucumber.testng.TestNGCucumberRunner.runScenario(TestNGCucumberRunner.java:113)
	at io.cucumber.testng.AbstractTestNGCucumberTests.runScenario(AbstractTestNGCucumberTests.java:31)
	at java.base/jdk.internal.reflect.NativeMethodAccessorImpl.invoke0(Native Method)
	at java.base/jdk.internal.reflect.NativeMethodAccessorImpl.invoke(NativeMethodAccessorImpl.java:77)
	at java.base/jdk.internal.reflect.DelegatingMethodAccessorImpl.invoke(DelegatingMethodAccessorImpl.java:43)
	at java.base/java.lang.reflect.Method.invoke(Method.java:568)
	at org.testng.internal.MethodInvocationHelper.invokeMethod(MethodInvocationHelper.java:133)
	at org.testng.internal.TestInvoker.invokeMethod(TestInvoker.java:598)
	at org.testng.internal.TestInvoker.invokeTestMethod(TestInvoker.java:173)
	at org.testng.internal.MethodRunner.runInSequence(MethodRunner.java:46)
	at org.testng.internal.TestInvoker$MethodInvocationAgent.invoke(TestInvoker.java:824)
	at org.testng.internal.TestInvoker.invokeTestMethods(TestInvoker.java:146)
	at org.testng.internal.TestMethodWorker.invokeTestMethods(TestMethodWorker.java:146)
	at org.testng.internal.TestMethodWorker.run(TestMethodWorker.java:128)
	at java.base/java.util.concurrent.ThreadPoolExecutor.runWorker(ThreadPoolExecutor.java:1136)
	at java.base/java.util.concurrent.ThreadPoolExecutor$Worker.run(ThreadPoolExecutor.java:635)
	at java.base/java.lang.Thread.run(Thread.java:833)
Caused by: com.microsoft.playwright.impl.DriverException: Error {
  message=&#039;Target page, context or browser has been closed
  name=&#039;Error
  stack=&#039;Error: Target page, context or browser has been closed
    at DispatcherConnection.dispatch (C:\Users\SnehaV\AppData\Local\Temp\playwright-java-9757338667227740489\package\lib\server\dispatchers\dispatcher.js:226:49)
    at transport.onmessage (C:\Users\SnehaV\AppData\Local\Temp\playwright-java-9757338667227740489\package\lib\cli\driver.js:52:57)
    at Immediate._onImmediate (C:\Users\SnehaV\AppData\Local\Temp\playwright-java-9757338667227740489\package\lib\protocol\transport.js:77:34)
    at process.processImmediate (node:internal/timers:476:21)
}
	at com.microsoft.playwright.impl.Connection.dispatch(Connection.java:226)
	at com.microsoft.playwright.impl.Connection.processOneMessage(Connection.java:206)
	at com.microsoft.playwright.impl.ChannelOwner.runUntil(ChannelOwner.java:109)
	... 47 more
 expected [true] but found [false]" type="java.lang.AssertionError">
      <![CDATA[java.lang.AssertionError: com.microsoft.playwright.PlaywrightException: Error {
  message='Target page, context or browser has been closed
  name='Error
  stack='Error: Target page, context or browser has been closed
    at DispatcherConnection.dispatch (C:\Users\SnehaV\AppData\Local\Temp\playwright-java-9757338667227740489\package\lib\server\dispatchers\dispatcher.js:226:49)
    at transport.onmessage (C:\Users\SnehaV\AppData\Local\Temp\playwright-java-9757338667227740489\package\lib\cli\driver.js:52:57)
    at Immediate._onImmediate (C:\Users\SnehaV\AppData\Local\Temp\playwright-java-9757338667227740489\package\lib\protocol\transport.js:77:34)
    at process.processImmediate (node:internal/timers:476:21)
}
at com.microsoft.playwright.impl.WaitableResult.get(WaitableResult.java:54)
at com.microsoft.playwright.impl.ChannelOwner.runUntil(ChannelOwner.java:111)
at com.microsoft.playwright.impl.Connection.sendMessage(Connection.java:126)
at com.microsoft.playwright.impl.ChannelOwner.sendMessage(ChannelOwner.java:102)
at com.microsoft.playwright.impl.PageImpl.screenshotImpl(PageImpl.java:1094)
at com.microsoft.playwright.impl.PageImpl.lambda$screenshot$65(PageImpl.java:1038)
at com.microsoft.playwright.impl.LoggingSupport.withLogging(LoggingSupport.java:47)
at com.microsoft.playwright.impl.ChannelOwner.withLogging(ChannelOwner.java:87)
at com.microsoft.playwright.impl.PageImpl.screenshot(PageImpl.java:1038)
at genericFunctions.PlaywrightFactory.TakeScreenshot(PlaywrightFactory.java:144)
at genericFunctions.BaseElement.hover(BaseElement.java:145)
at genericFunctions.Dropdown.hover(Dropdown.java:33)
at pages.StudentSubsidiaryPage.AdjustSubTransaction(StudentSubsidiaryPage.java:193)
at Stepdefinitions.StudentSteps3.subsidiary_ledger_adjust_transcation(StudentSteps3.java:191)
at java.base/jdk.internal.reflect.NativeMethodAccessorImpl.invoke0(Native Method)
at java.base/jdk.internal.reflect.NativeMethodAccessorImpl.invoke(NativeMethodAccessorImpl.java:77)
at java.base/jdk.internal.reflect.DelegatingMethodAccessorImpl.invoke(DelegatingMethodAccessorImpl.java:43)
at java.base/java.lang.reflect.Method.invoke(Method.java:568)
at io.cucumber.java.Invoker.doInvoke(Invoker.java:66)
at io.cucumber.java.Invoker.invoke(Invoker.java:24)
at io.cucumber.java.AbstractGlueDefinition.invokeMethod(AbstractGlueDefinition.java:47)
at io.cucumber.java.JavaStepDefinition.execute(JavaStepDefinition.java:29)
at io.cucumber.core.runner.CoreStepDefinition.execute(CoreStepDefinition.java:66)
at io.cucumber.core.runner.PickleStepDefinitionMatch.runStep(PickleStepDefinitionMatch.java:63)
at io.cucumber.core.runner.ExecutionMode$1.execute(ExecutionMode.java:10)
at io.cucumber.core.runner.TestStep.executeStep(TestStep.java:92)
at io.cucumber.core.runner.TestStep.run(TestStep.java:64)
at io.cucumber.core.runner.PickleStepTestStep.run(PickleStepTestStep.java:51)
at io.cucumber.core.runner.TestCase.run(TestCase.java:104)
at io.cucumber.core.runner.Runner.runPickle(Runner.java:71)
at io.cucumber.testng.TestNGCucumberRunner.lambda$runScenario$0(TestNGCucumberRunner.java:116)
at io.cucumber.core.runtime.CucumberExecutionContext.runTestCase(CucumberExecutionContext.java:117)
at io.cucumber.testng.TestNGCucumberRunner.runScenario(TestNGCucumberRunner.java:113)
at io.cucumber.testng.AbstractTestNGCucumberTests.runScenario(AbstractTestNGCucumberTests.java:31)
at java.base/jdk.internal.reflect.NativeMethodAccessorImpl.invoke0(Native Method)
at java.base/jdk.internal.reflect.NativeMethodAccessorImpl.invoke(NativeMethodAccessorImpl.java:77)
at java.base/jdk.internal.reflect.DelegatingMethodAccessorImpl.invoke(DelegatingMethodAccessorImpl.java:43)
at java.base/java.lang.reflect.Method.invoke(Method.java:568)
at org.testng.internal.MethodInvocationHelper.invokeMethod(MethodInvocationHelper.java:133)
at org.testng.internal.TestInvoker.invokeMethod(TestInvoker.java:598)
at org.testng.internal.TestInvoker.invokeTestMethod(TestInvoker.java:173)
at org.testng.internal.MethodRunner.runInSequence(MethodRunner.java:46)
at org.testng.internal.TestInvoker$MethodInvocationAgent.invoke(TestInvoker.java:824)
at org.testng.internal.TestInvoker.invokeTestMethods(TestInvoker.java:146)
at org.testng.internal.TestMethodWorker.invokeTestMethods(TestMethodWorker.java:146)
at org.testng.internal.TestMethodWorker.run(TestMethodWorker.java:128)
at java.base/java.util.concurrent.ThreadPoolExecutor.runWorker(ThreadPoolExecutor.java:1136)
at java.base/java.util.concurrent.ThreadPoolExecutor$Worker.run(ThreadPoolExecutor.java:635)
at java.base/java.lang.Thread.run(Thread.java:833)
Caused by: com.microsoft.playwright.impl.DriverException: Error {
  message='Target page, context or browser has been closed
  name='Error
  stack='Error: Target page, context or browser has been closed
    at DispatcherConnection.dispatch (C:\Users\SnehaV\AppData\Local\Temp\playwright-java-9757338667227740489\package\lib\server\dispatchers\dispatcher.js:226:49)
    at transport.onmessage (C:\Users\SnehaV\AppData\Local\Temp\playwright-java-9757338667227740489\package\lib\cli\driver.js:52:57)
    at Immediate._onImmediate (C:\Users\SnehaV\AppData\Local\Temp\playwright-java-9757338667227740489\package\lib\protocol\transport.js:77:34)
    at process.processImmediate (node:internal/timers:476:21)
}
at com.microsoft.playwright.impl.Connection.dispatch(Connection.java:226)
at com.microsoft.playwright.impl.Connection.processOneMessage(Connection.java:206)
at com.microsoft.playwright.impl.ChannelOwner.runUntil(ChannelOwner.java:109)
... 47 more
 expected [true] but found [false]
at org.testng.Assert.fail(Assert.java:99)
at org.testng.Assert.failNotEquals(Assert.java:1037)
at org.testng.Assert.assertTrue(Assert.java:45)
at Stepdefinitions.StudentSteps3.subsidiary_ledger_adjust_transcation(StudentSteps3.java:196)
at ✽.subsidiary ledger Adjust transcation"1"(file:///C:/Users/SnehaV/Playrepo/PlayWrightBDD/src/test/resources/features/StudentTestCases3.feature:89)
]]>
    </failure>
  </testcase> <!-- runScenario -->
  <system-out/>
  <testcase classname="runner.StudentTestRunner3" name="runScenario" time="130.630">
    <failure message="expected:&lt;Cancelled (Closed)&gt; but was:&lt;Pending&gt;" type="java.lang.AssertionError">
      <![CDATA[java.lang.AssertionError: expected:<Cancelled (Closed)> but was:<Pending>
at org.testng.AssertJUnit.assertEquals(AssertJUnit.java:115)
at org.testng.AssertJUnit.assertEquals(AssertJUnit.java:125)
at pages.StudentMainPage.confromPendingTaskForStudent(StudentMainPage.java:184)
at Stepdefinitions.StudentSteps3.confrom_pending_task_exist_in_contactmanager_for_student(StudentSteps3.java:80)
at ✽.confrom pending task exist in contactmanager for student"1"(file:///C:/Users/SnehaV/Playrepo/PlayWrightBDD/src/test/resources/features/StudentTestCases3.feature:23)
]]>
    </failure>
  </testcase> <!-- runScenario -->
  <system-out/>
</testsuite> <!-- runner.StudentTestRunner3 -->
